CRITICAL - 2022-02-15 16:09:43 --> Undefined property: stdClass::$apellido
#0 /Applications/MAMP/htdocs/uabc/app/Controllers/Users.php(107): CodeIgniter\Debug\Exceptions->errorHandler(2, 'Undefined prope...', '/Applications/M...', 107)
#1 /Applications/MAMP/htdocs/uabc/system/CodeIgniter.php(824): App\Controllers\Users->crear_usuario_jugador()
#2 /Applications/MAMP/htdocs/uabc/system/CodeIgniter.php(410): CodeIgniter\CodeIgniter->runController(Object(App\Controllers\Users))
#3 /Applications/MAMP/htdocs/uabc/system/CodeIgniter.php(318): CodeIgniter\CodeIgniter->handleRequest(NULL, Object(Config\Cache), false)
#4 /Applications/MAMP/htdocs/uabc/public/index.php(37): CodeIgniter\CodeIgniter->run()
#5 {main}
CRITICAL - 2022-02-15 16:11:24 --> Undefined property: stdClass::$apellido
#0 /Applications/MAMP/htdocs/uabc/app/Controllers/Users.php(107): CodeIgniter\Debug\Exceptions->errorHandler(2, 'Undefined prope...', '/Applications/M...', 107)
#1 /Applications/MAMP/htdocs/uabc/system/CodeIgniter.php(824): App\Controllers\Users->crear_usuario_jugador()
#2 /Applications/MAMP/htdocs/uabc/system/CodeIgniter.php(410): CodeIgniter\CodeIgniter->runController(Object(App\Controllers\Users))
#3 /Applications/MAMP/htdocs/uabc/system/CodeIgniter.php(318): CodeIgniter\CodeIgniter->handleRequest(NULL, Object(Config\Cache), false)
#4 /Applications/MAMP/htdocs/uabc/public/index.php(37): CodeIgniter\CodeIgniter->run()
#5 {main}
ERROR - 2022-02-15 16:50:27 --> Unknown column 'motivo' in 'field list'
ERROR - 2022-02-15 16:52:56 --> Unknown column 'motivo' in 'field list'
ERROR - 2022-02-15 17:03:21 --> Column 'idEquipo' in where clause is ambiguous
ERROR - 2022-02-15 17:03:26 --> Column 'idEquipo' in where clause is ambiguous
ERROR - 2022-02-15 17:22:23 --> Duplicate entry '1-3' for key 'PRIMARY'
ERROR - 2022-02-15 17:22:35 --> Column 'idEquipo' in where clause is ambiguous
CRITICAL - 2022-02-15 17:22:36 --> Object of class stdClass could not be converted to string
#0 /Applications/MAMP/htdocs/uabc/system/Database/Query.php(330): strtr('UPDATE `EquipoP...', Array)
#1 /Applications/MAMP/htdocs/uabc/system/Database/Query.php(304): CodeIgniter\Database\Query->matchNamedBinds('UPDATE `EquipoP...', Array)
#2 /Applications/MAMP/htdocs/uabc/system/Database/Query.php(150): CodeIgniter\Database\Query->compileBinds()
#3 /Applications/MAMP/htdocs/uabc/system/Database/BaseConnection.php(598): CodeIgniter\Database\Query->getQuery()
#4 /Applications/MAMP/htdocs/uabc/system/Database/BaseBuilder.php(1901): CodeIgniter\Database\BaseConnection->query('UPDATE `EquipoP...', Array, false)
#5 /Applications/MAMP/htdocs/uabc/app/Models/JugadoresModel.php(164): CodeIgniter\Database\BaseBuilder->update(Array)
#6 /Applications/MAMP/htdocs/uabc/app/Controllers/Users.php(154): App\Models\JugadoresModel->updateTeamPlayer(Object(stdClass), '1', 1)
#7 /Applications/MAMP/htdocs/uabc/system/CodeIgniter.php(824): App\Controllers\Users->agregarJugadorEquipo()
#8 /Applications/MAMP/htdocs/uabc/system/CodeIgniter.php(410): CodeIgniter\CodeIgniter->runController(Object(App\Controllers\Users))
#9 /Applications/MAMP/htdocs/uabc/system/CodeIgniter.php(318): CodeIgniter\CodeIgniter->handleRequest(NULL, Object(Config\Cache), false)
#10 /Applications/MAMP/htdocs/uabc/public/index.php(37): CodeIgniter\CodeIgniter->run()
#11 {main}
CRITICAL - 2022-02-15 17:29:18 --> Object of class stdClass could not be converted to string
#0 /Applications/MAMP/htdocs/uabc/system/Database/Query.php(330): strtr('UPDATE `EquipoP...', Array)
#1 /Applications/MAMP/htdocs/uabc/system/Database/Query.php(304): CodeIgniter\Database\Query->matchNamedBinds('UPDATE `EquipoP...', Array)
#2 /Applications/MAMP/htdocs/uabc/system/Database/Query.php(150): CodeIgniter\Database\Query->compileBinds()
#3 /Applications/MAMP/htdocs/uabc/system/Database/BaseConnection.php(598): CodeIgniter\Database\Query->getQuery()
#4 /Applications/MAMP/htdocs/uabc/system/Database/BaseBuilder.php(1901): CodeIgniter\Database\BaseConnection->query('UPDATE `EquipoP...', Array, false)
#5 /Applications/MAMP/htdocs/uabc/app/Models/JugadoresModel.php(166): CodeIgniter\Database\BaseBuilder->update(Array)
#6 /Applications/MAMP/htdocs/uabc/app/Controllers/Users.php(152): App\Models\JugadoresModel->updateTeamPlayer(Object(stdClass), '1', 1)
#7 /Applications/MAMP/htdocs/uabc/system/CodeIgniter.php(824): App\Controllers\Users->agregarJugadorEquipo()
#8 /Applications/MAMP/htdocs/uabc/system/CodeIgniter.php(410): CodeIgniter\CodeIgniter->runController(Object(App\Controllers\Users))
#9 /Applications/MAMP/htdocs/uabc/system/CodeIgniter.php(318): CodeIgniter\CodeIgniter->handleRequest(NULL, Object(Config\Cache), false)
#10 /Applications/MAMP/htdocs/uabc/public/index.php(37): CodeIgniter\CodeIgniter->run()
#11 {main}
ERROR - 2022-02-15 17:29:30 --> Column 'idEquipo' in where clause is ambiguous
CRITICAL - 2022-02-15 17:29:33 --> Object of class stdClass could not be converted to string
#0 /Applications/MAMP/htdocs/uabc/system/Database/Query.php(330): strtr('UPDATE `EquipoP...', Array)
#1 /Applications/MAMP/htdocs/uabc/system/Database/Query.php(304): CodeIgniter\Database\Query->matchNamedBinds('UPDATE `EquipoP...', Array)
#2 /Applications/MAMP/htdocs/uabc/system/Database/Query.php(150): CodeIgniter\Database\Query->compileBinds()
#3 /Applications/MAMP/htdocs/uabc/system/Database/BaseConnection.php(598): CodeIgniter\Database\Query->getQuery()
#4 /Applications/MAMP/htdocs/uabc/system/Database/BaseBuilder.php(1901): CodeIgniter\Database\BaseConnection->query('UPDATE `EquipoP...', Array, false)
#5 /Applications/MAMP/htdocs/uabc/app/Models/JugadoresModel.php(166): CodeIgniter\Database\BaseBuilder->update(Array)
#6 /Applications/MAMP/htdocs/uabc/app/Controllers/Users.php(152): App\Models\JugadoresModel->updateTeamPlayer(Object(stdClass), '1', 1)
#7 /Applications/MAMP/htdocs/uabc/system/CodeIgniter.php(824): App\Controllers\Users->agregarJugadorEquipo()
#8 /Applications/MAMP/htdocs/uabc/system/CodeIgniter.php(410): CodeIgniter\CodeIgniter->runController(Object(App\Controllers\Users))
#9 /Applications/MAMP/htdocs/uabc/system/CodeIgniter.php(318): CodeIgniter\CodeIgniter->handleRequest(NULL, Object(Config\Cache), false)
#10 /Applications/MAMP/htdocs/uabc/public/index.php(37): CodeIgniter\CodeIgniter->run()
#11 {main}
CRITICAL - 2022-02-15 17:30:36 --> Object of class stdClass could not be converted to string
#0 /Applications/MAMP/htdocs/uabc/system/Database/Query.php(330): strtr('UPDATE `EquipoP...', Array)
#1 /Applications/MAMP/htdocs/uabc/system/Database/Query.php(304): CodeIgniter\Database\Query->matchNamedBinds('UPDATE `EquipoP...', Array)
#2 /Applications/MAMP/htdocs/uabc/system/Database/Query.php(150): CodeIgniter\Database\Query->compileBinds()
#3 /Applications/MAMP/htdocs/uabc/system/Database/BaseConnection.php(598): CodeIgniter\Database\Query->getQuery()
#4 /Applications/MAMP/htdocs/uabc/system/Database/BaseBuilder.php(1901): CodeIgniter\Database\BaseConnection->query('UPDATE `EquipoP...', Array, false)
#5 /Applications/MAMP/htdocs/uabc/app/Models/JugadoresModel.php(166): CodeIgniter\Database\BaseBuilder->update(Array)
#6 /Applications/MAMP/htdocs/uabc/app/Controllers/Users.php(154): App\Models\JugadoresModel->updateTeamPlayer(Object(stdClass), '1', 1)
#7 /Applications/MAMP/htdocs/uabc/system/CodeIgniter.php(824): App\Controllers\Users->agregarJugadorEquipo()
#8 /Applications/MAMP/htdocs/uabc/system/CodeIgniter.php(410): CodeIgniter\CodeIgniter->runController(Object(App\Controllers\Users))
#9 /Applications/MAMP/htdocs/uabc/system/CodeIgniter.php(318): CodeIgniter\CodeIgniter->handleRequest(NULL, Object(Config\Cache), false)
#10 /Applications/MAMP/htdocs/uabc/public/index.php(37): CodeIgniter\CodeIgniter->run()
#11 {main}
CRITICAL - 2022-02-15 17:32:24 --> Object of class stdClass could not be converted to string
#0 /Applications/MAMP/htdocs/uabc/system/Database/Query.php(330): strtr('UPDATE `EquipoP...', Array)
#1 /Applications/MAMP/htdocs/uabc/system/Database/Query.php(304): CodeIgniter\Database\Query->matchNamedBinds('UPDATE `EquipoP...', Array)
#2 /Applications/MAMP/htdocs/uabc/system/Database/Query.php(150): CodeIgniter\Database\Query->compileBinds()
#3 /Applications/MAMP/htdocs/uabc/system/Database/BaseConnection.php(598): CodeIgniter\Database\Query->getQuery()
#4 /Applications/MAMP/htdocs/uabc/system/Database/BaseBuilder.php(1901): CodeIgniter\Database\BaseConnection->query('UPDATE `EquipoP...', Array, false)
#5 /Applications/MAMP/htdocs/uabc/app/Models/JugadoresModel.php(166): CodeIgniter\Database\BaseBuilder->update(Array)
#6 /Applications/MAMP/htdocs/uabc/app/Controllers/Users.php(154): App\Models\JugadoresModel->updateTeamPlayer(Object(stdClass), '1', 1)
#7 /Applications/MAMP/htdocs/uabc/system/CodeIgniter.php(824): App\Controllers\Users->agregarJugadorEquipo()
#8 /Applications/MAMP/htdocs/uabc/system/CodeIgniter.php(410): CodeIgniter\CodeIgniter->runController(Object(App\Controllers\Users))
#9 /Applications/MAMP/htdocs/uabc/system/CodeIgniter.php(318): CodeIgniter\CodeIgniter->handleRequest(NULL, Object(Config\Cache), false)
#10 /Applications/MAMP/htdocs/uabc/public/index.php(37): CodeIgniter\CodeIgniter->run()
#11 {main}
CRITICAL - 2022-02-15 17:33:32 --> Object of class stdClass could not be converted to string
#0 /Applications/MAMP/htdocs/uabc/system/Database/Query.php(330): strtr('UPDATE `EquipoP...', Array)
#1 /Applications/MAMP/htdocs/uabc/system/Database/Query.php(304): CodeIgniter\Database\Query->matchNamedBinds('UPDATE `EquipoP...', Array)
#2 /Applications/MAMP/htdocs/uabc/system/Database/Query.php(150): CodeIgniter\Database\Query->compileBinds()
#3 /Applications/MAMP/htdocs/uabc/system/Database/BaseConnection.php(598): CodeIgniter\Database\Query->getQuery()
#4 /Applications/MAMP/htdocs/uabc/system/Database/BaseBuilder.php(1901): CodeIgniter\Database\BaseConnection->query('UPDATE `EquipoP...', Array, false)
#5 /Applications/MAMP/htdocs/uabc/app/Models/JugadoresModel.php(167): CodeIgniter\Database\BaseBuilder->update(Array)
#6 /Applications/MAMP/htdocs/uabc/app/Controllers/Users.php(154): App\Models\JugadoresModel->updateTeamPlayer(Object(stdClass), '1', 1)
#7 /Applications/MAMP/htdocs/uabc/system/CodeIgniter.php(824): App\Controllers\Users->agregarJugadorEquipo()
#8 /Applications/MAMP/htdocs/uabc/system/CodeIgniter.php(410): CodeIgniter\CodeIgniter->runController(Object(App\Controllers\Users))
#9 /Applications/MAMP/htdocs/uabc/system/CodeIgniter.php(318): CodeIgniter\CodeIgniter->handleRequest(NULL, Object(Config\Cache), false)
#10 /Applications/MAMP/htdocs/uabc/public/index.php(37): CodeIgniter\CodeIgniter->run()
#11 {main}
ERROR - 2022-02-15 17:34:48 --> Column 'idEquipo' in where clause is ambiguous
ERROR - 2022-02-15 17:35:37 --> Column 'idEquipo' in where clause is ambiguous
ERROR - 2022-02-15 17:35:43 --> Column 'idEquipo' in where clause is ambiguous
ERROR - 2022-02-15 17:36:01 --> Column 'idEquipo' in where clause is ambiguous
ERROR - 2022-02-15 17:36:05 --> Column 'idEquipo' in where clause is ambiguous
ERROR - 2022-02-15 17:36:38 --> Column 'idEquipo' in where clause is ambiguous
ERROR - 2022-02-15 17:42:20 --> Column 'idEquipo' in where clause is ambiguous
ERROR - 2022-02-15 17:48:20 --> Column 'idEquipo' in where clause is ambiguous
ERROR - 2022-02-15 17:49:54 --> Column 'idEquipo' in where clause is ambiguous
ERROR - 2022-02-15 17:52:54 --> Column 'idEquipo' in where clause is ambiguous
ERROR - 2022-02-15 17:55:36 --> Column 'idEquipo' in where clause is ambiguous
ERROR - 2022-02-15 17:55:50 --> Column 'idEquipo' in where clause is ambiguous
ERROR - 2022-02-15 18:19:41 --> Column 'idEquipo' in where clause is ambiguous
ERROR - 2022-02-15 18:19:41 --> Column 'idEquipo' in where clause is ambiguous
ERROR - 2022-02-15 18:20:36 --> Column 'idEquipo' in where clause is ambiguous
ERROR - 2022-02-15 18:20:46 --> Column 'idEquipo' in where clause is ambiguous
ERROR - 2022-02-15 18:20:46 --> Duplicate entry '2-3' for key 'PRIMARY'
ERROR - 2022-02-15 18:20:48 --> Column 'idEquipo' in where clause is ambiguous
ERROR - 2022-02-15 18:20:48 --> Duplicate entry '2-3' for key 'PRIMARY'
ERROR - 2022-02-15 18:21:40 --> Column 'idEquipo' in where clause is ambiguous
ERROR - 2022-02-15 18:21:40 --> Duplicate entry '2-3' for key 'PRIMARY'
ERROR - 2022-02-15 18:22:26 --> Column 'idEquipo' in where clause is ambiguous
ERROR - 2022-02-15 18:22:26 --> Column 'idEquipo' in where clause is ambiguous
ERROR - 2022-02-15 18:22:26 --> Duplicate entry '2-3' for key 'PRIMARY'
