CRITICAL - 2021-11-26 12:30:41 --> Class "App\Models\ClientesModel" not found
#0 /opt/lampp/htdocs/mona_fitness/system/CodeIgniter.php(824): App\Controllers\Client->saveNewClient()
#1 /opt/lampp/htdocs/mona_fitness/system/CodeIgniter.php(410): CodeIgniter\CodeIgniter->runController(Object(App\Controllers\Client))
#2 /opt/lampp/htdocs/mona_fitness/system/CodeIgniter.php(318): CodeIgniter\CodeIgniter->handleRequest(NULL, Object(Config\Cache), false)
#3 /opt/lampp/htdocs/mona_fitness/public/index.php(37): CodeIgniter\CodeIgniter->run()
#4 {main}
CRITICAL - 2021-11-26 12:31:08 --> Class "App\Models\ClientesModel" not found
#0 /opt/lampp/htdocs/mona_fitness/system/CodeIgniter.php(824): App\Controllers\Client->saveNewClient()
#1 /opt/lampp/htdocs/mona_fitness/system/CodeIgniter.php(410): CodeIgniter\CodeIgniter->runController(Object(App\Controllers\Client))
#2 /opt/lampp/htdocs/mona_fitness/system/CodeIgniter.php(318): CodeIgniter\CodeIgniter->handleRequest(NULL, Object(Config\Cache), false)
#3 /opt/lampp/htdocs/mona_fitness/public/index.php(37): CodeIgniter\CodeIgniter->run()
#4 {main}
CRITICAL - 2021-11-26 12:44:58 --> You must set the database table to be used with your query.
#0 /opt/lampp/htdocs/mona_fitness/system/Model.php(545): CodeIgniter\Database\BaseConnection->table(NULL)
#1 /opt/lampp/htdocs/mona_fitness/system/Model.php(717): CodeIgniter\Model->builder()
#2 /opt/lampp/htdocs/mona_fitness/app/Controllers/Client.php(35): CodeIgniter\Model->__call('saveCliente', Array)
#3 /opt/lampp/htdocs/mona_fitness/system/CodeIgniter.php(824): App\Controllers\Client->saveNewClient()
#4 /opt/lampp/htdocs/mona_fitness/system/CodeIgniter.php(410): CodeIgniter\CodeIgniter->runController(Object(App\Controllers\Client))
#5 /opt/lampp/htdocs/mona_fitness/system/CodeIgniter.php(318): CodeIgniter\CodeIgniter->handleRequest(NULL, Object(Config\Cache), false)
#6 /opt/lampp/htdocs/mona_fitness/public/index.php(37): CodeIgniter\CodeIgniter->run()
#7 {main}
CRITICAL - 2021-11-26 12:45:12 --> You must set the database table to be used with your query.
#0 /opt/lampp/htdocs/mona_fitness/system/Model.php(545): CodeIgniter\Database\BaseConnection->table(NULL)
#1 /opt/lampp/htdocs/mona_fitness/system/Model.php(717): CodeIgniter\Model->builder()
#2 /opt/lampp/htdocs/mona_fitness/app/Controllers/Client.php(35): CodeIgniter\Model->__call('saveCliente', Array)
#3 /opt/lampp/htdocs/mona_fitness/system/CodeIgniter.php(824): App\Controllers\Client->saveNewClient()
#4 /opt/lampp/htdocs/mona_fitness/system/CodeIgniter.php(410): CodeIgniter\CodeIgniter->runController(Object(App\Controllers\Client))
#5 /opt/lampp/htdocs/mona_fitness/system/CodeIgniter.php(318): CodeIgniter\CodeIgniter->handleRequest(NULL, Object(Config\Cache), false)
#6 /opt/lampp/htdocs/mona_fitness/public/index.php(37): CodeIgniter\CodeIgniter->run()
#7 {main}
CRITICAL - 2021-11-26 12:46:56 --> You must set the database table to be used with your query.
#0 /opt/lampp/htdocs/mona_fitness/system/Model.php(545): CodeIgniter\Database\BaseConnection->table(NULL)
#1 /opt/lampp/htdocs/mona_fitness/system/Model.php(717): CodeIgniter\Model->builder()
#2 /opt/lampp/htdocs/mona_fitness/app/Controllers/Client.php(35): CodeIgniter\Model->__call('saveCliente', Array)
#3 /opt/lampp/htdocs/mona_fitness/system/CodeIgniter.php(824): App\Controllers\Client->saveNewClient()
#4 /opt/lampp/htdocs/mona_fitness/system/CodeIgniter.php(410): CodeIgniter\CodeIgniter->runController(Object(App\Controllers\Client))
#5 /opt/lampp/htdocs/mona_fitness/system/CodeIgniter.php(318): CodeIgniter\CodeIgniter->handleRequest(NULL, Object(Config\Cache), false)
#6 /opt/lampp/htdocs/mona_fitness/public/index.php(37): CodeIgniter\CodeIgniter->run()
#7 {main}
CRITICAL - 2021-11-26 12:52:49 --> You must set the database table to be used with your query.
#0 /opt/lampp/htdocs/mona_fitness/system/Model.php(545): CodeIgniter\Database\BaseConnection->table(NULL)
#1 /opt/lampp/htdocs/mona_fitness/system/Model.php(717): CodeIgniter\Model->builder()
#2 /opt/lampp/htdocs/mona_fitness/app/Controllers/Client.php(35): CodeIgniter\Model->__call('saveCliente', Array)
#3 /opt/lampp/htdocs/mona_fitness/system/CodeIgniter.php(824): App\Controllers\Client->saveNewClient()
#4 /opt/lampp/htdocs/mona_fitness/system/CodeIgniter.php(410): CodeIgniter\CodeIgniter->runController(Object(App\Controllers\Client))
#5 /opt/lampp/htdocs/mona_fitness/system/CodeIgniter.php(318): CodeIgniter\CodeIgniter->handleRequest(NULL, Object(Config\Cache), false)
#6 /opt/lampp/htdocs/mona_fitness/public/index.php(37): CodeIgniter\CodeIgniter->run()
#7 {main}
CRITICAL - 2021-11-26 13:27:14 --> You must set the database table to be used with your query.
#0 /opt/lampp/htdocs/mona_fitness/system/Model.php(545): CodeIgniter\Database\BaseConnection->table(NULL)
#1 /opt/lampp/htdocs/mona_fitness/system/Model.php(717): CodeIgniter\Model->builder()
#2 /opt/lampp/htdocs/mona_fitness/app/Controllers/Client.php(38): CodeIgniter\Model->__call('saveCliente', Array)
#3 /opt/lampp/htdocs/mona_fitness/system/CodeIgniter.php(824): App\Controllers\Client->saveNewClient()
#4 /opt/lampp/htdocs/mona_fitness/system/CodeIgniter.php(410): CodeIgniter\CodeIgniter->runController(Object(App\Controllers\Client))
#5 /opt/lampp/htdocs/mona_fitness/system/CodeIgniter.php(318): CodeIgniter\CodeIgniter->handleRequest(NULL, Object(Config\Cache), false)
#6 /opt/lampp/htdocs/mona_fitness/public/index.php(37): CodeIgniter\CodeIgniter->run()
#7 {main}
CRITICAL - 2021-11-26 13:27:45 --> You must set the database table to be used with your query.
#0 /opt/lampp/htdocs/mona_fitness/system/Model.php(545): CodeIgniter\Database\BaseConnection->table(NULL)
#1 /opt/lampp/htdocs/mona_fitness/system/Model.php(717): CodeIgniter\Model->builder()
#2 /opt/lampp/htdocs/mona_fitness/app/Controllers/Client.php(38): CodeIgniter\Model->__call('saveCliente', Array)
#3 /opt/lampp/htdocs/mona_fitness/system/CodeIgniter.php(824): App\Controllers\Client->saveNewClient()
#4 /opt/lampp/htdocs/mona_fitness/system/CodeIgniter.php(410): CodeIgniter\CodeIgniter->runController(Object(App\Controllers\Client))
#5 /opt/lampp/htdocs/mona_fitness/system/CodeIgniter.php(318): CodeIgniter\CodeIgniter->handleRequest(NULL, Object(Config\Cache), false)
#6 /opt/lampp/htdocs/mona_fitness/public/index.php(37): CodeIgniter\CodeIgniter->run()
#7 {main}
CRITICAL - 2021-11-26 13:28:16 --> You must set the database table to be used with your query.
#0 /opt/lampp/htdocs/mona_fitness/system/Model.php(545): CodeIgniter\Database\BaseConnection->table(NULL)
#1 /opt/lampp/htdocs/mona_fitness/system/Model.php(717): CodeIgniter\Model->builder()
#2 /opt/lampp/htdocs/mona_fitness/app/Controllers/Client.php(38): CodeIgniter\Model->__call('saveCliente', Array)
#3 /opt/lampp/htdocs/mona_fitness/system/CodeIgniter.php(824): App\Controllers\Client->saveNewClient()
#4 /opt/lampp/htdocs/mona_fitness/system/CodeIgniter.php(410): CodeIgniter\CodeIgniter->runController(Object(App\Controllers\Client))
#5 /opt/lampp/htdocs/mona_fitness/system/CodeIgniter.php(318): CodeIgniter\CodeIgniter->handleRequest(NULL, Object(Config\Cache), false)
#6 /opt/lampp/htdocs/mona_fitness/public/index.php(37): CodeIgniter\CodeIgniter->run()
#7 {main}
ERROR - 2021-11-26 13:31:51 --> Cannot add or update a child row: a foreign key constraint fails (`mona_fitness`.`Membership`, CONSTRAINT `fk_Membership_Class1` FOREIGN KEY (`idClass`) REFERENCES `Class` (`idClass`) ON DELETE NO ACTION ON UPDATE NO ACTION)
CRITICAL - 2021-11-26 13:31:51 --> Cannot add or update a child row: a foreign key constraint fails (`mona_fitness`.`Membership`, CONSTRAINT `fk_Membership_Class1` FOREIGN KEY (`idClass`) REFERENCES `Class` (`idClass`) ON DELETE NO ACTION ON UPDATE NO ACTION)
#0 /opt/lampp/htdocs/mona_fitness/system/Database/MySQLi/Connection.php(292): mysqli->query('INSERT INTO `Me...', 0)
#1 /opt/lampp/htdocs/mona_fitness/system/Database/BaseConnection.php(670): CodeIgniter\Database\MySQLi\Connection->execute('INSERT INTO `Me...')
#2 /opt/lampp/htdocs/mona_fitness/system/Database/BaseConnection.php(598): CodeIgniter\Database\BaseConnection->simpleQuery('INSERT INTO `Me...')
#3 /opt/lampp/htdocs/mona_fitness/system/Database/BaseBuilder.php(1759): CodeIgniter\Database\BaseConnection->query('INSERT INTO `Me...', Array, false)
#4 /opt/lampp/htdocs/mona_fitness/app/Models/ClientesModel.php(62): CodeIgniter\Database\BaseBuilder->insert(Array)
#5 /opt/lampp/htdocs/mona_fitness/app/Models/ClientesModel.php(34): App\Models\ClientesModel->addClientMembership(1, '1', '1', '1')
#6 /opt/lampp/htdocs/mona_fitness/app/Controllers/Client.php(38): App\Models\ClientesModel->saveClient(Array)
#7 /opt/lampp/htdocs/mona_fitness/system/CodeIgniter.php(824): App\Controllers\Client->saveNewClient()
#8 /opt/lampp/htdocs/mona_fitness/system/CodeIgniter.php(410): CodeIgniter\CodeIgniter->runController(Object(App\Controllers\Client))
#9 /opt/lampp/htdocs/mona_fitness/system/CodeIgniter.php(318): CodeIgniter\CodeIgniter->handleRequest(NULL, Object(Config\Cache), false)
#10 /opt/lampp/htdocs/mona_fitness/public/index.php(37): CodeIgniter\CodeIgniter->run()
#11 {main}
ERROR - 2021-11-26 13:34:59 --> Cannot add or update a child row: a foreign key constraint fails (`mona_fitness`.`Membership`, CONSTRAINT `fk_Membership_Class1` FOREIGN KEY (`idClass`) REFERENCES `Class` (`idClass`) ON DELETE NO ACTION ON UPDATE NO ACTION)
CRITICAL - 2021-11-26 13:34:59 --> Cannot add or update a child row: a foreign key constraint fails (`mona_fitness`.`Membership`, CONSTRAINT `fk_Membership_Class1` FOREIGN KEY (`idClass`) REFERENCES `Class` (`idClass`) ON DELETE NO ACTION ON UPDATE NO ACTION)
#0 /opt/lampp/htdocs/mona_fitness/system/Database/MySQLi/Connection.php(292): mysqli->query('INSERT INTO `Me...', 0)
#1 /opt/lampp/htdocs/mona_fitness/system/Database/BaseConnection.php(670): CodeIgniter\Database\MySQLi\Connection->execute('INSERT INTO `Me...')
#2 /opt/lampp/htdocs/mona_fitness/system/Database/BaseConnection.php(598): CodeIgniter\Database\BaseConnection->simpleQuery('INSERT INTO `Me...')
#3 /opt/lampp/htdocs/mona_fitness/system/Database/BaseBuilder.php(1759): CodeIgniter\Database\BaseConnection->query('INSERT INTO `Me...', Array, false)
#4 /opt/lampp/htdocs/mona_fitness/app/Models/ClientesModel.php(61): CodeIgniter\Database\BaseBuilder->insert(Array)
#5 /opt/lampp/htdocs/mona_fitness/app/Models/ClientesModel.php(33): App\Models\ClientesModel->addClientMembership(1, '1', '3', '1')
#6 /opt/lampp/htdocs/mona_fitness/app/Controllers/Client.php(38): App\Models\ClientesModel->saveClient(Array)
#7 /opt/lampp/htdocs/mona_fitness/system/CodeIgniter.php(824): App\Controllers\Client->saveNewClient()
#8 /opt/lampp/htdocs/mona_fitness/system/CodeIgniter.php(410): CodeIgniter\CodeIgniter->runController(Object(App\Controllers\Client))
#9 /opt/lampp/htdocs/mona_fitness/system/CodeIgniter.php(318): CodeIgniter\CodeIgniter->handleRequest(NULL, Object(Config\Cache), false)
#10 /opt/lampp/htdocs/mona_fitness/public/index.php(37): CodeIgniter\CodeIgniter->run()
#11 {main}
CRITICAL - 2021-11-26 13:40:49 --> Undefined property: CodeIgniter\Database\MySQLi\Builder::$resultID
#0 /opt/lampp/htdocs/mona_fitness/app/Models/ClientesModel.php(33): CodeIgniter\Debug\Exceptions->errorHandler(2, 'Undefined prope...', '/opt/lampp/htdo...', 33)
#1 /opt/lampp/htdocs/mona_fitness/app/Controllers/Client.php(38): App\Models\ClientesModel->saveClient(Array)
#2 /opt/lampp/htdocs/mona_fitness/system/CodeIgniter.php(824): App\Controllers\Client->saveNewClient()
#3 /opt/lampp/htdocs/mona_fitness/system/CodeIgniter.php(410): CodeIgniter\CodeIgniter->runController(Object(App\Controllers\Client))
#4 /opt/lampp/htdocs/mona_fitness/system/CodeIgniter.php(318): CodeIgniter\CodeIgniter->handleRequest(NULL, Object(Config\Cache), false)
#5 /opt/lampp/htdocs/mona_fitness/public/index.php(37): CodeIgniter\CodeIgniter->run()
#6 {main}
CRITICAL - 2021-11-26 13:47:50 --> Undefined property: CodeIgniter\Database\MySQLi\Builder::$resultID
#0 /opt/lampp/htdocs/mona_fitness/app/Models/ClientesModel.php(33): CodeIgniter\Debug\Exceptions->errorHandler(2, 'Undefined prope...', '/opt/lampp/htdo...', 33)
#1 /opt/lampp/htdocs/mona_fitness/app/Controllers/Client.php(38): App\Models\ClientesModel->saveClient(Array)
#2 /opt/lampp/htdocs/mona_fitness/system/CodeIgniter.php(824): App\Controllers\Client->saveNewClient()
#3 /opt/lampp/htdocs/mona_fitness/system/CodeIgniter.php(410): CodeIgniter\CodeIgniter->runController(Object(App\Controllers\Client))
#4 /opt/lampp/htdocs/mona_fitness/system/CodeIgniter.php(318): CodeIgniter\CodeIgniter->handleRequest(NULL, Object(Config\Cache), false)
#5 /opt/lampp/htdocs/mona_fitness/public/index.php(37): CodeIgniter\CodeIgniter->run()
#6 {main}
CRITICAL - 2021-11-26 13:48:55 --> Undefined property: CodeIgniter\Database\MySQLi\Builder::$resultID
#0 /opt/lampp/htdocs/mona_fitness/app/Models/ClientesModel.php(33): CodeIgniter\Debug\Exceptions->errorHandler(2, 'Undefined prope...', '/opt/lampp/htdo...', 33)
#1 /opt/lampp/htdocs/mona_fitness/app/Controllers/Client.php(38): App\Models\ClientesModel->saveClient(Array)
#2 /opt/lampp/htdocs/mona_fitness/system/CodeIgniter.php(824): App\Controllers\Client->saveNewClient()
#3 /opt/lampp/htdocs/mona_fitness/system/CodeIgniter.php(410): CodeIgniter\CodeIgniter->runController(Object(App\Controllers\Client))
#4 /opt/lampp/htdocs/mona_fitness/system/CodeIgniter.php(318): CodeIgniter\CodeIgniter->handleRequest(NULL, Object(Config\Cache), false)
#5 /opt/lampp/htdocs/mona_fitness/public/index.php(37): CodeIgniter\CodeIgniter->run()
#6 {main}
CRITICAL - 2021-11-26 14:01:12 --> Undefined property: CodeIgniter\Database\MySQLi\Builder::$resultID
#0 /opt/lampp/htdocs/mona_fitness/app/Models/ClientesModel.php(33): CodeIgniter\Debug\Exceptions->errorHandler(2, 'Undefined prope...', '/opt/lampp/htdo...', 33)
#1 /opt/lampp/htdocs/mona_fitness/app/Controllers/Client.php(38): App\Models\ClientesModel->saveClient(Array)
#2 /opt/lampp/htdocs/mona_fitness/system/CodeIgniter.php(824): App\Controllers\Client->saveNewClient()
#3 /opt/lampp/htdocs/mona_fitness/system/CodeIgniter.php(410): CodeIgniter\CodeIgniter->runController(Object(App\Controllers\Client))
#4 /opt/lampp/htdocs/mona_fitness/system/CodeIgniter.php(318): CodeIgniter\CodeIgniter->handleRequest(NULL, Object(Config\Cache), false)
#5 /opt/lampp/htdocs/mona_fitness/public/index.php(37): CodeIgniter\CodeIgniter->run()
#6 {main}
CRITICAL - 2021-11-26 14:02:12 --> Undefined property: CodeIgniter\Database\MySQLi\Builder::$resultID
#0 /opt/lampp/htdocs/mona_fitness/app/Models/ClientesModel.php(33): CodeIgniter\Debug\Exceptions->errorHandler(2, 'Undefined prope...', '/opt/lampp/htdo...', 33)
#1 /opt/lampp/htdocs/mona_fitness/app/Controllers/Client.php(38): App\Models\ClientesModel->saveClient(Array)
#2 /opt/lampp/htdocs/mona_fitness/system/CodeIgniter.php(824): App\Controllers\Client->saveNewClient()
#3 /opt/lampp/htdocs/mona_fitness/system/CodeIgniter.php(410): CodeIgniter\CodeIgniter->runController(Object(App\Controllers\Client))
#4 /opt/lampp/htdocs/mona_fitness/system/CodeIgniter.php(318): CodeIgniter\CodeIgniter->handleRequest(NULL, Object(Config\Cache), false)
#5 /opt/lampp/htdocs/mona_fitness/public/index.php(37): CodeIgniter\CodeIgniter->run()
#6 {main}
CRITICAL - 2021-11-26 14:02:35 --> Undefined property: CodeIgniter\Database\MySQLi\Builder::$resultID
#0 /opt/lampp/htdocs/mona_fitness/app/Models/ClientesModel.php(33): CodeIgniter\Debug\Exceptions->errorHandler(2, 'Undefined prope...', '/opt/lampp/htdo...', 33)
#1 /opt/lampp/htdocs/mona_fitness/app/Controllers/Client.php(38): App\Models\ClientesModel->saveClient(Array)
#2 /opt/lampp/htdocs/mona_fitness/system/CodeIgniter.php(824): App\Controllers\Client->saveNewClient()
#3 /opt/lampp/htdocs/mona_fitness/system/CodeIgniter.php(410): CodeIgniter\CodeIgniter->runController(Object(App\Controllers\Client))
#4 /opt/lampp/htdocs/mona_fitness/system/CodeIgniter.php(318): CodeIgniter\CodeIgniter->handleRequest(NULL, Object(Config\Cache), false)
#5 /opt/lampp/htdocs/mona_fitness/public/index.php(37): CodeIgniter\CodeIgniter->run()
#6 {main}
CRITICAL - 2021-11-26 16:31:09 --> Constant expression contains invalid operations
#0 [internal function]: CodeIgniter\Debug\Exceptions->shutdownHandler()
#1 {main}
CRITICAL - 2021-11-26 16:32:49 --> Constant expression contains invalid operations
#0 [internal function]: CodeIgniter\Debug\Exceptions->shutdownHandler()
#1 {main}
CRITICAL - 2021-11-26 16:43:17 --> Constant expression contains invalid operations
#0 [internal function]: CodeIgniter\Debug\Exceptions->shutdownHandler()
#1 {main}
CRITICAL - 2021-11-26 16:44:22 --> Constant expression contains invalid operations
#0 [internal function]: CodeIgniter\Debug\Exceptions->shutdownHandler()
#1 {main}
CRITICAL - 2021-11-26 16:45:25 --> Constant expression contains invalid operations
#0 [internal function]: CodeIgniter\Debug\Exceptions->shutdownHandler()
#1 {main}
CRITICAL - 2021-11-26 16:46:43 --> Constant expression contains invalid operations
#0 [internal function]: CodeIgniter\Debug\Exceptions->shutdownHandler()
#1 {main}
CRITICAL - 2021-11-26 16:48:31 --> Constant expression contains invalid operations
#0 [internal function]: CodeIgniter\Debug\Exceptions->shutdownHandler()
#1 {main}
CRITICAL - 2021-11-26 16:54:31 --> Constant expression contains invalid operations
#0 [internal function]: CodeIgniter\Debug\Exceptions->shutdownHandler()
#1 {main}
CRITICAL - 2021-11-26 16:55:51 --> Constant expression contains invalid operations
#0 [internal function]: CodeIgniter\Debug\Exceptions->shutdownHandler()
#1 {main}
CRITICAL - 2021-11-26 17:02:06 --> Constant expression contains invalid operations
#0 [internal function]: CodeIgniter\Debug\Exceptions->shutdownHandler()
#1 {main}
CRITICAL - 2021-11-26 17:03:53 --> Constant expression contains invalid operations
#0 [internal function]: CodeIgniter\Debug\Exceptions->shutdownHandler()
#1 {main}
CRITICAL - 2021-11-26 17:04:55 --> Constant expression contains invalid operations
#0 [internal function]: CodeIgniter\Debug\Exceptions->shutdownHandler()
#1 {main}
CRITICAL - 2021-11-26 17:05:18 --> Constant expression contains invalid operations
#0 [internal function]: CodeIgniter\Debug\Exceptions->shutdownHandler()
#1 {main}
CRITICAL - 2021-11-26 17:06:28 --> Constant expression contains invalid operations
#0 [internal function]: CodeIgniter\Debug\Exceptions->shutdownHandler()
#1 {main}
CRITICAL - 2021-11-26 17:09:23 --> Class "App\Models\ClientesModel" not found
#0 /opt/lampp/htdocs/mona_fitness/system/CodeIgniter.php(824): App\Controllers\Client->saveNewClient()
#1 /opt/lampp/htdocs/mona_fitness/system/CodeIgniter.php(410): CodeIgniter\CodeIgniter->runController(Object(App\Controllers\Client))
#2 /opt/lampp/htdocs/mona_fitness/system/CodeIgniter.php(318): CodeIgniter\CodeIgniter->handleRequest(NULL, Object(Config\Cache), false)
#3 /opt/lampp/htdocs/mona_fitness/public/index.php(37): CodeIgniter\CodeIgniter->run()
#4 {main}
ERROR - 2021-11-26 17:19:25 --> Cannot add or update a child row: a foreign key constraint fails (`mona_fitness`.`Membership`, CONSTRAINT `fk_Membership_Class1` FOREIGN KEY (`idClass`) REFERENCES `Class` (`idClass`) ON DELETE NO ACTION ON UPDATE NO ACTION)
ERROR - 2021-11-26 17:19:56 --> Cannot add or update a child row: a foreign key constraint fails (`mona_fitness`.`Membership`, CONSTRAINT `fk_Membership_Class1` FOREIGN KEY (`idClass`) REFERENCES `Class` (`idClass`) ON DELETE NO ACTION ON UPDATE NO ACTION)
ERROR - 2021-11-26 17:20:08 --> Cannot add or update a child row: a foreign key constraint fails (`mona_fitness`.`Membership`, CONSTRAINT `fk_Membership_Class1` FOREIGN KEY (`idClass`) REFERENCES `Class` (`idClass`) ON DELETE NO ACTION ON UPDATE NO ACTION)
