ERROR - 2022-03-11 16:44:06 --> Subquery returns more than 1 row
CRITICAL - 2022-03-11 16:44:06 --> Call to a member function getResult() on bool
#0 /Applications/MAMP/htdocs/uabc/app/Controllers/Home.php(413): App\Models\CatalogoModel->obtenerUltimosResultados('6', '10', true)
#1 /Applications/MAMP/htdocs/uabc/system/CodeIgniter.php(824): App\Controllers\Home->getResults('6', '10')
#2 /Applications/MAMP/htdocs/uabc/system/CodeIgniter.php(410): CodeIgniter\CodeIgniter->runController(Object(App\Controllers\Home))
#3 /Applications/MAMP/htdocs/uabc/system/CodeIgniter.php(318): CodeIgniter\CodeIgniter->handleRequest(NULL, Object(Config\Cache), false)
#4 /Applications/MAMP/htdocs/uabc/public/index.php(37): CodeIgniter\CodeIgniter->run()
#5 {main}
ERROR - 2022-03-11 16:44:06 --> Subquery returns more than 1 row
CRITICAL - 2022-03-11 16:44:06 --> Call to a member function getResult() on bool
#0 /Applications/MAMP/htdocs/uabc/app/Controllers/Home.php(419): App\Models\CatalogoModel->futurosJuegos('6', '10', false)
#1 /Applications/MAMP/htdocs/uabc/system/CodeIgniter.php(824): App\Controllers\Home->ultimosJuegos('6', '10')
#2 /Applications/MAMP/htdocs/uabc/system/CodeIgniter.php(410): CodeIgniter\CodeIgniter->runController(Object(App\Controllers\Home))
#3 /Applications/MAMP/htdocs/uabc/system/CodeIgniter.php(318): CodeIgniter\CodeIgniter->handleRequest(NULL, Object(Config\Cache), false)
#4 /Applications/MAMP/htdocs/uabc/public/index.php(37): CodeIgniter\CodeIgniter->run()
#5 {main}
ERROR - 2022-03-11 16:44:36 --> Subquery returns more than 1 row
CRITICAL - 2022-03-11 16:44:36 --> Call to a member function getResult() on bool
#0 /Applications/MAMP/htdocs/uabc/app/Controllers/Home.php(413): App\Models\CatalogoModel->obtenerUltimosResultados('6', '10', true)
#1 /Applications/MAMP/htdocs/uabc/system/CodeIgniter.php(824): App\Controllers\Home->getResults('6', '10')
#2 /Applications/MAMP/htdocs/uabc/system/CodeIgniter.php(410): CodeIgniter\CodeIgniter->runController(Object(App\Controllers\Home))
#3 /Applications/MAMP/htdocs/uabc/system/CodeIgniter.php(318): CodeIgniter\CodeIgniter->handleRequest(NULL, Object(Config\Cache), false)
#4 /Applications/MAMP/htdocs/uabc/public/index.php(37): CodeIgniter\CodeIgniter->run()
#5 {main}
ERROR - 2022-03-11 16:44:36 --> Subquery returns more than 1 row
CRITICAL - 2022-03-11 16:44:36 --> Call to a member function getResult() on bool
#0 /Applications/MAMP/htdocs/uabc/app/Controllers/Home.php(419): App\Models\CatalogoModel->futurosJuegos('6', '10', false)
#1 /Applications/MAMP/htdocs/uabc/system/CodeIgniter.php(824): App\Controllers\Home->ultimosJuegos('6', '10')
#2 /Applications/MAMP/htdocs/uabc/system/CodeIgniter.php(410): CodeIgniter\CodeIgniter->runController(Object(App\Controllers\Home))
#3 /Applications/MAMP/htdocs/uabc/system/CodeIgniter.php(318): CodeIgniter\CodeIgniter->handleRequest(NULL, Object(Config\Cache), false)
#4 /Applications/MAMP/htdocs/uabc/public/index.php(37): CodeIgniter\CodeIgniter->run()
#5 {main}
ERROR - 2022-03-11 16:44:48 --> Subquery returns more than 1 row
CRITICAL - 2022-03-11 16:44:48 --> Call to a member function getResult() on bool
#0 /Applications/MAMP/htdocs/uabc/app/Controllers/Home.php(419): App\Models\CatalogoModel->futurosJuegos('6', '10', false)
#1 /Applications/MAMP/htdocs/uabc/system/CodeIgniter.php(824): App\Controllers\Home->ultimosJuegos('6', '10')
#2 /Applications/MAMP/htdocs/uabc/system/CodeIgniter.php(410): CodeIgniter\CodeIgniter->runController(Object(App\Controllers\Home))
#3 /Applications/MAMP/htdocs/uabc/system/CodeIgniter.php(318): CodeIgniter\CodeIgniter->handleRequest(NULL, Object(Config\Cache), false)
#4 /Applications/MAMP/htdocs/uabc/public/index.php(37): CodeIgniter\CodeIgniter->run()
#5 {main}
ERROR - 2022-03-11 16:44:48 --> Subquery returns more than 1 row
CRITICAL - 2022-03-11 16:44:48 --> Call to a member function getResult() on bool
#0 /Applications/MAMP/htdocs/uabc/app/Controllers/Home.php(413): App\Models\CatalogoModel->obtenerUltimosResultados('6', '10', true)
#1 /Applications/MAMP/htdocs/uabc/system/CodeIgniter.php(824): App\Controllers\Home->getResults('6', '10')
#2 /Applications/MAMP/htdocs/uabc/system/CodeIgniter.php(410): CodeIgniter\CodeIgniter->runController(Object(App\Controllers\Home))
#3 /Applications/MAMP/htdocs/uabc/system/CodeIgniter.php(318): CodeIgniter\CodeIgniter->handleRequest(NULL, Object(Config\Cache), false)
#4 /Applications/MAMP/htdocs/uabc/public/index.php(37): CodeIgniter\CodeIgniter->run()
#5 {main}
ERROR - 2022-03-11 17:08:22 --> You have an error in your SQL syntax; check the manual that corresponds to your MySQL server version for the right syntax to use near 'LIMIT 10' at line 1
CRITICAL - 2022-03-11 17:08:22 --> Call to a member function getResult() on bool
#0 /Applications/MAMP/htdocs/uabc/app/Controllers/Home.php(419): App\Models\CatalogoModel->futurosJuegos('6', '10', false)
#1 /Applications/MAMP/htdocs/uabc/system/CodeIgniter.php(824): App\Controllers\Home->ultimosJuegos('6', '10')
#2 /Applications/MAMP/htdocs/uabc/system/CodeIgniter.php(410): CodeIgniter\CodeIgniter->runController(Object(App\Controllers\Home))
#3 /Applications/MAMP/htdocs/uabc/system/CodeIgniter.php(318): CodeIgniter\CodeIgniter->handleRequest(NULL, Object(Config\Cache), false)
#4 /Applications/MAMP/htdocs/uabc/public/index.php(37): CodeIgniter\CodeIgniter->run()
#5 {main}
ERROR - 2022-03-11 17:08:22 --> Subquery returns more than 1 row
CRITICAL - 2022-03-11 17:08:22 --> Call to a member function getResult() on bool
#0 /Applications/MAMP/htdocs/uabc/app/Controllers/Home.php(413): App\Models\CatalogoModel->obtenerUltimosResultados('6', '10', true)
#1 /Applications/MAMP/htdocs/uabc/system/CodeIgniter.php(824): App\Controllers\Home->getResults('6', '10')
#2 /Applications/MAMP/htdocs/uabc/system/CodeIgniter.php(410): CodeIgniter\CodeIgniter->runController(Object(App\Controllers\Home))
#3 /Applications/MAMP/htdocs/uabc/system/CodeIgniter.php(318): CodeIgniter\CodeIgniter->handleRequest(NULL, Object(Config\Cache), false)
#4 /Applications/MAMP/htdocs/uabc/public/index.php(37): CodeIgniter\CodeIgniter->run()
#5 {main}
ERROR - 2022-03-11 17:08:30 --> You have an error in your SQL syntax; check the manual that corresponds to your MySQL server version for the right syntax to use near 'LIMIT 10' at line 1
CRITICAL - 2022-03-11 17:08:30 --> Call to a member function getResult() on bool
#0 /Applications/MAMP/htdocs/uabc/app/Controllers/Home.php(419): App\Models\CatalogoModel->futurosJuegos('6', '10', false)
#1 /Applications/MAMP/htdocs/uabc/system/CodeIgniter.php(824): App\Controllers\Home->ultimosJuegos('6', '10')
#2 /Applications/MAMP/htdocs/uabc/system/CodeIgniter.php(410): CodeIgniter\CodeIgniter->runController(Object(App\Controllers\Home))
#3 /Applications/MAMP/htdocs/uabc/system/CodeIgniter.php(318): CodeIgniter\CodeIgniter->handleRequest(NULL, Object(Config\Cache), false)
#4 /Applications/MAMP/htdocs/uabc/public/index.php(37): CodeIgniter\CodeIgniter->run()
#5 {main}
ERROR - 2022-03-11 17:08:30 --> Subquery returns more than 1 row
CRITICAL - 2022-03-11 17:08:30 --> Call to a member function getResult() on bool
#0 /Applications/MAMP/htdocs/uabc/app/Controllers/Home.php(413): App\Models\CatalogoModel->obtenerUltimosResultados('6', '10', true)
#1 /Applications/MAMP/htdocs/uabc/system/CodeIgniter.php(824): App\Controllers\Home->getResults('6', '10')
#2 /Applications/MAMP/htdocs/uabc/system/CodeIgniter.php(410): CodeIgniter\CodeIgniter->runController(Object(App\Controllers\Home))
#3 /Applications/MAMP/htdocs/uabc/system/CodeIgniter.php(318): CodeIgniter\CodeIgniter->handleRequest(NULL, Object(Config\Cache), false)
#4 /Applications/MAMP/htdocs/uabc/public/index.php(37): CodeIgniter\CodeIgniter->run()
#5 {main}
ERROR - 2022-03-11 17:09:20 --> You have an error in your SQL syntax; check the manual that corresponds to your MySQL server version for the right syntax to use near 'LIMIT 10' at line 1
CRITICAL - 2022-03-11 17:09:20 --> Call to a member function getResultArray() on bool
#0 /Applications/MAMP/htdocs/uabc/app/Controllers/Home.php(419): App\Models\CatalogoModel->futurosJuegos('6', '10', false)
#1 /Applications/MAMP/htdocs/uabc/system/CodeIgniter.php(824): App\Controllers\Home->ultimosJuegos('6', '10')
#2 /Applications/MAMP/htdocs/uabc/system/CodeIgniter.php(410): CodeIgniter\CodeIgniter->runController(Object(App\Controllers\Home))
#3 /Applications/MAMP/htdocs/uabc/system/CodeIgniter.php(318): CodeIgniter\CodeIgniter->handleRequest(NULL, Object(Config\Cache), false)
#4 /Applications/MAMP/htdocs/uabc/public/index.php(37): CodeIgniter\CodeIgniter->run()
#5 {main}
ERROR - 2022-03-11 17:09:20 --> Subquery returns more than 1 row
CRITICAL - 2022-03-11 17:09:20 --> Call to a member function getResult() on bool
#0 /Applications/MAMP/htdocs/uabc/app/Controllers/Home.php(413): App\Models\CatalogoModel->obtenerUltimosResultados('6', '10', true)
#1 /Applications/MAMP/htdocs/uabc/system/CodeIgniter.php(824): App\Controllers\Home->getResults('6', '10')
#2 /Applications/MAMP/htdocs/uabc/system/CodeIgniter.php(410): CodeIgniter\CodeIgniter->runController(Object(App\Controllers\Home))
#3 /Applications/MAMP/htdocs/uabc/system/CodeIgniter.php(318): CodeIgniter\CodeIgniter->handleRequest(NULL, Object(Config\Cache), false)
#4 /Applications/MAMP/htdocs/uabc/public/index.php(37): CodeIgniter\CodeIgniter->run()
#5 {main}
ERROR - 2022-03-11 17:09:43 --> Subquery returns more than 1 row
CRITICAL - 2022-03-11 17:09:43 --> Call to a member function getResult() on bool
#0 /Applications/MAMP/htdocs/uabc/app/Controllers/Home.php(413): App\Models\CatalogoModel->obtenerUltimosResultados('6', '10', true)
#1 /Applications/MAMP/htdocs/uabc/system/CodeIgniter.php(824): App\Controllers\Home->getResults('6', '10')
#2 /Applications/MAMP/htdocs/uabc/system/CodeIgniter.php(410): CodeIgniter\CodeIgniter->runController(Object(App\Controllers\Home))
#3 /Applications/MAMP/htdocs/uabc/system/CodeIgniter.php(318): CodeIgniter\CodeIgniter->handleRequest(NULL, Object(Config\Cache), false)
#4 /Applications/MAMP/htdocs/uabc/public/index.php(37): CodeIgniter\CodeIgniter->run()
#5 {main}
ERROR - 2022-03-11 17:09:43 --> You have an error in your SQL syntax; check the manual that corresponds to your MySQL server version for the right syntax to use near 'LIMIT 10' at line 1
CRITICAL - 2022-03-11 17:09:43 --> Call to a member function getResultArray() on bool
#0 /Applications/MAMP/htdocs/uabc/app/Controllers/Home.php(420): App\Models\CatalogoModel->futurosJuegos('6', '10', false)
#1 /Applications/MAMP/htdocs/uabc/system/CodeIgniter.php(824): App\Controllers\Home->ultimosJuegos('6', '10')
#2 /Applications/MAMP/htdocs/uabc/system/CodeIgniter.php(410): CodeIgniter\CodeIgniter->runController(Object(App\Controllers\Home))
#3 /Applications/MAMP/htdocs/uabc/system/CodeIgniter.php(318): CodeIgniter\CodeIgniter->handleRequest(NULL, Object(Config\Cache), false)
#4 /Applications/MAMP/htdocs/uabc/public/index.php(37): CodeIgniter\CodeIgniter->run()
#5 {main}
ERROR - 2022-03-11 17:10:10 --> Subquery returns more than 1 row
ERROR - 2022-03-11 17:10:10 --> You have an error in your SQL syntax; check the manual that corresponds to your MySQL server version for the right syntax to use near 'LIMIT 10' at line 1
CRITICAL - 2022-03-11 17:10:10 --> Call to a member function getResult() on bool
#0 /Applications/MAMP/htdocs/uabc/app/Controllers/Home.php(413): App\Models\CatalogoModel->obtenerUltimosResultados('6', '10', true)
#1 /Applications/MAMP/htdocs/uabc/system/CodeIgniter.php(824): App\Controllers\Home->getResults('6', '10')
#2 /Applications/MAMP/htdocs/uabc/system/CodeIgniter.php(410): CodeIgniter\CodeIgniter->runController(Object(App\Controllers\Home))
#3 /Applications/MAMP/htdocs/uabc/system/CodeIgniter.php(318): CodeIgniter\CodeIgniter->handleRequest(NULL, Object(Config\Cache), false)
#4 /Applications/MAMP/htdocs/uabc/public/index.php(37): CodeIgniter\CodeIgniter->run()
#5 {main}
CRITICAL - 2022-03-11 17:10:10 --> Call to a member function getResultArray() on bool
#0 /Applications/MAMP/htdocs/uabc/app/Controllers/Home.php(420): App\Models\CatalogoModel->futurosJuegos('6', '10', false)
#1 /Applications/MAMP/htdocs/uabc/system/CodeIgniter.php(824): App\Controllers\Home->ultimosJuegos('6', '10')
#2 /Applications/MAMP/htdocs/uabc/system/CodeIgniter.php(410): CodeIgniter\CodeIgniter->runController(Object(App\Controllers\Home))
#3 /Applications/MAMP/htdocs/uabc/system/CodeIgniter.php(318): CodeIgniter\CodeIgniter->handleRequest(NULL, Object(Config\Cache), false)
#4 /Applications/MAMP/htdocs/uabc/public/index.php(37): CodeIgniter\CodeIgniter->run()
#5 {main}
ERROR - 2022-03-11 17:10:43 --> You have an error in your SQL syntax; check the manual that corresponds to your MySQL server version for the right syntax to use near 'LIMIT 10' at line 1
CRITICAL - 2022-03-11 17:10:43 --> Call to a member function getResultArray() on bool
#0 /Applications/MAMP/htdocs/uabc/app/Controllers/Home.php(420): App\Models\CatalogoModel->futurosJuegos('6', '10', false)
#1 /Applications/MAMP/htdocs/uabc/system/CodeIgniter.php(824): App\Controllers\Home->ultimosJuegos('6', '10')
#2 /Applications/MAMP/htdocs/uabc/system/CodeIgniter.php(410): CodeIgniter\CodeIgniter->runController(Object(App\Controllers\Home))
#3 /Applications/MAMP/htdocs/uabc/system/CodeIgniter.php(318): CodeIgniter\CodeIgniter->handleRequest(NULL, Object(Config\Cache), false)
#4 /Applications/MAMP/htdocs/uabc/public/index.php(37): CodeIgniter\CodeIgniter->run()
#5 {main}
ERROR - 2022-03-11 17:10:43 --> Subquery returns more than 1 row
CRITICAL - 2022-03-11 17:10:43 --> Call to a member function getResult() on bool
#0 /Applications/MAMP/htdocs/uabc/app/Controllers/Home.php(413): App\Models\CatalogoModel->obtenerUltimosResultados('6', '10', true)
#1 /Applications/MAMP/htdocs/uabc/system/CodeIgniter.php(824): App\Controllers\Home->getResults('6', '10')
#2 /Applications/MAMP/htdocs/uabc/system/CodeIgniter.php(410): CodeIgniter\CodeIgniter->runController(Object(App\Controllers\Home))
#3 /Applications/MAMP/htdocs/uabc/system/CodeIgniter.php(318): CodeIgniter\CodeIgniter->handleRequest(NULL, Object(Config\Cache), false)
#4 /Applications/MAMP/htdocs/uabc/public/index.php(37): CodeIgniter\CodeIgniter->run()
#5 {main}
ERROR - 2022-03-11 17:14:18 --> Subquery returns more than 1 row
CRITICAL - 2022-03-11 17:14:18 --> Call to a member function getResult() on bool
#0 /Applications/MAMP/htdocs/uabc/app/Controllers/Home.php(413): App\Models\CatalogoModel->obtenerUltimosResultados('6', '10', true)
#1 /Applications/MAMP/htdocs/uabc/system/CodeIgniter.php(824): App\Controllers\Home->getResults('6', '10')
#2 /Applications/MAMP/htdocs/uabc/system/CodeIgniter.php(410): CodeIgniter\CodeIgniter->runController(Object(App\Controllers\Home))
#3 /Applications/MAMP/htdocs/uabc/system/CodeIgniter.php(318): CodeIgniter\CodeIgniter->handleRequest(NULL, Object(Config\Cache), false)
#4 /Applications/MAMP/htdocs/uabc/public/index.php(37): CodeIgniter\CodeIgniter->run()
#5 {main}
ERROR - 2022-03-11 17:14:37 --> Subquery returns more than 1 row
CRITICAL - 2022-03-11 17:14:37 --> Call to a member function getResult() on bool
#0 /Applications/MAMP/htdocs/uabc/app/Controllers/Home.php(413): App\Models\CatalogoModel->obtenerUltimosResultados('6', '10', true)
#1 /Applications/MAMP/htdocs/uabc/system/CodeIgniter.php(824): App\Controllers\Home->getResults('6', '10')
#2 /Applications/MAMP/htdocs/uabc/system/CodeIgniter.php(410): CodeIgniter\CodeIgniter->runController(Object(App\Controllers\Home))
#3 /Applications/MAMP/htdocs/uabc/system/CodeIgniter.php(318): CodeIgniter\CodeIgniter->handleRequest(NULL, Object(Config\Cache), false)
#4 /Applications/MAMP/htdocs/uabc/public/index.php(37): CodeIgniter\CodeIgniter->run()
#5 {main}
ERROR - 2022-03-11 17:34:27 --> Subquery returns more than 1 row
CRITICAL - 2022-03-11 17:34:27 --> Call to a member function getResult() on bool
#0 /Applications/MAMP/htdocs/uabc/app/Controllers/Home.php(413): App\Models\CatalogoModel->obtenerUltimosResultados('6', '10', true)
#1 /Applications/MAMP/htdocs/uabc/system/CodeIgniter.php(824): App\Controllers\Home->getResults('6', '10')
#2 /Applications/MAMP/htdocs/uabc/system/CodeIgniter.php(410): CodeIgniter\CodeIgniter->runController(Object(App\Controllers\Home))
#3 /Applications/MAMP/htdocs/uabc/system/CodeIgniter.php(318): CodeIgniter\CodeIgniter->handleRequest(NULL, Object(Config\Cache), false)
#4 /Applications/MAMP/htdocs/uabc/public/index.php(37): CodeIgniter\CodeIgniter->run()
#5 {main}
ERROR - 2022-03-11 17:34:33 --> Subquery returns more than 1 row
CRITICAL - 2022-03-11 17:34:33 --> Call to a member function getResult() on bool
#0 /Applications/MAMP/htdocs/uabc/app/Controllers/Home.php(413): App\Models\CatalogoModel->obtenerUltimosResultados('6', '10', true)
#1 /Applications/MAMP/htdocs/uabc/system/CodeIgniter.php(824): App\Controllers\Home->getResults('6', '10')
#2 /Applications/MAMP/htdocs/uabc/system/CodeIgniter.php(410): CodeIgniter\CodeIgniter->runController(Object(App\Controllers\Home))
#3 /Applications/MAMP/htdocs/uabc/system/CodeIgniter.php(318): CodeIgniter\CodeIgniter->handleRequest(NULL, Object(Config\Cache), false)
#4 /Applications/MAMP/htdocs/uabc/public/index.php(37): CodeIgniter\CodeIgniter->run()
#5 {main}
ERROR - 2022-03-11 17:34:52 --> Subquery returns more than 1 row
CRITICAL - 2022-03-11 17:34:52 --> Call to a member function getResult() on bool
#0 /Applications/MAMP/htdocs/uabc/app/Controllers/Home.php(413): App\Models\CatalogoModel->obtenerUltimosResultados('6', '10', true)
#1 /Applications/MAMP/htdocs/uabc/system/CodeIgniter.php(824): App\Controllers\Home->getResults('6', '10')
#2 /Applications/MAMP/htdocs/uabc/system/CodeIgniter.php(410): CodeIgniter\CodeIgniter->runController(Object(App\Controllers\Home))
#3 /Applications/MAMP/htdocs/uabc/system/CodeIgniter.php(318): CodeIgniter\CodeIgniter->handleRequest(NULL, Object(Config\Cache), false)
#4 /Applications/MAMP/htdocs/uabc/public/index.php(37): CodeIgniter\CodeIgniter->run()
#5 {main}
ERROR - 2022-03-11 17:35:48 --> Subquery returns more than 1 row
CRITICAL - 2022-03-11 17:35:48 --> Call to a member function getResult() on bool
#0 /Applications/MAMP/htdocs/uabc/app/Controllers/Home.php(413): App\Models\CatalogoModel->obtenerUltimosResultados('6', '10', true)
#1 /Applications/MAMP/htdocs/uabc/system/CodeIgniter.php(824): App\Controllers\Home->getResults('6', '10')
#2 /Applications/MAMP/htdocs/uabc/system/CodeIgniter.php(410): CodeIgniter\CodeIgniter->runController(Object(App\Controllers\Home))
#3 /Applications/MAMP/htdocs/uabc/system/CodeIgniter.php(318): CodeIgniter\CodeIgniter->handleRequest(NULL, Object(Config\Cache), false)
#4 /Applications/MAMP/htdocs/uabc/public/index.php(37): CodeIgniter\CodeIgniter->run()
#5 {main}
ERROR - 2022-03-11 17:36:11 --> Subquery returns more than 1 row
CRITICAL - 2022-03-11 17:36:11 --> Call to a member function getResult() on bool
#0 /Applications/MAMP/htdocs/uabc/app/Controllers/Home.php(413): App\Models\CatalogoModel->obtenerUltimosResultados('6', '10', true)
#1 /Applications/MAMP/htdocs/uabc/system/CodeIgniter.php(824): App\Controllers\Home->getResults('6', '10')
#2 /Applications/MAMP/htdocs/uabc/system/CodeIgniter.php(410): CodeIgniter\CodeIgniter->runController(Object(App\Controllers\Home))
#3 /Applications/MAMP/htdocs/uabc/system/CodeIgniter.php(318): CodeIgniter\CodeIgniter->handleRequest(NULL, Object(Config\Cache), false)
#4 /Applications/MAMP/htdocs/uabc/public/index.php(37): CodeIgniter\CodeIgniter->run()
#5 {main}
ERROR - 2022-03-11 17:36:57 --> Subquery returns more than 1 row
CRITICAL - 2022-03-11 17:36:57 --> Call to a member function getResult() on bool
#0 /Applications/MAMP/htdocs/uabc/app/Controllers/Home.php(413): App\Models\CatalogoModel->obtenerUltimosResultados('6', '10', true)
#1 /Applications/MAMP/htdocs/uabc/system/CodeIgniter.php(824): App\Controllers\Home->getResults('6', '10')
#2 /Applications/MAMP/htdocs/uabc/system/CodeIgniter.php(410): CodeIgniter\CodeIgniter->runController(Object(App\Controllers\Home))
#3 /Applications/MAMP/htdocs/uabc/system/CodeIgniter.php(318): CodeIgniter\CodeIgniter->handleRequest(NULL, Object(Config\Cache), false)
#4 /Applications/MAMP/htdocs/uabc/public/index.php(37): CodeIgniter\CodeIgniter->run()
#5 {main}
ERROR - 2022-03-11 17:39:49 --> Subquery returns more than 1 row
CRITICAL - 2022-03-11 17:39:49 --> Call to a member function getResult() on bool
#0 /Applications/MAMP/htdocs/uabc/app/Controllers/Home.php(413): App\Models\CatalogoModel->obtenerUltimosResultados('6', '10', true)
#1 /Applications/MAMP/htdocs/uabc/system/CodeIgniter.php(824): App\Controllers\Home->getResults('6', '10')
#2 /Applications/MAMP/htdocs/uabc/system/CodeIgniter.php(410): CodeIgniter\CodeIgniter->runController(Object(App\Controllers\Home))
#3 /Applications/MAMP/htdocs/uabc/system/CodeIgniter.php(318): CodeIgniter\CodeIgniter->handleRequest(NULL, Object(Config\Cache), false)
#4 /Applications/MAMP/htdocs/uabc/public/index.php(37): CodeIgniter\CodeIgniter->run()
#5 {main}
ERROR - 2022-03-11 17:40:38 --> Subquery returns more than 1 row
CRITICAL - 2022-03-11 17:40:38 --> Call to a member function getResult() on bool
#0 /Applications/MAMP/htdocs/uabc/app/Controllers/Home.php(413): App\Models\CatalogoModel->obtenerUltimosResultados('6', '10', true)
#1 /Applications/MAMP/htdocs/uabc/system/CodeIgniter.php(824): App\Controllers\Home->getResults('6', '10')
#2 /Applications/MAMP/htdocs/uabc/system/CodeIgniter.php(410): CodeIgniter\CodeIgniter->runController(Object(App\Controllers\Home))
#3 /Applications/MAMP/htdocs/uabc/system/CodeIgniter.php(318): CodeIgniter\CodeIgniter->handleRequest(NULL, Object(Config\Cache), false)
#4 /Applications/MAMP/htdocs/uabc/public/index.php(37): CodeIgniter\CodeIgniter->run()
#5 {main}
ERROR - 2022-03-11 17:41:03 --> Subquery returns more than 1 row
CRITICAL - 2022-03-11 17:41:03 --> Call to a member function getResult() on bool
#0 /Applications/MAMP/htdocs/uabc/app/Controllers/Home.php(413): App\Models\CatalogoModel->obtenerUltimosResultados('6', '10', true)
#1 /Applications/MAMP/htdocs/uabc/system/CodeIgniter.php(824): App\Controllers\Home->getResults('6', '10')
#2 /Applications/MAMP/htdocs/uabc/system/CodeIgniter.php(410): CodeIgniter\CodeIgniter->runController(Object(App\Controllers\Home))
#3 /Applications/MAMP/htdocs/uabc/system/CodeIgniter.php(318): CodeIgniter\CodeIgniter->handleRequest(NULL, Object(Config\Cache), false)
#4 /Applications/MAMP/htdocs/uabc/public/index.php(37): CodeIgniter\CodeIgniter->run()
#5 {main}
ERROR - 2022-03-11 17:42:12 --> Subquery returns more than 1 row
CRITICAL - 2022-03-11 17:42:12 --> Call to a member function getResult() on bool
#0 /Applications/MAMP/htdocs/uabc/app/Controllers/Home.php(413): App\Models\CatalogoModel->obtenerUltimosResultados('6', '10', true)
#1 /Applications/MAMP/htdocs/uabc/system/CodeIgniter.php(824): App\Controllers\Home->getResults('6', '10')
#2 /Applications/MAMP/htdocs/uabc/system/CodeIgniter.php(410): CodeIgniter\CodeIgniter->runController(Object(App\Controllers\Home))
#3 /Applications/MAMP/htdocs/uabc/system/CodeIgniter.php(318): CodeIgniter\CodeIgniter->handleRequest(NULL, Object(Config\Cache), false)
#4 /Applications/MAMP/htdocs/uabc/public/index.php(37): CodeIgniter\CodeIgniter->run()
#5 {main}
ERROR - 2022-03-11 17:42:35 --> Subquery returns more than 1 row
CRITICAL - 2022-03-11 17:42:35 --> Call to a member function getResult() on bool
#0 /Applications/MAMP/htdocs/uabc/app/Controllers/Home.php(413): App\Models\CatalogoModel->obtenerUltimosResultados('6', '10', true)
#1 /Applications/MAMP/htdocs/uabc/system/CodeIgniter.php(824): App\Controllers\Home->getResults('6', '10')
#2 /Applications/MAMP/htdocs/uabc/system/CodeIgniter.php(410): CodeIgniter\CodeIgniter->runController(Object(App\Controllers\Home))
#3 /Applications/MAMP/htdocs/uabc/system/CodeIgniter.php(318): CodeIgniter\CodeIgniter->handleRequest(NULL, Object(Config\Cache), false)
#4 /Applications/MAMP/htdocs/uabc/public/index.php(37): CodeIgniter\CodeIgniter->run()
#5 {main}
ERROR - 2022-03-11 17:44:12 --> Subquery returns more than 1 row
CRITICAL - 2022-03-11 17:44:12 --> Call to a member function getResult() on bool
#0 /Applications/MAMP/htdocs/uabc/app/Controllers/Home.php(413): App\Models\CatalogoModel->obtenerUltimosResultados('6', '10', true)
#1 /Applications/MAMP/htdocs/uabc/system/CodeIgniter.php(824): App\Controllers\Home->getResults('6', '10')
#2 /Applications/MAMP/htdocs/uabc/system/CodeIgniter.php(410): CodeIgniter\CodeIgniter->runController(Object(App\Controllers\Home))
#3 /Applications/MAMP/htdocs/uabc/system/CodeIgniter.php(318): CodeIgniter\CodeIgniter->handleRequest(NULL, Object(Config\Cache), false)
#4 /Applications/MAMP/htdocs/uabc/public/index.php(37): CodeIgniter\CodeIgniter->run()
#5 {main}
ERROR - 2022-03-11 17:44:30 --> Subquery returns more than 1 row
CRITICAL - 2022-03-11 17:44:30 --> Call to a member function getResult() on bool
#0 /Applications/MAMP/htdocs/uabc/app/Controllers/Home.php(413): App\Models\CatalogoModel->obtenerUltimosResultados('6', '10', true)
#1 /Applications/MAMP/htdocs/uabc/system/CodeIgniter.php(824): App\Controllers\Home->getResults('6', '10')
#2 /Applications/MAMP/htdocs/uabc/system/CodeIgniter.php(410): CodeIgniter\CodeIgniter->runController(Object(App\Controllers\Home))
#3 /Applications/MAMP/htdocs/uabc/system/CodeIgniter.php(318): CodeIgniter\CodeIgniter->handleRequest(NULL, Object(Config\Cache), false)
#4 /Applications/MAMP/htdocs/uabc/public/index.php(37): CodeIgniter\CodeIgniter->run()
#5 {main}
ERROR - 2022-03-11 17:45:01 --> Subquery returns more than 1 row
CRITICAL - 2022-03-11 17:45:01 --> Call to a member function getResult() on bool
#0 /Applications/MAMP/htdocs/uabc/app/Controllers/Home.php(413): App\Models\CatalogoModel->obtenerUltimosResultados('6', '10', true)
#1 /Applications/MAMP/htdocs/uabc/system/CodeIgniter.php(824): App\Controllers\Home->getResults('6', '10')
#2 /Applications/MAMP/htdocs/uabc/system/CodeIgniter.php(410): CodeIgniter\CodeIgniter->runController(Object(App\Controllers\Home))
#3 /Applications/MAMP/htdocs/uabc/system/CodeIgniter.php(318): CodeIgniter\CodeIgniter->handleRequest(NULL, Object(Config\Cache), false)
#4 /Applications/MAMP/htdocs/uabc/public/index.php(37): CodeIgniter\CodeIgniter->run()
#5 {main}
ERROR - 2022-03-11 17:45:21 --> Subquery returns more than 1 row
CRITICAL - 2022-03-11 17:45:21 --> Call to a member function getResult() on bool
#0 /Applications/MAMP/htdocs/uabc/app/Controllers/Home.php(413): App\Models\CatalogoModel->obtenerUltimosResultados('6', '10', true)
#1 /Applications/MAMP/htdocs/uabc/system/CodeIgniter.php(824): App\Controllers\Home->getResults('6', '10')
#2 /Applications/MAMP/htdocs/uabc/system/CodeIgniter.php(410): CodeIgniter\CodeIgniter->runController(Object(App\Controllers\Home))
#3 /Applications/MAMP/htdocs/uabc/system/CodeIgniter.php(318): CodeIgniter\CodeIgniter->handleRequest(NULL, Object(Config\Cache), false)
#4 /Applications/MAMP/htdocs/uabc/public/index.php(37): CodeIgniter\CodeIgniter->run()
#5 {main}
ERROR - 2022-03-11 17:46:04 --> Subquery returns more than 1 row
CRITICAL - 2022-03-11 17:46:04 --> Call to a member function getResult() on bool
#0 /Applications/MAMP/htdocs/uabc/app/Controllers/Home.php(413): App\Models\CatalogoModel->obtenerUltimosResultados('6', '10', true)
#1 /Applications/MAMP/htdocs/uabc/system/CodeIgniter.php(824): App\Controllers\Home->getResults('6', '10')
#2 /Applications/MAMP/htdocs/uabc/system/CodeIgniter.php(410): CodeIgniter\CodeIgniter->runController(Object(App\Controllers\Home))
#3 /Applications/MAMP/htdocs/uabc/system/CodeIgniter.php(318): CodeIgniter\CodeIgniter->handleRequest(NULL, Object(Config\Cache), false)
#4 /Applications/MAMP/htdocs/uabc/public/index.php(37): CodeIgniter\CodeIgniter->run()
#5 {main}
ERROR - 2022-03-11 17:46:27 --> Subquery returns more than 1 row
CRITICAL - 2022-03-11 17:46:27 --> Call to a member function getResult() on bool
#0 /Applications/MAMP/htdocs/uabc/app/Controllers/Home.php(413): App\Models\CatalogoModel->obtenerUltimosResultados('6', '10', true)
#1 /Applications/MAMP/htdocs/uabc/system/CodeIgniter.php(824): App\Controllers\Home->getResults('6', '10')
#2 /Applications/MAMP/htdocs/uabc/system/CodeIgniter.php(410): CodeIgniter\CodeIgniter->runController(Object(App\Controllers\Home))
#3 /Applications/MAMP/htdocs/uabc/system/CodeIgniter.php(318): CodeIgniter\CodeIgniter->handleRequest(NULL, Object(Config\Cache), false)
#4 /Applications/MAMP/htdocs/uabc/public/index.php(37): CodeIgniter\CodeIgniter->run()
#5 {main}
ERROR - 2022-03-11 17:46:57 --> Subquery returns more than 1 row
CRITICAL - 2022-03-11 17:46:57 --> Call to a member function getResult() on bool
#0 /Applications/MAMP/htdocs/uabc/app/Controllers/Home.php(413): App\Models\CatalogoModel->obtenerUltimosResultados('6', '10', true)
#1 /Applications/MAMP/htdocs/uabc/system/CodeIgniter.php(824): App\Controllers\Home->getResults('6', '10')
#2 /Applications/MAMP/htdocs/uabc/system/CodeIgniter.php(410): CodeIgniter\CodeIgniter->runController(Object(App\Controllers\Home))
#3 /Applications/MAMP/htdocs/uabc/system/CodeIgniter.php(318): CodeIgniter\CodeIgniter->handleRequest(NULL, Object(Config\Cache), false)
#4 /Applications/MAMP/htdocs/uabc/public/index.php(37): CodeIgniter\CodeIgniter->run()
#5 {main}
ERROR - 2022-03-11 17:47:35 --> Subquery returns more than 1 row
CRITICAL - 2022-03-11 17:47:35 --> Call to a member function getResult() on bool
#0 /Applications/MAMP/htdocs/uabc/app/Controllers/Home.php(413): App\Models\CatalogoModel->obtenerUltimosResultados('6', '10', true)
#1 /Applications/MAMP/htdocs/uabc/system/CodeIgniter.php(824): App\Controllers\Home->getResults('6', '10')
#2 /Applications/MAMP/htdocs/uabc/system/CodeIgniter.php(410): CodeIgniter\CodeIgniter->runController(Object(App\Controllers\Home))
#3 /Applications/MAMP/htdocs/uabc/system/CodeIgniter.php(318): CodeIgniter\CodeIgniter->handleRequest(NULL, Object(Config\Cache), false)
#4 /Applications/MAMP/htdocs/uabc/public/index.php(37): CodeIgniter\CodeIgniter->run()
#5 {main}
ERROR - 2022-03-11 17:48:19 --> Subquery returns more than 1 row
CRITICAL - 2022-03-11 17:48:19 --> Call to a member function getResult() on bool
#0 /Applications/MAMP/htdocs/uabc/app/Controllers/Home.php(413): App\Models\CatalogoModel->obtenerUltimosResultados('6', '10', true)
#1 /Applications/MAMP/htdocs/uabc/system/CodeIgniter.php(824): App\Controllers\Home->getResults('6', '10')
#2 /Applications/MAMP/htdocs/uabc/system/CodeIgniter.php(410): CodeIgniter\CodeIgniter->runController(Object(App\Controllers\Home))
#3 /Applications/MAMP/htdocs/uabc/system/CodeIgniter.php(318): CodeIgniter\CodeIgniter->handleRequest(NULL, Object(Config\Cache), false)
#4 /Applications/MAMP/htdocs/uabc/public/index.php(37): CodeIgniter\CodeIgniter->run()
#5 {main}
ERROR - 2022-03-11 17:49:09 --> Subquery returns more than 1 row
CRITICAL - 2022-03-11 17:49:09 --> Call to a member function getResult() on bool
#0 /Applications/MAMP/htdocs/uabc/app/Controllers/Home.php(413): App\Models\CatalogoModel->obtenerUltimosResultados('6', '10', true)
#1 /Applications/MAMP/htdocs/uabc/system/CodeIgniter.php(824): App\Controllers\Home->getResults('6', '10')
#2 /Applications/MAMP/htdocs/uabc/system/CodeIgniter.php(410): CodeIgniter\CodeIgniter->runController(Object(App\Controllers\Home))
#3 /Applications/MAMP/htdocs/uabc/system/CodeIgniter.php(318): CodeIgniter\CodeIgniter->handleRequest(NULL, Object(Config\Cache), false)
#4 /Applications/MAMP/htdocs/uabc/public/index.php(37): CodeIgniter\CodeIgniter->run()
#5 {main}
ERROR - 2022-03-11 17:49:43 --> Subquery returns more than 1 row
CRITICAL - 2022-03-11 17:49:43 --> Call to a member function getResult() on bool
#0 /Applications/MAMP/htdocs/uabc/app/Controllers/Home.php(413): App\Models\CatalogoModel->obtenerUltimosResultados('6', '10', true)
#1 /Applications/MAMP/htdocs/uabc/system/CodeIgniter.php(824): App\Controllers\Home->getResults('6', '10')
#2 /Applications/MAMP/htdocs/uabc/system/CodeIgniter.php(410): CodeIgniter\CodeIgniter->runController(Object(App\Controllers\Home))
#3 /Applications/MAMP/htdocs/uabc/system/CodeIgniter.php(318): CodeIgniter\CodeIgniter->handleRequest(NULL, Object(Config\Cache), false)
#4 /Applications/MAMP/htdocs/uabc/public/index.php(37): CodeIgniter\CodeIgniter->run()
#5 {main}
ERROR - 2022-03-11 17:50:37 --> Subquery returns more than 1 row
CRITICAL - 2022-03-11 17:50:37 --> Call to a member function getResult() on bool
#0 /Applications/MAMP/htdocs/uabc/app/Controllers/Home.php(413): App\Models\CatalogoModel->obtenerUltimosResultados('6', '10', true)
#1 /Applications/MAMP/htdocs/uabc/system/CodeIgniter.php(824): App\Controllers\Home->getResults('6', '10')
#2 /Applications/MAMP/htdocs/uabc/system/CodeIgniter.php(410): CodeIgniter\CodeIgniter->runController(Object(App\Controllers\Home))
#3 /Applications/MAMP/htdocs/uabc/system/CodeIgniter.php(318): CodeIgniter\CodeIgniter->handleRequest(NULL, Object(Config\Cache), false)
#4 /Applications/MAMP/htdocs/uabc/public/index.php(37): CodeIgniter\CodeIgniter->run()
#5 {main}
ERROR - 2022-03-11 17:51:04 --> Subquery returns more than 1 row
CRITICAL - 2022-03-11 17:51:04 --> Call to a member function getResult() on bool
#0 /Applications/MAMP/htdocs/uabc/app/Controllers/Home.php(413): App\Models\CatalogoModel->obtenerUltimosResultados('6', '10', true)
#1 /Applications/MAMP/htdocs/uabc/system/CodeIgniter.php(824): App\Controllers\Home->getResults('6', '10')
#2 /Applications/MAMP/htdocs/uabc/system/CodeIgniter.php(410): CodeIgniter\CodeIgniter->runController(Object(App\Controllers\Home))
#3 /Applications/MAMP/htdocs/uabc/system/CodeIgniter.php(318): CodeIgniter\CodeIgniter->handleRequest(NULL, Object(Config\Cache), false)
#4 /Applications/MAMP/htdocs/uabc/public/index.php(37): CodeIgniter\CodeIgniter->run()
#5 {main}
ERROR - 2022-03-11 17:51:20 --> Subquery returns more than 1 row
CRITICAL - 2022-03-11 17:51:20 --> Call to a member function getResult() on bool
#0 /Applications/MAMP/htdocs/uabc/app/Controllers/Home.php(413): App\Models\CatalogoModel->obtenerUltimosResultados('6', '10', true)
#1 /Applications/MAMP/htdocs/uabc/system/CodeIgniter.php(824): App\Controllers\Home->getResults('6', '10')
#2 /Applications/MAMP/htdocs/uabc/system/CodeIgniter.php(410): CodeIgniter\CodeIgniter->runController(Object(App\Controllers\Home))
#3 /Applications/MAMP/htdocs/uabc/system/CodeIgniter.php(318): CodeIgniter\CodeIgniter->handleRequest(NULL, Object(Config\Cache), false)
#4 /Applications/MAMP/htdocs/uabc/public/index.php(37): CodeIgniter\CodeIgniter->run()
#5 {main}
ERROR - 2022-03-11 17:53:14 --> Subquery returns more than 1 row
CRITICAL - 2022-03-11 17:53:14 --> Call to a member function getResult() on bool
#0 /Applications/MAMP/htdocs/uabc/app/Controllers/Home.php(413): App\Models\CatalogoModel->obtenerUltimosResultados('6', '10', true)
#1 /Applications/MAMP/htdocs/uabc/system/CodeIgniter.php(824): App\Controllers\Home->getResults('6', '10')
#2 /Applications/MAMP/htdocs/uabc/system/CodeIgniter.php(410): CodeIgniter\CodeIgniter->runController(Object(App\Controllers\Home))
#3 /Applications/MAMP/htdocs/uabc/system/CodeIgniter.php(318): CodeIgniter\CodeIgniter->handleRequest(NULL, Object(Config\Cache), false)
#4 /Applications/MAMP/htdocs/uabc/public/index.php(37): CodeIgniter\CodeIgniter->run()
#5 {main}
ERROR - 2022-03-11 17:53:32 --> Subquery returns more than 1 row
CRITICAL - 2022-03-11 17:53:32 --> Call to a member function getResult() on bool
#0 /Applications/MAMP/htdocs/uabc/app/Controllers/Home.php(413): App\Models\CatalogoModel->obtenerUltimosResultados('6', '10', true)
#1 /Applications/MAMP/htdocs/uabc/system/CodeIgniter.php(824): App\Controllers\Home->getResults('6', '10')
#2 /Applications/MAMP/htdocs/uabc/system/CodeIgniter.php(410): CodeIgniter\CodeIgniter->runController(Object(App\Controllers\Home))
#3 /Applications/MAMP/htdocs/uabc/system/CodeIgniter.php(318): CodeIgniter\CodeIgniter->handleRequest(NULL, Object(Config\Cache), false)
#4 /Applications/MAMP/htdocs/uabc/public/index.php(37): CodeIgniter\CodeIgniter->run()
#5 {main}
ERROR - 2022-03-11 17:53:53 --> Subquery returns more than 1 row
CRITICAL - 2022-03-11 17:53:53 --> Call to a member function getResult() on bool
#0 /Applications/MAMP/htdocs/uabc/app/Controllers/Home.php(413): App\Models\CatalogoModel->obtenerUltimosResultados('6', '10', true)
#1 /Applications/MAMP/htdocs/uabc/system/CodeIgniter.php(824): App\Controllers\Home->getResults('6', '10')
#2 /Applications/MAMP/htdocs/uabc/system/CodeIgniter.php(410): CodeIgniter\CodeIgniter->runController(Object(App\Controllers\Home))
#3 /Applications/MAMP/htdocs/uabc/system/CodeIgniter.php(318): CodeIgniter\CodeIgniter->handleRequest(NULL, Object(Config\Cache), false)
#4 /Applications/MAMP/htdocs/uabc/public/index.php(37): CodeIgniter\CodeIgniter->run()
#5 {main}
ERROR - 2022-03-11 17:54:18 --> Subquery returns more than 1 row
CRITICAL - 2022-03-11 17:54:18 --> Call to a member function getResult() on bool
#0 /Applications/MAMP/htdocs/uabc/app/Controllers/Home.php(413): App\Models\CatalogoModel->obtenerUltimosResultados('6', '10', true)
#1 /Applications/MAMP/htdocs/uabc/system/CodeIgniter.php(824): App\Controllers\Home->getResults('6', '10')
#2 /Applications/MAMP/htdocs/uabc/system/CodeIgniter.php(410): CodeIgniter\CodeIgniter->runController(Object(App\Controllers\Home))
#3 /Applications/MAMP/htdocs/uabc/system/CodeIgniter.php(318): CodeIgniter\CodeIgniter->handleRequest(NULL, Object(Config\Cache), false)
#4 /Applications/MAMP/htdocs/uabc/public/index.php(37): CodeIgniter\CodeIgniter->run()
#5 {main}
ERROR - 2022-03-11 17:55:18 --> Subquery returns more than 1 row
CRITICAL - 2022-03-11 17:55:18 --> Call to a member function getResult() on bool
#0 /Applications/MAMP/htdocs/uabc/app/Controllers/Home.php(413): App\Models\CatalogoModel->obtenerUltimosResultados('6', '10', true)
#1 /Applications/MAMP/htdocs/uabc/system/CodeIgniter.php(824): App\Controllers\Home->getResults('6', '10')
#2 /Applications/MAMP/htdocs/uabc/system/CodeIgniter.php(410): CodeIgniter\CodeIgniter->runController(Object(App\Controllers\Home))
#3 /Applications/MAMP/htdocs/uabc/system/CodeIgniter.php(318): CodeIgniter\CodeIgniter->handleRequest(NULL, Object(Config\Cache), false)
#4 /Applications/MAMP/htdocs/uabc/public/index.php(37): CodeIgniter\CodeIgniter->run()
#5 {main}
ERROR - 2022-03-11 17:56:34 --> Subquery returns more than 1 row
CRITICAL - 2022-03-11 17:56:34 --> Call to a member function getResult() on bool
#0 /Applications/MAMP/htdocs/uabc/app/Controllers/Home.php(413): App\Models\CatalogoModel->obtenerUltimosResultados('6', '10', true)
#1 /Applications/MAMP/htdocs/uabc/system/CodeIgniter.php(824): App\Controllers\Home->getResults('6', '10')
#2 /Applications/MAMP/htdocs/uabc/system/CodeIgniter.php(410): CodeIgniter\CodeIgniter->runController(Object(App\Controllers\Home))
#3 /Applications/MAMP/htdocs/uabc/system/CodeIgniter.php(318): CodeIgniter\CodeIgniter->handleRequest(NULL, Object(Config\Cache), false)
#4 /Applications/MAMP/htdocs/uabc/public/index.php(37): CodeIgniter\CodeIgniter->run()
#5 {main}
ERROR - 2022-03-11 17:56:51 --> Subquery returns more than 1 row
CRITICAL - 2022-03-11 17:56:51 --> Call to a member function getResult() on bool
#0 /Applications/MAMP/htdocs/uabc/app/Controllers/Home.php(413): App\Models\CatalogoModel->obtenerUltimosResultados('6', '10', true)
#1 /Applications/MAMP/htdocs/uabc/system/CodeIgniter.php(824): App\Controllers\Home->getResults('6', '10')
#2 /Applications/MAMP/htdocs/uabc/system/CodeIgniter.php(410): CodeIgniter\CodeIgniter->runController(Object(App\Controllers\Home))
#3 /Applications/MAMP/htdocs/uabc/system/CodeIgniter.php(318): CodeIgniter\CodeIgniter->handleRequest(NULL, Object(Config\Cache), false)
#4 /Applications/MAMP/htdocs/uabc/public/index.php(37): CodeIgniter\CodeIgniter->run()
#5 {main}
ERROR - 2022-03-11 17:57:18 --> Subquery returns more than 1 row
CRITICAL - 2022-03-11 17:57:18 --> Call to a member function getResult() on bool
#0 /Applications/MAMP/htdocs/uabc/app/Controllers/Home.php(413): App\Models\CatalogoModel->obtenerUltimosResultados('6', '10', true)
#1 /Applications/MAMP/htdocs/uabc/system/CodeIgniter.php(824): App\Controllers\Home->getResults('6', '10')
#2 /Applications/MAMP/htdocs/uabc/system/CodeIgniter.php(410): CodeIgniter\CodeIgniter->runController(Object(App\Controllers\Home))
#3 /Applications/MAMP/htdocs/uabc/system/CodeIgniter.php(318): CodeIgniter\CodeIgniter->handleRequest(NULL, Object(Config\Cache), false)
#4 /Applications/MAMP/htdocs/uabc/public/index.php(37): CodeIgniter\CodeIgniter->run()
#5 {main}
ERROR - 2022-03-11 17:57:54 --> Subquery returns more than 1 row
CRITICAL - 2022-03-11 17:57:54 --> Call to a member function getResult() on bool
#0 /Applications/MAMP/htdocs/uabc/app/Controllers/Home.php(413): App\Models\CatalogoModel->obtenerUltimosResultados('6', '10', true)
#1 /Applications/MAMP/htdocs/uabc/system/CodeIgniter.php(824): App\Controllers\Home->getResults('6', '10')
#2 /Applications/MAMP/htdocs/uabc/system/CodeIgniter.php(410): CodeIgniter\CodeIgniter->runController(Object(App\Controllers\Home))
#3 /Applications/MAMP/htdocs/uabc/system/CodeIgniter.php(318): CodeIgniter\CodeIgniter->handleRequest(NULL, Object(Config\Cache), false)
#4 /Applications/MAMP/htdocs/uabc/public/index.php(37): CodeIgniter\CodeIgniter->run()
#5 {main}
ERROR - 2022-03-11 17:58:09 --> Subquery returns more than 1 row
CRITICAL - 2022-03-11 17:58:09 --> Call to a member function getResult() on bool
#0 /Applications/MAMP/htdocs/uabc/app/Controllers/Home.php(413): App\Models\CatalogoModel->obtenerUltimosResultados('6', '10', true)
#1 /Applications/MAMP/htdocs/uabc/system/CodeIgniter.php(824): App\Controllers\Home->getResults('6', '10')
#2 /Applications/MAMP/htdocs/uabc/system/CodeIgniter.php(410): CodeIgniter\CodeIgniter->runController(Object(App\Controllers\Home))
#3 /Applications/MAMP/htdocs/uabc/system/CodeIgniter.php(318): CodeIgniter\CodeIgniter->handleRequest(NULL, Object(Config\Cache), false)
#4 /Applications/MAMP/htdocs/uabc/public/index.php(37): CodeIgniter\CodeIgniter->run()
#5 {main}
ERROR - 2022-03-11 17:58:42 --> Subquery returns more than 1 row
CRITICAL - 2022-03-11 17:58:42 --> Call to a member function getResult() on bool
#0 /Applications/MAMP/htdocs/uabc/app/Controllers/Home.php(413): App\Models\CatalogoModel->obtenerUltimosResultados('6', '10', true)
#1 /Applications/MAMP/htdocs/uabc/system/CodeIgniter.php(824): App\Controllers\Home->getResults('6', '10')
#2 /Applications/MAMP/htdocs/uabc/system/CodeIgniter.php(410): CodeIgniter\CodeIgniter->runController(Object(App\Controllers\Home))
#3 /Applications/MAMP/htdocs/uabc/system/CodeIgniter.php(318): CodeIgniter\CodeIgniter->handleRequest(NULL, Object(Config\Cache), false)
#4 /Applications/MAMP/htdocs/uabc/public/index.php(37): CodeIgniter\CodeIgniter->run()
#5 {main}
ERROR - 2022-03-11 17:59:52 --> Subquery returns more than 1 row
CRITICAL - 2022-03-11 17:59:52 --> Call to a member function getResult() on bool
#0 /Applications/MAMP/htdocs/uabc/app/Controllers/Home.php(413): App\Models\CatalogoModel->obtenerUltimosResultados('6', '10', true)
#1 /Applications/MAMP/htdocs/uabc/system/CodeIgniter.php(824): App\Controllers\Home->getResults('6', '10')
#2 /Applications/MAMP/htdocs/uabc/system/CodeIgniter.php(410): CodeIgniter\CodeIgniter->runController(Object(App\Controllers\Home))
#3 /Applications/MAMP/htdocs/uabc/system/CodeIgniter.php(318): CodeIgniter\CodeIgniter->handleRequest(NULL, Object(Config\Cache), false)
#4 /Applications/MAMP/htdocs/uabc/public/index.php(37): CodeIgniter\CodeIgniter->run()
#5 {main}
ERROR - 2022-03-11 18:00:10 --> Subquery returns more than 1 row
CRITICAL - 2022-03-11 18:00:10 --> Call to a member function getResult() on bool
#0 /Applications/MAMP/htdocs/uabc/app/Controllers/Home.php(413): App\Models\CatalogoModel->obtenerUltimosResultados('6', '10', true)
#1 /Applications/MAMP/htdocs/uabc/system/CodeIgniter.php(824): App\Controllers\Home->getResults('6', '10')
#2 /Applications/MAMP/htdocs/uabc/system/CodeIgniter.php(410): CodeIgniter\CodeIgniter->runController(Object(App\Controllers\Home))
#3 /Applications/MAMP/htdocs/uabc/system/CodeIgniter.php(318): CodeIgniter\CodeIgniter->handleRequest(NULL, Object(Config\Cache), false)
#4 /Applications/MAMP/htdocs/uabc/public/index.php(37): CodeIgniter\CodeIgniter->run()
#5 {main}
ERROR - 2022-03-11 18:00:30 --> Subquery returns more than 1 row
CRITICAL - 2022-03-11 18:00:30 --> Call to a member function getResult() on bool
#0 /Applications/MAMP/htdocs/uabc/app/Controllers/Home.php(413): App\Models\CatalogoModel->obtenerUltimosResultados('6', '10', true)
#1 /Applications/MAMP/htdocs/uabc/system/CodeIgniter.php(824): App\Controllers\Home->getResults('6', '10')
#2 /Applications/MAMP/htdocs/uabc/system/CodeIgniter.php(410): CodeIgniter\CodeIgniter->runController(Object(App\Controllers\Home))
#3 /Applications/MAMP/htdocs/uabc/system/CodeIgniter.php(318): CodeIgniter\CodeIgniter->handleRequest(NULL, Object(Config\Cache), false)
#4 /Applications/MAMP/htdocs/uabc/public/index.php(37): CodeIgniter\CodeIgniter->run()
#5 {main}
ERROR - 2022-03-11 18:01:16 --> Subquery returns more than 1 row
CRITICAL - 2022-03-11 18:01:16 --> Call to a member function getResult() on bool
#0 /Applications/MAMP/htdocs/uabc/app/Controllers/Home.php(413): App\Models\CatalogoModel->obtenerUltimosResultados('6', '10', true)
#1 /Applications/MAMP/htdocs/uabc/system/CodeIgniter.php(824): App\Controllers\Home->getResults('6', '10')
#2 /Applications/MAMP/htdocs/uabc/system/CodeIgniter.php(410): CodeIgniter\CodeIgniter->runController(Object(App\Controllers\Home))
#3 /Applications/MAMP/htdocs/uabc/system/CodeIgniter.php(318): CodeIgniter\CodeIgniter->handleRequest(NULL, Object(Config\Cache), false)
#4 /Applications/MAMP/htdocs/uabc/public/index.php(37): CodeIgniter\CodeIgniter->run()
#5 {main}
ERROR - 2022-03-11 18:01:31 --> Subquery returns more than 1 row
CRITICAL - 2022-03-11 18:01:31 --> Call to a member function getResult() on bool
#0 /Applications/MAMP/htdocs/uabc/app/Controllers/Home.php(413): App\Models\CatalogoModel->obtenerUltimosResultados('6', '10', true)
#1 /Applications/MAMP/htdocs/uabc/system/CodeIgniter.php(824): App\Controllers\Home->getResults('6', '10')
#2 /Applications/MAMP/htdocs/uabc/system/CodeIgniter.php(410): CodeIgniter\CodeIgniter->runController(Object(App\Controllers\Home))
#3 /Applications/MAMP/htdocs/uabc/system/CodeIgniter.php(318): CodeIgniter\CodeIgniter->handleRequest(NULL, Object(Config\Cache), false)
#4 /Applications/MAMP/htdocs/uabc/public/index.php(37): CodeIgniter\CodeIgniter->run()
#5 {main}
ERROR - 2022-03-11 18:02:15 --> Subquery returns more than 1 row
CRITICAL - 2022-03-11 18:02:15 --> Call to a member function getResult() on bool
#0 /Applications/MAMP/htdocs/uabc/app/Controllers/Home.php(413): App\Models\CatalogoModel->obtenerUltimosResultados('6', '10', true)
#1 /Applications/MAMP/htdocs/uabc/system/CodeIgniter.php(824): App\Controllers\Home->getResults('6', '10')
#2 /Applications/MAMP/htdocs/uabc/system/CodeIgniter.php(410): CodeIgniter\CodeIgniter->runController(Object(App\Controllers\Home))
#3 /Applications/MAMP/htdocs/uabc/system/CodeIgniter.php(318): CodeIgniter\CodeIgniter->handleRequest(NULL, Object(Config\Cache), false)
#4 /Applications/MAMP/htdocs/uabc/public/index.php(37): CodeIgniter\CodeIgniter->run()
#5 {main}
ERROR - 2022-03-11 18:02:53 --> Subquery returns more than 1 row
CRITICAL - 2022-03-11 18:02:53 --> Call to a member function getResult() on bool
#0 /Applications/MAMP/htdocs/uabc/app/Controllers/Home.php(413): App\Models\CatalogoModel->obtenerUltimosResultados('6', '10', true)
#1 /Applications/MAMP/htdocs/uabc/system/CodeIgniter.php(824): App\Controllers\Home->getResults('6', '10')
#2 /Applications/MAMP/htdocs/uabc/system/CodeIgniter.php(410): CodeIgniter\CodeIgniter->runController(Object(App\Controllers\Home))
#3 /Applications/MAMP/htdocs/uabc/system/CodeIgniter.php(318): CodeIgniter\CodeIgniter->handleRequest(NULL, Object(Config\Cache), false)
#4 /Applications/MAMP/htdocs/uabc/public/index.php(37): CodeIgniter\CodeIgniter->run()
#5 {main}
ERROR - 2022-03-11 18:03:18 --> Subquery returns more than 1 row
CRITICAL - 2022-03-11 18:03:18 --> Call to a member function getResult() on bool
#0 /Applications/MAMP/htdocs/uabc/app/Controllers/Home.php(413): App\Models\CatalogoModel->obtenerUltimosResultados('6', '10', true)
#1 /Applications/MAMP/htdocs/uabc/system/CodeIgniter.php(824): App\Controllers\Home->getResults('6', '10')
#2 /Applications/MAMP/htdocs/uabc/system/CodeIgniter.php(410): CodeIgniter\CodeIgniter->runController(Object(App\Controllers\Home))
#3 /Applications/MAMP/htdocs/uabc/system/CodeIgniter.php(318): CodeIgniter\CodeIgniter->handleRequest(NULL, Object(Config\Cache), false)
#4 /Applications/MAMP/htdocs/uabc/public/index.php(37): CodeIgniter\CodeIgniter->run()
#5 {main}
ERROR - 2022-03-11 18:03:42 --> Subquery returns more than 1 row
CRITICAL - 2022-03-11 18:03:42 --> Call to a member function getResult() on bool
#0 /Applications/MAMP/htdocs/uabc/app/Controllers/Home.php(413): App\Models\CatalogoModel->obtenerUltimosResultados('6', '10', true)
#1 /Applications/MAMP/htdocs/uabc/system/CodeIgniter.php(824): App\Controllers\Home->getResults('6', '10')
#2 /Applications/MAMP/htdocs/uabc/system/CodeIgniter.php(410): CodeIgniter\CodeIgniter->runController(Object(App\Controllers\Home))
#3 /Applications/MAMP/htdocs/uabc/system/CodeIgniter.php(318): CodeIgniter\CodeIgniter->handleRequest(NULL, Object(Config\Cache), false)
#4 /Applications/MAMP/htdocs/uabc/public/index.php(37): CodeIgniter\CodeIgniter->run()
#5 {main}
ERROR - 2022-03-11 18:04:10 --> Subquery returns more than 1 row
CRITICAL - 2022-03-11 18:04:10 --> Call to a member function getResult() on bool
#0 /Applications/MAMP/htdocs/uabc/app/Controllers/Home.php(413): App\Models\CatalogoModel->obtenerUltimosResultados('6', '10', true)
#1 /Applications/MAMP/htdocs/uabc/system/CodeIgniter.php(824): App\Controllers\Home->getResults('6', '10')
#2 /Applications/MAMP/htdocs/uabc/system/CodeIgniter.php(410): CodeIgniter\CodeIgniter->runController(Object(App\Controllers\Home))
#3 /Applications/MAMP/htdocs/uabc/system/CodeIgniter.php(318): CodeIgniter\CodeIgniter->handleRequest(NULL, Object(Config\Cache), false)
#4 /Applications/MAMP/htdocs/uabc/public/index.php(37): CodeIgniter\CodeIgniter->run()
#5 {main}
ERROR - 2022-03-11 18:04:27 --> Subquery returns more than 1 row
CRITICAL - 2022-03-11 18:04:27 --> Call to a member function getResult() on bool
#0 /Applications/MAMP/htdocs/uabc/app/Controllers/Home.php(413): App\Models\CatalogoModel->obtenerUltimosResultados('6', '10', true)
#1 /Applications/MAMP/htdocs/uabc/system/CodeIgniter.php(824): App\Controllers\Home->getResults('6', '10')
#2 /Applications/MAMP/htdocs/uabc/system/CodeIgniter.php(410): CodeIgniter\CodeIgniter->runController(Object(App\Controllers\Home))
#3 /Applications/MAMP/htdocs/uabc/system/CodeIgniter.php(318): CodeIgniter\CodeIgniter->handleRequest(NULL, Object(Config\Cache), false)
#4 /Applications/MAMP/htdocs/uabc/public/index.php(37): CodeIgniter\CodeIgniter->run()
#5 {main}
ERROR - 2022-03-11 18:05:42 --> Subquery returns more than 1 row
CRITICAL - 2022-03-11 18:05:42 --> Call to a member function getResult() on bool
#0 /Applications/MAMP/htdocs/uabc/app/Controllers/Home.php(413): App\Models\CatalogoModel->obtenerUltimosResultados('6', '10', true)
#1 /Applications/MAMP/htdocs/uabc/system/CodeIgniter.php(824): App\Controllers\Home->getResults('6', '10')
#2 /Applications/MAMP/htdocs/uabc/system/CodeIgniter.php(410): CodeIgniter\CodeIgniter->runController(Object(App\Controllers\Home))
#3 /Applications/MAMP/htdocs/uabc/system/CodeIgniter.php(318): CodeIgniter\CodeIgniter->handleRequest(NULL, Object(Config\Cache), false)
#4 /Applications/MAMP/htdocs/uabc/public/index.php(37): CodeIgniter\CodeIgniter->run()
#5 {main}
ERROR - 2022-03-11 18:06:09 --> Subquery returns more than 1 row
CRITICAL - 2022-03-11 18:06:09 --> Call to a member function getResult() on bool
#0 /Applications/MAMP/htdocs/uabc/app/Controllers/Home.php(413): App\Models\CatalogoModel->obtenerUltimosResultados('6', '10', true)
#1 /Applications/MAMP/htdocs/uabc/system/CodeIgniter.php(824): App\Controllers\Home->getResults('6', '10')
#2 /Applications/MAMP/htdocs/uabc/system/CodeIgniter.php(410): CodeIgniter\CodeIgniter->runController(Object(App\Controllers\Home))
#3 /Applications/MAMP/htdocs/uabc/system/CodeIgniter.php(318): CodeIgniter\CodeIgniter->handleRequest(NULL, Object(Config\Cache), false)
#4 /Applications/MAMP/htdocs/uabc/public/index.php(37): CodeIgniter\CodeIgniter->run()
#5 {main}
ERROR - 2022-03-11 18:08:49 --> Subquery returns more than 1 row
CRITICAL - 2022-03-11 18:08:49 --> Call to a member function getResult() on bool
#0 /Applications/MAMP/htdocs/uabc/app/Controllers/Home.php(413): App\Models\CatalogoModel->obtenerUltimosResultados('6', '10', true)
#1 /Applications/MAMP/htdocs/uabc/system/CodeIgniter.php(824): App\Controllers\Home->getResults('6', '10')
#2 /Applications/MAMP/htdocs/uabc/system/CodeIgniter.php(410): CodeIgniter\CodeIgniter->runController(Object(App\Controllers\Home))
#3 /Applications/MAMP/htdocs/uabc/system/CodeIgniter.php(318): CodeIgniter\CodeIgniter->handleRequest(NULL, Object(Config\Cache), false)
#4 /Applications/MAMP/htdocs/uabc/public/index.php(37): CodeIgniter\CodeIgniter->run()
#5 {main}
ERROR - 2022-03-11 18:09:33 --> Subquery returns more than 1 row
CRITICAL - 2022-03-11 18:09:33 --> Call to a member function getResult() on bool
#0 /Applications/MAMP/htdocs/uabc/app/Controllers/Home.php(413): App\Models\CatalogoModel->obtenerUltimosResultados('6', '10', true)
#1 /Applications/MAMP/htdocs/uabc/system/CodeIgniter.php(824): App\Controllers\Home->getResults('6', '10')
#2 /Applications/MAMP/htdocs/uabc/system/CodeIgniter.php(410): CodeIgniter\CodeIgniter->runController(Object(App\Controllers\Home))
#3 /Applications/MAMP/htdocs/uabc/system/CodeIgniter.php(318): CodeIgniter\CodeIgniter->handleRequest(NULL, Object(Config\Cache), false)
#4 /Applications/MAMP/htdocs/uabc/public/index.php(37): CodeIgniter\CodeIgniter->run()
#5 {main}
ERROR - 2022-03-11 18:10:52 --> Subquery returns more than 1 row
CRITICAL - 2022-03-11 18:10:52 --> Call to a member function getResult() on bool
#0 /Applications/MAMP/htdocs/uabc/app/Controllers/Home.php(413): App\Models\CatalogoModel->obtenerUltimosResultados('6', '10', true)
#1 /Applications/MAMP/htdocs/uabc/system/CodeIgniter.php(824): App\Controllers\Home->getResults('6', '10')
#2 /Applications/MAMP/htdocs/uabc/system/CodeIgniter.php(410): CodeIgniter\CodeIgniter->runController(Object(App\Controllers\Home))
#3 /Applications/MAMP/htdocs/uabc/system/CodeIgniter.php(318): CodeIgniter\CodeIgniter->handleRequest(NULL, Object(Config\Cache), false)
#4 /Applications/MAMP/htdocs/uabc/public/index.php(37): CodeIgniter\CodeIgniter->run()
#5 {main}
ERROR - 2022-03-11 18:11:33 --> Subquery returns more than 1 row
CRITICAL - 2022-03-11 18:11:33 --> Call to a member function getResult() on bool
#0 /Applications/MAMP/htdocs/uabc/app/Controllers/Home.php(413): App\Models\CatalogoModel->obtenerUltimosResultados('6', '10', true)
#1 /Applications/MAMP/htdocs/uabc/system/CodeIgniter.php(824): App\Controllers\Home->getResults('6', '10')
#2 /Applications/MAMP/htdocs/uabc/system/CodeIgniter.php(410): CodeIgniter\CodeIgniter->runController(Object(App\Controllers\Home))
#3 /Applications/MAMP/htdocs/uabc/system/CodeIgniter.php(318): CodeIgniter\CodeIgniter->handleRequest(NULL, Object(Config\Cache), false)
#4 /Applications/MAMP/htdocs/uabc/public/index.php(37): CodeIgniter\CodeIgniter->run()
#5 {main}
ERROR - 2022-03-11 19:42:15 --> Subquery returns more than 1 row
CRITICAL - 2022-03-11 19:42:15 --> Call to a member function getResult() on bool
#0 /Applications/MAMP/htdocs/uabc/app/Controllers/Home.php(446): App\Models\CatalogoModel->obtenerUltimosResultados('6', '10', true)
#1 /Applications/MAMP/htdocs/uabc/system/CodeIgniter.php(824): App\Controllers\Home->getResults('6', '10')
#2 /Applications/MAMP/htdocs/uabc/system/CodeIgniter.php(410): CodeIgniter\CodeIgniter->runController(Object(App\Controllers\Home))
#3 /Applications/MAMP/htdocs/uabc/system/CodeIgniter.php(318): CodeIgniter\CodeIgniter->handleRequest(NULL, Object(Config\Cache), false)
#4 /Applications/MAMP/htdocs/uabc/public/index.php(37): CodeIgniter\CodeIgniter->run()
#5 {main}
ERROR - 2022-03-11 19:42:16 --> Column 'idEquipo' in where clause is ambiguous
CRITICAL - 2022-03-11 19:42:16 --> Call to a member function getResult() on bool
#0 /Applications/MAMP/htdocs/uabc/app/Controllers/Home.php(517): App\Models\TorneosModel->obtener_jugadores(Object(stdClass), 'home')
#1 /Applications/MAMP/htdocs/uabc/app/Controllers/Home.php(318): App\Controllers\Home->get_jugadores('2', 'home')
#2 /Applications/MAMP/htdocs/uabc/system/CodeIgniter.php(824): App\Controllers\Home->detalle_juego('2')
#3 /Applications/MAMP/htdocs/uabc/system/CodeIgniter.php(410): CodeIgniter\CodeIgniter->runController(Object(App\Controllers\Home))
#4 /Applications/MAMP/htdocs/uabc/system/CodeIgniter.php(318): CodeIgniter\CodeIgniter->handleRequest(NULL, Object(Config\Cache), false)
#5 /Applications/MAMP/htdocs/uabc/public/index.php(37): CodeIgniter\CodeIgniter->run()
#6 {main}
CRITICAL - 2022-03-11 19:42:35 --> Undefined variable $torneo
#0 /Applications/MAMP/htdocs/uabc/app/Views/catalogo/juego.php(147): CodeIgniter\Debug\Exceptions->errorHandler(2, 'Undefined varia...', '/Applications/M...', 147)
#1 /Applications/MAMP/htdocs/uabc/system/View/View.php(214): include('/Applications/M...')
#2 /Applications/MAMP/htdocs/uabc/system/View/View.php(217): CodeIgniter\View\View->CodeIgniter\View\{closure}()
#3 /Applications/MAMP/htdocs/uabc/system/Common.php(1097): CodeIgniter\View\View->render('catalogo/juego', Array, true)
#4 /Applications/MAMP/htdocs/uabc/app/Controllers/Home.php(325): view('catalogo/juego', Array)
#5 /Applications/MAMP/htdocs/uabc/system/CodeIgniter.php(824): App\Controllers\Home->detalle_juego('2')
#6 /Applications/MAMP/htdocs/uabc/system/CodeIgniter.php(410): CodeIgniter\CodeIgniter->runController(Object(App\Controllers\Home))
#7 /Applications/MAMP/htdocs/uabc/system/CodeIgniter.php(318): CodeIgniter\CodeIgniter->handleRequest(NULL, Object(Config\Cache), false)
#8 /Applications/MAMP/htdocs/uabc/public/index.php(37): CodeIgniter\CodeIgniter->run()
#9 {main}
CRITICAL - 2022-03-11 19:43:00 --> Undefined variable $torneo
#0 /Applications/MAMP/htdocs/uabc/app/Views/catalogo/juego.php(147): CodeIgniter\Debug\Exceptions->errorHandler(2, 'Undefined varia...', '/Applications/M...', 147)
#1 /Applications/MAMP/htdocs/uabc/system/View/View.php(214): include('/Applications/M...')
#2 /Applications/MAMP/htdocs/uabc/system/View/View.php(217): CodeIgniter\View\View->CodeIgniter\View\{closure}()
#3 /Applications/MAMP/htdocs/uabc/system/Common.php(1097): CodeIgniter\View\View->render('catalogo/juego', Array, true)
#4 /Applications/MAMP/htdocs/uabc/app/Controllers/Home.php(325): view('catalogo/juego', Array)
#5 /Applications/MAMP/htdocs/uabc/system/CodeIgniter.php(824): App\Controllers\Home->detalle_juego('2')
#6 /Applications/MAMP/htdocs/uabc/system/CodeIgniter.php(410): CodeIgniter\CodeIgniter->runController(Object(App\Controllers\Home))
#7 /Applications/MAMP/htdocs/uabc/system/CodeIgniter.php(318): CodeIgniter\CodeIgniter->handleRequest(NULL, Object(Config\Cache), false)
#8 /Applications/MAMP/htdocs/uabc/public/index.php(37): CodeIgniter\CodeIgniter->run()
#9 {main}
CRITICAL - 2022-03-11 19:43:12 --> Undefined variable $torneo
#0 /Applications/MAMP/htdocs/uabc/app/Views/catalogo/juego.php(147): CodeIgniter\Debug\Exceptions->errorHandler(2, 'Undefined varia...', '/Applications/M...', 147)
#1 /Applications/MAMP/htdocs/uabc/system/View/View.php(214): include('/Applications/M...')
#2 /Applications/MAMP/htdocs/uabc/system/View/View.php(217): CodeIgniter\View\View->CodeIgniter\View\{closure}()
#3 /Applications/MAMP/htdocs/uabc/system/Common.php(1097): CodeIgniter\View\View->render('catalogo/juego', Array, true)
#4 /Applications/MAMP/htdocs/uabc/app/Controllers/Home.php(325): view('catalogo/juego', Array)
#5 /Applications/MAMP/htdocs/uabc/system/CodeIgniter.php(824): App\Controllers\Home->detalle_juego('2')
#6 /Applications/MAMP/htdocs/uabc/system/CodeIgniter.php(410): CodeIgniter\CodeIgniter->runController(Object(App\Controllers\Home))
#7 /Applications/MAMP/htdocs/uabc/system/CodeIgniter.php(318): CodeIgniter\CodeIgniter->handleRequest(NULL, Object(Config\Cache), false)
#8 /Applications/MAMP/htdocs/uabc/public/index.php(37): CodeIgniter\CodeIgniter->run()
#9 {main}
CRITICAL - 2022-03-11 19:43:56 --> Object of class stdClass could not be converted to string
#0 /Applications/MAMP/htdocs/uabc/app/Controllers/Home.php(316): App\Controllers\Home->getInfoJuego('2')
#1 /Applications/MAMP/htdocs/uabc/system/CodeIgniter.php(824): App\Controllers\Home->detalle_juego('2')
#2 /Applications/MAMP/htdocs/uabc/system/CodeIgniter.php(410): CodeIgniter\CodeIgniter->runController(Object(App\Controllers\Home))
#3 /Applications/MAMP/htdocs/uabc/system/CodeIgniter.php(318): CodeIgniter\CodeIgniter->handleRequest(NULL, Object(Config\Cache), false)
#4 /Applications/MAMP/htdocs/uabc/public/index.php(37): CodeIgniter\CodeIgniter->run()
#5 {main}
CRITICAL - 2022-03-11 19:45:08 --> Undefined variable $torneo
#0 /Applications/MAMP/htdocs/uabc/app/Views/catalogo/juego.php(147): CodeIgniter\Debug\Exceptions->errorHandler(2, 'Undefined varia...', '/Applications/M...', 147)
#1 /Applications/MAMP/htdocs/uabc/system/View/View.php(214): include('/Applications/M...')
#2 /Applications/MAMP/htdocs/uabc/system/View/View.php(217): CodeIgniter\View\View->CodeIgniter\View\{closure}()
#3 /Applications/MAMP/htdocs/uabc/system/Common.php(1097): CodeIgniter\View\View->render('catalogo/juego', Array, true)
#4 /Applications/MAMP/htdocs/uabc/app/Controllers/Home.php(325): view('catalogo/juego', Array)
#5 /Applications/MAMP/htdocs/uabc/system/CodeIgniter.php(824): App\Controllers\Home->detalle_juego('2')
#6 /Applications/MAMP/htdocs/uabc/system/CodeIgniter.php(410): CodeIgniter\CodeIgniter->runController(Object(App\Controllers\Home))
#7 /Applications/MAMP/htdocs/uabc/system/CodeIgniter.php(318): CodeIgniter\CodeIgniter->handleRequest(NULL, Object(Config\Cache), false)
#8 /Applications/MAMP/htdocs/uabc/public/index.php(37): CodeIgniter\CodeIgniter->run()
#9 {main}
CRITICAL - 2022-03-11 19:46:33 --> Undefined variable $torneo
#0 /Applications/MAMP/htdocs/uabc/app/Views/catalogo/juego.php(147): CodeIgniter\Debug\Exceptions->errorHandler(2, 'Undefined varia...', '/Applications/M...', 147)
#1 /Applications/MAMP/htdocs/uabc/system/View/View.php(214): include('/Applications/M...')
#2 /Applications/MAMP/htdocs/uabc/system/View/View.php(217): CodeIgniter\View\View->CodeIgniter\View\{closure}()
#3 /Applications/MAMP/htdocs/uabc/system/Common.php(1097): CodeIgniter\View\View->render('catalogo/juego', Array, true)
#4 /Applications/MAMP/htdocs/uabc/app/Controllers/Home.php(325): view('catalogo/juego', Array)
#5 /Applications/MAMP/htdocs/uabc/system/CodeIgniter.php(824): App\Controllers\Home->detalle_juego('2')
#6 /Applications/MAMP/htdocs/uabc/system/CodeIgniter.php(410): CodeIgniter\CodeIgniter->runController(Object(App\Controllers\Home))
#7 /Applications/MAMP/htdocs/uabc/system/CodeIgniter.php(318): CodeIgniter\CodeIgniter->handleRequest(NULL, Object(Config\Cache), false)
#8 /Applications/MAMP/htdocs/uabc/public/index.php(37): CodeIgniter\CodeIgniter->run()
#9 {main}
