CRITICAL - 2022-03-29 12:59:49 --> syntax error, unexpected token "}"
#0 /Applications/MAMP/htdocs/uabc/system/Autoloader/Autoloader.php(241): CodeIgniter\Autoloader\Autoloader->includeFile('/Applications/M...')
#1 /Applications/MAMP/htdocs/uabc/system/Autoloader/Autoloader.php(219): CodeIgniter\Autoloader\Autoloader->loadInNamespace('App\\Controllers...')
#2 [internal function]: CodeIgniter\Autoloader\Autoloader->loadClass('App\\Controllers...')
#3 /Applications/MAMP/htdocs/uabc/system/CodeIgniter.php(789): class_exists('\\App\\Controller...', true)
#4 /Applications/MAMP/htdocs/uabc/system/CodeIgniter.php(397): CodeIgniter\CodeIgniter->startController()
#5 /Applications/MAMP/htdocs/uabc/system/CodeIgniter.php(318): CodeIgniter\CodeIgniter->handleRequest(NULL, Object(Config\Cache), false)
#6 /Applications/MAMP/htdocs/uabc/public/index.php(37): CodeIgniter\CodeIgniter->run()
#7 {main}
CRITICAL - 2022-03-29 19:38:51 --> syntax error, unexpected token "}"
#0 /Applications/MAMP/htdocs/uabc/system/Autoloader/Autoloader.php(241): CodeIgniter\Autoloader\Autoloader->includeFile('/Applications/M...')
#1 /Applications/MAMP/htdocs/uabc/system/Autoloader/Autoloader.php(219): CodeIgniter\Autoloader\Autoloader->loadInNamespace('App\\Controllers...')
#2 [internal function]: CodeIgniter\Autoloader\Autoloader->loadClass('App\\Controllers...')
#3 /Applications/MAMP/htdocs/uabc/system/CodeIgniter.php(789): class_exists('\\App\\Controller...', true)
#4 /Applications/MAMP/htdocs/uabc/system/CodeIgniter.php(397): CodeIgniter\CodeIgniter->startController()
#5 /Applications/MAMP/htdocs/uabc/system/CodeIgniter.php(318): CodeIgniter\CodeIgniter->handleRequest(NULL, Object(Config\Cache), false)
#6 /Applications/MAMP/htdocs/uabc/public/index.php(37): CodeIgniter\CodeIgniter->run()
#7 {main}
CRITICAL - 2022-03-29 19:39:02 --> syntax error, unexpected token "}"
#0 /Applications/MAMP/htdocs/uabc/system/Autoloader/Autoloader.php(241): CodeIgniter\Autoloader\Autoloader->includeFile('/Applications/M...')
#1 /Applications/MAMP/htdocs/uabc/system/Autoloader/Autoloader.php(219): CodeIgniter\Autoloader\Autoloader->loadInNamespace('App\\Controllers...')
#2 [internal function]: CodeIgniter\Autoloader\Autoloader->loadClass('App\\Controllers...')
#3 /Applications/MAMP/htdocs/uabc/system/CodeIgniter.php(789): class_exists('\\App\\Controller...', true)
#4 /Applications/MAMP/htdocs/uabc/system/CodeIgniter.php(397): CodeIgniter\CodeIgniter->startController()
#5 /Applications/MAMP/htdocs/uabc/system/CodeIgniter.php(318): CodeIgniter\CodeIgniter->handleRequest(NULL, Object(Config\Cache), false)
#6 /Applications/MAMP/htdocs/uabc/public/index.php(37): CodeIgniter\CodeIgniter->run()
#7 {main}
CRITICAL - 2022-03-29 19:39:04 --> syntax error, unexpected token "}"
#0 /Applications/MAMP/htdocs/uabc/system/Autoloader/Autoloader.php(241): CodeIgniter\Autoloader\Autoloader->includeFile('/Applications/M...')
#1 /Applications/MAMP/htdocs/uabc/system/Autoloader/Autoloader.php(219): CodeIgniter\Autoloader\Autoloader->loadInNamespace('App\\Controllers...')
#2 [internal function]: CodeIgniter\Autoloader\Autoloader->loadClass('App\\Controllers...')
#3 /Applications/MAMP/htdocs/uabc/system/CodeIgniter.php(789): class_exists('\\App\\Controller...', true)
#4 /Applications/MAMP/htdocs/uabc/system/CodeIgniter.php(397): CodeIgniter\CodeIgniter->startController()
#5 /Applications/MAMP/htdocs/uabc/system/CodeIgniter.php(318): CodeIgniter\CodeIgniter->handleRequest(NULL, Object(Config\Cache), false)
#6 /Applications/MAMP/htdocs/uabc/public/index.php(37): CodeIgniter\CodeIgniter->run()
#7 {main}
CRITICAL - 2022-03-29 19:39:13 --> syntax error, unexpected token "}"
#0 /Applications/MAMP/htdocs/uabc/system/Autoloader/Autoloader.php(241): CodeIgniter\Autoloader\Autoloader->includeFile('/Applications/M...')
#1 /Applications/MAMP/htdocs/uabc/system/Autoloader/Autoloader.php(219): CodeIgniter\Autoloader\Autoloader->loadInNamespace('App\\Controllers...')
#2 [internal function]: CodeIgniter\Autoloader\Autoloader->loadClass('App\\Controllers...')
#3 /Applications/MAMP/htdocs/uabc/system/CodeIgniter.php(789): class_exists('\\App\\Controller...', true)
#4 /Applications/MAMP/htdocs/uabc/system/CodeIgniter.php(397): CodeIgniter\CodeIgniter->startController()
#5 /Applications/MAMP/htdocs/uabc/system/CodeIgniter.php(318): CodeIgniter\CodeIgniter->handleRequest(NULL, Object(Config\Cache), false)
#6 /Applications/MAMP/htdocs/uabc/public/index.php(37): CodeIgniter\CodeIgniter->run()
#7 {main}
