ERROR - 2022-01-04 13:11:35 --> Error connecting to the database: Unknown database 'mona_new'
CRITICAL - 2022-01-04 13:11:35 --> Unable to connect to the database.
Main connection [MySQLi]: Unknown database 'mona_new'
#0 /opt/lampp/htdocs/mona_fitness/system/Database/BaseConnection.php(577): CodeIgniter\Database\BaseConnection->initialize()
#1 /opt/lampp/htdocs/mona_fitness/system/Database/BaseBuilder.php(1443): CodeIgniter\Database\BaseConnection->query('SELECT *\nFROM `...', Array, false)
#2 /opt/lampp/htdocs/mona_fitness/app/Models/HorariosModel.php(18): CodeIgniter\Database\BaseBuilder->get()
#3 /opt/lampp/htdocs/mona_fitness/app/Controllers/Horario.php(19): App\Models\HorariosModel->getHorarios()
#4 /opt/lampp/htdocs/mona_fitness/system/CodeIgniter.php(824): App\Controllers\Horario->getHorarios()
#5 /opt/lampp/htdocs/mona_fitness/system/CodeIgniter.php(410): CodeIgniter\CodeIgniter->runController(Object(App\Controllers\Horario))
#6 /opt/lampp/htdocs/mona_fitness/system/CodeIgniter.php(318): CodeIgniter\CodeIgniter->handleRequest(NULL, Object(Config\Cache), false)
#7 /opt/lampp/htdocs/mona_fitness/public/index.php(37): CodeIgniter\CodeIgniter->run()
#8 {main}
ERROR - 2022-01-04 13:11:35 --> Error connecting to the database: Unknown database 'mona_new'
CRITICAL - 2022-01-04 13:11:35 --> Unable to connect to the database.
Main connection [MySQLi]: Unknown database 'mona_new'
#0 /opt/lampp/htdocs/mona_fitness/system/Database/BaseConnection.php(577): CodeIgniter\Database\BaseConnection->initialize()
#1 /opt/lampp/htdocs/mona_fitness/system/Database/BaseBuilder.php(1443): CodeIgniter\Database\BaseConnection->query('SELECT *\nFROM `...', Array, false)
#2 /opt/lampp/htdocs/mona_fitness/app/Models/PlansModel.php(18): CodeIgniter\Database\BaseBuilder->get()
#3 /opt/lampp/htdocs/mona_fitness/app/Controllers/Plans.php(19): App\Models\PlansModel->getPlans()
#4 /opt/lampp/htdocs/mona_fitness/system/CodeIgniter.php(824): App\Controllers\Plans->getPlans()
#5 /opt/lampp/htdocs/mona_fitness/system/CodeIgniter.php(410): CodeIgniter\CodeIgniter->runController(Object(App\Controllers\Plans))
#6 /opt/lampp/htdocs/mona_fitness/system/CodeIgniter.php(318): CodeIgniter\CodeIgniter->handleRequest(NULL, Object(Config\Cache), false)
#7 /opt/lampp/htdocs/mona_fitness/public/index.php(37): CodeIgniter\CodeIgniter->run()
#8 {main}
ERROR - 2022-01-04 13:11:49 --> Error connecting to the database: Unknown database 'mona_new'
CRITICAL - 2022-01-04 13:11:49 --> Unable to connect to the database.
Main connection [MySQLi]: Unknown database 'mona_new'
#0 /opt/lampp/htdocs/mona_fitness/system/Database/BaseConnection.php(577): CodeIgniter\Database\BaseConnection->initialize()
#1 /opt/lampp/htdocs/mona_fitness/system/Database/BaseBuilder.php(1443): CodeIgniter\Database\BaseConnection->query('SELECT *\nFROM `...', Array, false)
#2 /opt/lampp/htdocs/mona_fitness/app/Models/HorariosModel.php(18): CodeIgniter\Database\BaseBuilder->get()
#3 /opt/lampp/htdocs/mona_fitness/app/Controllers/Horario.php(19): App\Models\HorariosModel->getHorarios()
#4 /opt/lampp/htdocs/mona_fitness/system/CodeIgniter.php(824): App\Controllers\Horario->getHorarios()
#5 /opt/lampp/htdocs/mona_fitness/system/CodeIgniter.php(410): CodeIgniter\CodeIgniter->runController(Object(App\Controllers\Horario))
#6 /opt/lampp/htdocs/mona_fitness/system/CodeIgniter.php(318): CodeIgniter\CodeIgniter->handleRequest(NULL, Object(Config\Cache), false)
#7 /opt/lampp/htdocs/mona_fitness/public/index.php(37): CodeIgniter\CodeIgniter->run()
#8 {main}
ERROR - 2022-01-04 13:11:49 --> Error connecting to the database: Unknown database 'mona_new'
CRITICAL - 2022-01-04 13:11:49 --> Unable to connect to the database.
Main connection [MySQLi]: Unknown database 'mona_new'
#0 /opt/lampp/htdocs/mona_fitness/system/Database/BaseConnection.php(577): CodeIgniter\Database\BaseConnection->initialize()
#1 /opt/lampp/htdocs/mona_fitness/system/Database/BaseBuilder.php(1443): CodeIgniter\Database\BaseConnection->query('SELECT *\nFROM `...', Array, false)
#2 /opt/lampp/htdocs/mona_fitness/app/Models/PlansModel.php(18): CodeIgniter\Database\BaseBuilder->get()
#3 /opt/lampp/htdocs/mona_fitness/app/Controllers/Plans.php(19): App\Models\PlansModel->getPlans()
#4 /opt/lampp/htdocs/mona_fitness/system/CodeIgniter.php(824): App\Controllers\Plans->getPlans()
#5 /opt/lampp/htdocs/mona_fitness/system/CodeIgniter.php(410): CodeIgniter\CodeIgniter->runController(Object(App\Controllers\Plans))
#6 /opt/lampp/htdocs/mona_fitness/system/CodeIgniter.php(318): CodeIgniter\CodeIgniter->handleRequest(NULL, Object(Config\Cache), false)
#7 /opt/lampp/htdocs/mona_fitness/public/index.php(37): CodeIgniter\CodeIgniter->run()
#8 {main}
ERROR - 2022-01-04 13:12:03 --> Error connecting to the database: Unknown database 'mona_new'
CRITICAL - 2022-01-04 13:12:03 --> Unable to connect to the database.
Main connection [MySQLi]: Unknown database 'mona_new'
#0 /opt/lampp/htdocs/mona_fitness/system/Database/BaseConnection.php(577): CodeIgniter\Database\BaseConnection->initialize()
#1 /opt/lampp/htdocs/mona_fitness/system/Database/BaseBuilder.php(1443): CodeIgniter\Database\BaseConnection->query('SELECT *\nFROM `...', Array, false)
#2 /opt/lampp/htdocs/mona_fitness/app/Models/HorariosModel.php(18): CodeIgniter\Database\BaseBuilder->get()
#3 /opt/lampp/htdocs/mona_fitness/app/Controllers/Horario.php(19): App\Models\HorariosModel->getHorarios()
#4 /opt/lampp/htdocs/mona_fitness/system/CodeIgniter.php(824): App\Controllers\Horario->getHorarios()
#5 /opt/lampp/htdocs/mona_fitness/system/CodeIgniter.php(410): CodeIgniter\CodeIgniter->runController(Object(App\Controllers\Horario))
#6 /opt/lampp/htdocs/mona_fitness/system/CodeIgniter.php(318): CodeIgniter\CodeIgniter->handleRequest(NULL, Object(Config\Cache), false)
#7 /opt/lampp/htdocs/mona_fitness/public/index.php(37): CodeIgniter\CodeIgniter->run()
#8 {main}
CRITICAL - 2022-01-04 16:19:31 --> Unclosed '{' on line 15
#0 /opt/lampp/htdocs/mona_fitness/system/Autoloader/Autoloader.php(241): CodeIgniter\Autoloader\Autoloader->includeFile('/opt/lampp/htdo...')
#1 /opt/lampp/htdocs/mona_fitness/system/Autoloader/Autoloader.php(219): CodeIgniter\Autoloader\Autoloader->loadInNamespace('App\\Models\\Clie...')
#2 /opt/lampp/htdocs/mona_fitness/app/Controllers/Client.php(28): CodeIgniter\Autoloader\Autoloader->loadClass('App\\Models\\Clie...')
#3 /opt/lampp/htdocs/mona_fitness/system/CodeIgniter.php(824): App\Controllers\Client->saveNewClient()
#4 /opt/lampp/htdocs/mona_fitness/system/CodeIgniter.php(410): CodeIgniter\CodeIgniter->runController(Object(App\Controllers\Client))
#5 /opt/lampp/htdocs/mona_fitness/system/CodeIgniter.php(318): CodeIgniter\CodeIgniter->handleRequest(NULL, Object(Config\Cache), false)
#6 /opt/lampp/htdocs/mona_fitness/public/index.php(37): CodeIgniter\CodeIgniter->run()
#7 {main}
CRITICAL - 2022-01-04 16:23:11 --> Unclosed '{' on line 15
#0 /opt/lampp/htdocs/mona_fitness/system/Autoloader/Autoloader.php(241): CodeIgniter\Autoloader\Autoloader->includeFile('/opt/lampp/htdo...')
#1 /opt/lampp/htdocs/mona_fitness/system/Autoloader/Autoloader.php(219): CodeIgniter\Autoloader\Autoloader->loadInNamespace('App\\Models\\Clie...')
#2 /opt/lampp/htdocs/mona_fitness/app/Controllers/Client.php(28): CodeIgniter\Autoloader\Autoloader->loadClass('App\\Models\\Clie...')
#3 /opt/lampp/htdocs/mona_fitness/system/CodeIgniter.php(824): App\Controllers\Client->saveNewClient()
#4 /opt/lampp/htdocs/mona_fitness/system/CodeIgniter.php(410): CodeIgniter\CodeIgniter->runController(Object(App\Controllers\Client))
#5 /opt/lampp/htdocs/mona_fitness/system/CodeIgniter.php(318): CodeIgniter\CodeIgniter->handleRequest(NULL, Object(Config\Cache), false)
#6 /opt/lampp/htdocs/mona_fitness/public/index.php(37): CodeIgniter\CodeIgniter->run()
#7 {main}
CRITICAL - 2022-01-04 16:23:52 --> Unclosed '{' on line 15
#0 /opt/lampp/htdocs/mona_fitness/system/Autoloader/Autoloader.php(241): CodeIgniter\Autoloader\Autoloader->includeFile('/opt/lampp/htdo...')
#1 /opt/lampp/htdocs/mona_fitness/system/Autoloader/Autoloader.php(219): CodeIgniter\Autoloader\Autoloader->loadInNamespace('App\\Models\\Clie...')
#2 /opt/lampp/htdocs/mona_fitness/app/Controllers/Client.php(28): CodeIgniter\Autoloader\Autoloader->loadClass('App\\Models\\Clie...')
#3 /opt/lampp/htdocs/mona_fitness/system/CodeIgniter.php(824): App\Controllers\Client->saveNewClient()
#4 /opt/lampp/htdocs/mona_fitness/system/CodeIgniter.php(410): CodeIgniter\CodeIgniter->runController(Object(App\Controllers\Client))
#5 /opt/lampp/htdocs/mona_fitness/system/CodeIgniter.php(318): CodeIgniter\CodeIgniter->handleRequest(NULL, Object(Config\Cache), false)
#6 /opt/lampp/htdocs/mona_fitness/public/index.php(37): CodeIgniter\CodeIgniter->run()
#7 {main}
CRITICAL - 2022-01-04 16:24:25 --> Unclosed '{' on line 15
#0 /opt/lampp/htdocs/mona_fitness/system/Autoloader/Autoloader.php(241): CodeIgniter\Autoloader\Autoloader->includeFile('/opt/lampp/htdo...')
#1 /opt/lampp/htdocs/mona_fitness/system/Autoloader/Autoloader.php(219): CodeIgniter\Autoloader\Autoloader->loadInNamespace('App\\Models\\Clie...')
#2 /opt/lampp/htdocs/mona_fitness/app/Controllers/Client.php(28): CodeIgniter\Autoloader\Autoloader->loadClass('App\\Models\\Clie...')
#3 /opt/lampp/htdocs/mona_fitness/system/CodeIgniter.php(824): App\Controllers\Client->saveNewClient()
#4 /opt/lampp/htdocs/mona_fitness/system/CodeIgniter.php(410): CodeIgniter\CodeIgniter->runController(Object(App\Controllers\Client))
#5 /opt/lampp/htdocs/mona_fitness/system/CodeIgniter.php(318): CodeIgniter\CodeIgniter->handleRequest(NULL, Object(Config\Cache), false)
#6 /opt/lampp/htdocs/mona_fitness/public/index.php(37): CodeIgniter\CodeIgniter->run()
#7 {main}
CRITICAL - 2022-01-04 16:24:53 --> Unclosed '{' on line 15
#0 /opt/lampp/htdocs/mona_fitness/system/Autoloader/Autoloader.php(241): CodeIgniter\Autoloader\Autoloader->includeFile('/opt/lampp/htdo...')
#1 /opt/lampp/htdocs/mona_fitness/system/Autoloader/Autoloader.php(219): CodeIgniter\Autoloader\Autoloader->loadInNamespace('App\\Models\\Clie...')
#2 /opt/lampp/htdocs/mona_fitness/app/Controllers/Client.php(28): CodeIgniter\Autoloader\Autoloader->loadClass('App\\Models\\Clie...')
#3 /opt/lampp/htdocs/mona_fitness/system/CodeIgniter.php(824): App\Controllers\Client->saveNewClient()
#4 /opt/lampp/htdocs/mona_fitness/system/CodeIgniter.php(410): CodeIgniter\CodeIgniter->runController(Object(App\Controllers\Client))
#5 /opt/lampp/htdocs/mona_fitness/system/CodeIgniter.php(318): CodeIgniter\CodeIgniter->handleRequest(NULL, Object(Config\Cache), false)
#6 /opt/lampp/htdocs/mona_fitness/public/index.php(37): CodeIgniter\CodeIgniter->run()
#7 {main}
CRITICAL - 2022-01-04 16:25:25 --> Unclosed '{' on line 15
#0 /opt/lampp/htdocs/mona_fitness/system/Autoloader/Autoloader.php(241): CodeIgniter\Autoloader\Autoloader->includeFile('/opt/lampp/htdo...')
#1 /opt/lampp/htdocs/mona_fitness/system/Autoloader/Autoloader.php(219): CodeIgniter\Autoloader\Autoloader->loadInNamespace('App\\Models\\Clie...')
#2 /opt/lampp/htdocs/mona_fitness/app/Controllers/Client.php(28): CodeIgniter\Autoloader\Autoloader->loadClass('App\\Models\\Clie...')
#3 /opt/lampp/htdocs/mona_fitness/system/CodeIgniter.php(824): App\Controllers\Client->saveNewClient()
#4 /opt/lampp/htdocs/mona_fitness/system/CodeIgniter.php(410): CodeIgniter\CodeIgniter->runController(Object(App\Controllers\Client))
#5 /opt/lampp/htdocs/mona_fitness/system/CodeIgniter.php(318): CodeIgniter\CodeIgniter->handleRequest(NULL, Object(Config\Cache), false)
#6 /opt/lampp/htdocs/mona_fitness/public/index.php(37): CodeIgniter\CodeIgniter->run()
#7 {main}
CRITICAL - 2022-01-04 16:25:40 --> Unclosed '{' on line 15
#0 /opt/lampp/htdocs/mona_fitness/system/Autoloader/Autoloader.php(241): CodeIgniter\Autoloader\Autoloader->includeFile('/opt/lampp/htdo...')
#1 /opt/lampp/htdocs/mona_fitness/system/Autoloader/Autoloader.php(219): CodeIgniter\Autoloader\Autoloader->loadInNamespace('App\\Models\\Clie...')
#2 /opt/lampp/htdocs/mona_fitness/app/Controllers/Client.php(28): CodeIgniter\Autoloader\Autoloader->loadClass('App\\Models\\Clie...')
#3 /opt/lampp/htdocs/mona_fitness/system/CodeIgniter.php(824): App\Controllers\Client->saveNewClient()
#4 /opt/lampp/htdocs/mona_fitness/system/CodeIgniter.php(410): CodeIgniter\CodeIgniter->runController(Object(App\Controllers\Client))
#5 /opt/lampp/htdocs/mona_fitness/system/CodeIgniter.php(318): CodeIgniter\CodeIgniter->handleRequest(NULL, Object(Config\Cache), false)
#6 /opt/lampp/htdocs/mona_fitness/public/index.php(37): CodeIgniter\CodeIgniter->run()
#7 {main}
CRITICAL - 2022-01-04 16:26:05 --> Unclosed '{' on line 15
#0 /opt/lampp/htdocs/mona_fitness/system/Autoloader/Autoloader.php(241): CodeIgniter\Autoloader\Autoloader->includeFile('/opt/lampp/htdo...')
#1 /opt/lampp/htdocs/mona_fitness/system/Autoloader/Autoloader.php(219): CodeIgniter\Autoloader\Autoloader->loadInNamespace('App\\Models\\Clie...')
#2 /opt/lampp/htdocs/mona_fitness/app/Controllers/Client.php(28): CodeIgniter\Autoloader\Autoloader->loadClass('App\\Models\\Clie...')
#3 /opt/lampp/htdocs/mona_fitness/system/CodeIgniter.php(824): App\Controllers\Client->saveNewClient()
#4 /opt/lampp/htdocs/mona_fitness/system/CodeIgniter.php(410): CodeIgniter\CodeIgniter->runController(Object(App\Controllers\Client))
#5 /opt/lampp/htdocs/mona_fitness/system/CodeIgniter.php(318): CodeIgniter\CodeIgniter->handleRequest(NULL, Object(Config\Cache), false)
#6 /opt/lampp/htdocs/mona_fitness/public/index.php(37): CodeIgniter\CodeIgniter->run()
#7 {main}
CRITICAL - 2022-01-04 16:27:08 --> Unclosed '{' on line 15
#0 /opt/lampp/htdocs/mona_fitness/system/Autoloader/Autoloader.php(241): CodeIgniter\Autoloader\Autoloader->includeFile('/opt/lampp/htdo...')
#1 /opt/lampp/htdocs/mona_fitness/system/Autoloader/Autoloader.php(219): CodeIgniter\Autoloader\Autoloader->loadInNamespace('App\\Models\\Clie...')
#2 /opt/lampp/htdocs/mona_fitness/app/Controllers/Client.php(28): CodeIgniter\Autoloader\Autoloader->loadClass('App\\Models\\Clie...')
#3 /opt/lampp/htdocs/mona_fitness/system/CodeIgniter.php(824): App\Controllers\Client->saveNewClient()
#4 /opt/lampp/htdocs/mona_fitness/system/CodeIgniter.php(410): CodeIgniter\CodeIgniter->runController(Object(App\Controllers\Client))
#5 /opt/lampp/htdocs/mona_fitness/system/CodeIgniter.php(318): CodeIgniter\CodeIgniter->handleRequest(NULL, Object(Config\Cache), false)
#6 /opt/lampp/htdocs/mona_fitness/public/index.php(37): CodeIgniter\CodeIgniter->run()
#7 {main}
CRITICAL - 2022-01-04 16:27:27 --> Unclosed '{' on line 15
#0 /opt/lampp/htdocs/mona_fitness/system/Autoloader/Autoloader.php(241): CodeIgniter\Autoloader\Autoloader->includeFile('/opt/lampp/htdo...')
#1 /opt/lampp/htdocs/mona_fitness/system/Autoloader/Autoloader.php(219): CodeIgniter\Autoloader\Autoloader->loadInNamespace('App\\Models\\Clie...')
#2 /opt/lampp/htdocs/mona_fitness/app/Controllers/Client.php(28): CodeIgniter\Autoloader\Autoloader->loadClass('App\\Models\\Clie...')
#3 /opt/lampp/htdocs/mona_fitness/system/CodeIgniter.php(824): App\Controllers\Client->saveNewClient()
#4 /opt/lampp/htdocs/mona_fitness/system/CodeIgniter.php(410): CodeIgniter\CodeIgniter->runController(Object(App\Controllers\Client))
#5 /opt/lampp/htdocs/mona_fitness/system/CodeIgniter.php(318): CodeIgniter\CodeIgniter->handleRequest(NULL, Object(Config\Cache), false)
#6 /opt/lampp/htdocs/mona_fitness/public/index.php(37): CodeIgniter\CodeIgniter->run()
#7 {main}
CRITICAL - 2022-01-04 16:27:59 --> Unclosed '{' on line 15
#0 /opt/lampp/htdocs/mona_fitness/system/Autoloader/Autoloader.php(241): CodeIgniter\Autoloader\Autoloader->includeFile('/opt/lampp/htdo...')
#1 /opt/lampp/htdocs/mona_fitness/system/Autoloader/Autoloader.php(219): CodeIgniter\Autoloader\Autoloader->loadInNamespace('App\\Models\\Clie...')
#2 /opt/lampp/htdocs/mona_fitness/app/Controllers/Client.php(28): CodeIgniter\Autoloader\Autoloader->loadClass('App\\Models\\Clie...')
#3 /opt/lampp/htdocs/mona_fitness/system/CodeIgniter.php(824): App\Controllers\Client->saveNewClient()
#4 /opt/lampp/htdocs/mona_fitness/system/CodeIgniter.php(410): CodeIgniter\CodeIgniter->runController(Object(App\Controllers\Client))
#5 /opt/lampp/htdocs/mona_fitness/system/CodeIgniter.php(318): CodeIgniter\CodeIgniter->handleRequest(NULL, Object(Config\Cache), false)
#6 /opt/lampp/htdocs/mona_fitness/public/index.php(37): CodeIgniter\CodeIgniter->run()
#7 {main}
CRITICAL - 2022-01-04 16:28:12 --> Unclosed '{' on line 15
#0 /opt/lampp/htdocs/mona_fitness/system/Autoloader/Autoloader.php(241): CodeIgniter\Autoloader\Autoloader->includeFile('/opt/lampp/htdo...')
#1 /opt/lampp/htdocs/mona_fitness/system/Autoloader/Autoloader.php(219): CodeIgniter\Autoloader\Autoloader->loadInNamespace('App\\Models\\Clie...')
#2 /opt/lampp/htdocs/mona_fitness/app/Controllers/Client.php(28): CodeIgniter\Autoloader\Autoloader->loadClass('App\\Models\\Clie...')
#3 /opt/lampp/htdocs/mona_fitness/system/CodeIgniter.php(824): App\Controllers\Client->saveNewClient()
#4 /opt/lampp/htdocs/mona_fitness/system/CodeIgniter.php(410): CodeIgniter\CodeIgniter->runController(Object(App\Controllers\Client))
#5 /opt/lampp/htdocs/mona_fitness/system/CodeIgniter.php(318): CodeIgniter\CodeIgniter->handleRequest(NULL, Object(Config\Cache), false)
#6 /opt/lampp/htdocs/mona_fitness/public/index.php(37): CodeIgniter\CodeIgniter->run()
#7 {main}
CRITICAL - 2022-01-04 16:29:04 --> Unclosed '{' on line 15
#0 /opt/lampp/htdocs/mona_fitness/system/Autoloader/Autoloader.php(241): CodeIgniter\Autoloader\Autoloader->includeFile('/opt/lampp/htdo...')
#1 /opt/lampp/htdocs/mona_fitness/system/Autoloader/Autoloader.php(219): CodeIgniter\Autoloader\Autoloader->loadInNamespace('App\\Models\\Clie...')
#2 /opt/lampp/htdocs/mona_fitness/app/Controllers/Client.php(28): CodeIgniter\Autoloader\Autoloader->loadClass('App\\Models\\Clie...')
#3 /opt/lampp/htdocs/mona_fitness/system/CodeIgniter.php(824): App\Controllers\Client->saveNewClient()
#4 /opt/lampp/htdocs/mona_fitness/system/CodeIgniter.php(410): CodeIgniter\CodeIgniter->runController(Object(App\Controllers\Client))
#5 /opt/lampp/htdocs/mona_fitness/system/CodeIgniter.php(318): CodeIgniter\CodeIgniter->handleRequest(NULL, Object(Config\Cache), false)
#6 /opt/lampp/htdocs/mona_fitness/public/index.php(37): CodeIgniter\CodeIgniter->run()
#7 {main}
CRITICAL - 2022-01-04 16:40:11 --> Unclosed '{' on line 15
#0 /opt/lampp/htdocs/mona_fitness/system/Autoloader/Autoloader.php(241): CodeIgniter\Autoloader\Autoloader->includeFile('/opt/lampp/htdo...')
#1 /opt/lampp/htdocs/mona_fitness/system/Autoloader/Autoloader.php(219): CodeIgniter\Autoloader\Autoloader->loadInNamespace('App\\Models\\Clie...')
#2 /opt/lampp/htdocs/mona_fitness/app/Controllers/Client.php(28): CodeIgniter\Autoloader\Autoloader->loadClass('App\\Models\\Clie...')
#3 /opt/lampp/htdocs/mona_fitness/system/CodeIgniter.php(824): App\Controllers\Client->saveNewClient()
#4 /opt/lampp/htdocs/mona_fitness/system/CodeIgniter.php(410): CodeIgniter\CodeIgniter->runController(Object(App\Controllers\Client))
#5 /opt/lampp/htdocs/mona_fitness/system/CodeIgniter.php(318): CodeIgniter\CodeIgniter->handleRequest(NULL, Object(Config\Cache), false)
#6 /opt/lampp/htdocs/mona_fitness/public/index.php(37): CodeIgniter\CodeIgniter->run()
#7 {main}
CRITICAL - 2022-01-04 16:41:54 --> Unclosed '{' on line 15
#0 /opt/lampp/htdocs/mona_fitness/system/Autoloader/Autoloader.php(241): CodeIgniter\Autoloader\Autoloader->includeFile('/opt/lampp/htdo...')
#1 /opt/lampp/htdocs/mona_fitness/system/Autoloader/Autoloader.php(219): CodeIgniter\Autoloader\Autoloader->loadInNamespace('App\\Models\\Clie...')
#2 /opt/lampp/htdocs/mona_fitness/app/Controllers/Client.php(28): CodeIgniter\Autoloader\Autoloader->loadClass('App\\Models\\Clie...')
#3 /opt/lampp/htdocs/mona_fitness/system/CodeIgniter.php(824): App\Controllers\Client->saveNewClient()
#4 /opt/lampp/htdocs/mona_fitness/system/CodeIgniter.php(410): CodeIgniter\CodeIgniter->runController(Object(App\Controllers\Client))
#5 /opt/lampp/htdocs/mona_fitness/system/CodeIgniter.php(318): CodeIgniter\CodeIgniter->handleRequest(NULL, Object(Config\Cache), false)
#6 /opt/lampp/htdocs/mona_fitness/public/index.php(37): CodeIgniter\CodeIgniter->run()
#7 {main}
CRITICAL - 2022-01-04 16:42:30 --> Unclosed '{' on line 15
#0 /opt/lampp/htdocs/mona_fitness/system/Autoloader/Autoloader.php(241): CodeIgniter\Autoloader\Autoloader->includeFile('/opt/lampp/htdo...')
#1 /opt/lampp/htdocs/mona_fitness/system/Autoloader/Autoloader.php(219): CodeIgniter\Autoloader\Autoloader->loadInNamespace('App\\Models\\Clie...')
#2 /opt/lampp/htdocs/mona_fitness/app/Controllers/Client.php(28): CodeIgniter\Autoloader\Autoloader->loadClass('App\\Models\\Clie...')
#3 /opt/lampp/htdocs/mona_fitness/system/CodeIgniter.php(824): App\Controllers\Client->saveNewClient()
#4 /opt/lampp/htdocs/mona_fitness/system/CodeIgniter.php(410): CodeIgniter\CodeIgniter->runController(Object(App\Controllers\Client))
#5 /opt/lampp/htdocs/mona_fitness/system/CodeIgniter.php(318): CodeIgniter\CodeIgniter->handleRequest(NULL, Object(Config\Cache), false)
#6 /opt/lampp/htdocs/mona_fitness/public/index.php(37): CodeIgniter\CodeIgniter->run()
#7 {main}
CRITICAL - 2022-01-04 16:42:44 --> Unclosed '{' on line 15
#0 /opt/lampp/htdocs/mona_fitness/system/Autoloader/Autoloader.php(241): CodeIgniter\Autoloader\Autoloader->includeFile('/opt/lampp/htdo...')
#1 /opt/lampp/htdocs/mona_fitness/system/Autoloader/Autoloader.php(219): CodeIgniter\Autoloader\Autoloader->loadInNamespace('App\\Models\\Clie...')
#2 /opt/lampp/htdocs/mona_fitness/app/Controllers/Client.php(28): CodeIgniter\Autoloader\Autoloader->loadClass('App\\Models\\Clie...')
#3 /opt/lampp/htdocs/mona_fitness/system/CodeIgniter.php(824): App\Controllers\Client->saveNewClient()
#4 /opt/lampp/htdocs/mona_fitness/system/CodeIgniter.php(410): CodeIgniter\CodeIgniter->runController(Object(App\Controllers\Client))
#5 /opt/lampp/htdocs/mona_fitness/system/CodeIgniter.php(318): CodeIgniter\CodeIgniter->handleRequest(NULL, Object(Config\Cache), false)
#6 /opt/lampp/htdocs/mona_fitness/public/index.php(37): CodeIgniter\CodeIgniter->run()
#7 {main}
CRITICAL - 2022-01-04 16:43:02 --> Unclosed '{' on line 15
#0 /opt/lampp/htdocs/mona_fitness/system/Autoloader/Autoloader.php(241): CodeIgniter\Autoloader\Autoloader->includeFile('/opt/lampp/htdo...')
#1 /opt/lampp/htdocs/mona_fitness/system/Autoloader/Autoloader.php(219): CodeIgniter\Autoloader\Autoloader->loadInNamespace('App\\Models\\Clie...')
#2 /opt/lampp/htdocs/mona_fitness/app/Controllers/Client.php(28): CodeIgniter\Autoloader\Autoloader->loadClass('App\\Models\\Clie...')
#3 /opt/lampp/htdocs/mona_fitness/system/CodeIgniter.php(824): App\Controllers\Client->saveNewClient()
#4 /opt/lampp/htdocs/mona_fitness/system/CodeIgniter.php(410): CodeIgniter\CodeIgniter->runController(Object(App\Controllers\Client))
#5 /opt/lampp/htdocs/mona_fitness/system/CodeIgniter.php(318): CodeIgniter\CodeIgniter->handleRequest(NULL, Object(Config\Cache), false)
#6 /opt/lampp/htdocs/mona_fitness/public/index.php(37): CodeIgniter\CodeIgniter->run()
#7 {main}
CRITICAL - 2022-01-04 16:43:15 --> Unclosed '{' on line 15
#0 /opt/lampp/htdocs/mona_fitness/system/Autoloader/Autoloader.php(241): CodeIgniter\Autoloader\Autoloader->includeFile('/opt/lampp/htdo...')
#1 /opt/lampp/htdocs/mona_fitness/system/Autoloader/Autoloader.php(219): CodeIgniter\Autoloader\Autoloader->loadInNamespace('App\\Models\\Clie...')
#2 /opt/lampp/htdocs/mona_fitness/app/Controllers/Client.php(28): CodeIgniter\Autoloader\Autoloader->loadClass('App\\Models\\Clie...')
#3 /opt/lampp/htdocs/mona_fitness/system/CodeIgniter.php(824): App\Controllers\Client->saveNewClient()
#4 /opt/lampp/htdocs/mona_fitness/system/CodeIgniter.php(410): CodeIgniter\CodeIgniter->runController(Object(App\Controllers\Client))
#5 /opt/lampp/htdocs/mona_fitness/system/CodeIgniter.php(318): CodeIgniter\CodeIgniter->handleRequest(NULL, Object(Config\Cache), false)
#6 /opt/lampp/htdocs/mona_fitness/public/index.php(37): CodeIgniter\CodeIgniter->run()
#7 {main}
CRITICAL - 2022-01-04 16:43:38 --> Unclosed '{' on line 15
#0 /opt/lampp/htdocs/mona_fitness/system/Autoloader/Autoloader.php(241): CodeIgniter\Autoloader\Autoloader->includeFile('/opt/lampp/htdo...')
#1 /opt/lampp/htdocs/mona_fitness/system/Autoloader/Autoloader.php(219): CodeIgniter\Autoloader\Autoloader->loadInNamespace('App\\Models\\Clie...')
#2 /opt/lampp/htdocs/mona_fitness/app/Controllers/Client.php(28): CodeIgniter\Autoloader\Autoloader->loadClass('App\\Models\\Clie...')
#3 /opt/lampp/htdocs/mona_fitness/system/CodeIgniter.php(824): App\Controllers\Client->saveNewClient()
#4 /opt/lampp/htdocs/mona_fitness/system/CodeIgniter.php(410): CodeIgniter\CodeIgniter->runController(Object(App\Controllers\Client))
#5 /opt/lampp/htdocs/mona_fitness/system/CodeIgniter.php(318): CodeIgniter\CodeIgniter->handleRequest(NULL, Object(Config\Cache), false)
#6 /opt/lampp/htdocs/mona_fitness/public/index.php(37): CodeIgniter\CodeIgniter->run()
#7 {main}
CRITICAL - 2022-01-04 16:46:02 --> Unclosed '{' on line 15
#0 /opt/lampp/htdocs/mona_fitness/system/Autoloader/Autoloader.php(241): CodeIgniter\Autoloader\Autoloader->includeFile('/opt/lampp/htdo...')
#1 /opt/lampp/htdocs/mona_fitness/system/Autoloader/Autoloader.php(219): CodeIgniter\Autoloader\Autoloader->loadInNamespace('App\\Models\\Clie...')
#2 /opt/lampp/htdocs/mona_fitness/app/Controllers/Client.php(27): CodeIgniter\Autoloader\Autoloader->loadClass('App\\Models\\Clie...')
#3 /opt/lampp/htdocs/mona_fitness/system/CodeIgniter.php(824): App\Controllers\Client->saveNewClient()
#4 /opt/lampp/htdocs/mona_fitness/system/CodeIgniter.php(410): CodeIgniter\CodeIgniter->runController(Object(App\Controllers\Client))
#5 /opt/lampp/htdocs/mona_fitness/system/CodeIgniter.php(318): CodeIgniter\CodeIgniter->handleRequest(NULL, Object(Config\Cache), false)
#6 /opt/lampp/htdocs/mona_fitness/public/index.php(37): CodeIgniter\CodeIgniter->run()
#7 {main}
CRITICAL - 2022-01-04 16:46:52 --> Unclosed '{' on line 14
#0 /opt/lampp/htdocs/mona_fitness/system/Autoloader/Autoloader.php(241): CodeIgniter\Autoloader\Autoloader->includeFile('/opt/lampp/htdo...')
#1 /opt/lampp/htdocs/mona_fitness/system/Autoloader/Autoloader.php(219): CodeIgniter\Autoloader\Autoloader->loadInNamespace('App\\Models\\Clie...')
#2 /opt/lampp/htdocs/mona_fitness/app/Controllers/Client.php(27): CodeIgniter\Autoloader\Autoloader->loadClass('App\\Models\\Clie...')
#3 /opt/lampp/htdocs/mona_fitness/system/CodeIgniter.php(824): App\Controllers\Client->saveNewClient()
#4 /opt/lampp/htdocs/mona_fitness/system/CodeIgniter.php(410): CodeIgniter\CodeIgniter->runController(Object(App\Controllers\Client))
#5 /opt/lampp/htdocs/mona_fitness/system/CodeIgniter.php(318): CodeIgniter\CodeIgniter->handleRequest(NULL, Object(Config\Cache), false)
#6 /opt/lampp/htdocs/mona_fitness/public/index.php(37): CodeIgniter\CodeIgniter->run()
#7 {main}
CRITICAL - 2022-01-04 16:47:20 --> Unclosed '{' on line 14
#0 /opt/lampp/htdocs/mona_fitness/system/Autoloader/Autoloader.php(241): CodeIgniter\Autoloader\Autoloader->includeFile('/opt/lampp/htdo...')
#1 /opt/lampp/htdocs/mona_fitness/system/Autoloader/Autoloader.php(219): CodeIgniter\Autoloader\Autoloader->loadInNamespace('App\\Models\\Clie...')
#2 /opt/lampp/htdocs/mona_fitness/app/Controllers/Client.php(27): CodeIgniter\Autoloader\Autoloader->loadClass('App\\Models\\Clie...')
#3 /opt/lampp/htdocs/mona_fitness/system/CodeIgniter.php(824): App\Controllers\Client->saveNewClient()
#4 /opt/lampp/htdocs/mona_fitness/system/CodeIgniter.php(410): CodeIgniter\CodeIgniter->runController(Object(App\Controllers\Client))
#5 /opt/lampp/htdocs/mona_fitness/system/CodeIgniter.php(318): CodeIgniter\CodeIgniter->handleRequest(NULL, Object(Config\Cache), false)
#6 /opt/lampp/htdocs/mona_fitness/public/index.php(37): CodeIgniter\CodeIgniter->run()
#7 {main}
CRITICAL - 2022-01-04 16:47:43 --> Unclosed '{' on line 14
#0 /opt/lampp/htdocs/mona_fitness/system/Autoloader/Autoloader.php(241): CodeIgniter\Autoloader\Autoloader->includeFile('/opt/lampp/htdo...')
#1 /opt/lampp/htdocs/mona_fitness/system/Autoloader/Autoloader.php(219): CodeIgniter\Autoloader\Autoloader->loadInNamespace('App\\Models\\Clie...')
#2 /opt/lampp/htdocs/mona_fitness/app/Controllers/Client.php(28): CodeIgniter\Autoloader\Autoloader->loadClass('App\\Models\\Clie...')
#3 /opt/lampp/htdocs/mona_fitness/system/CodeIgniter.php(824): App\Controllers\Client->saveNewClient()
#4 /opt/lampp/htdocs/mona_fitness/system/CodeIgniter.php(410): CodeIgniter\CodeIgniter->runController(Object(App\Controllers\Client))
#5 /opt/lampp/htdocs/mona_fitness/system/CodeIgniter.php(318): CodeIgniter\CodeIgniter->handleRequest(NULL, Object(Config\Cache), false)
#6 /opt/lampp/htdocs/mona_fitness/public/index.php(37): CodeIgniter\CodeIgniter->run()
#7 {main}
CRITICAL - 2022-01-04 16:48:06 --> Unclosed '{' on line 14
#0 /opt/lampp/htdocs/mona_fitness/system/Autoloader/Autoloader.php(241): CodeIgniter\Autoloader\Autoloader->includeFile('/opt/lampp/htdo...')
#1 /opt/lampp/htdocs/mona_fitness/system/Autoloader/Autoloader.php(219): CodeIgniter\Autoloader\Autoloader->loadInNamespace('App\\Models\\Clie...')
#2 /opt/lampp/htdocs/mona_fitness/app/Controllers/Client.php(28): CodeIgniter\Autoloader\Autoloader->loadClass('App\\Models\\Clie...')
#3 /opt/lampp/htdocs/mona_fitness/system/CodeIgniter.php(824): App\Controllers\Client->saveNewClient()
#4 /opt/lampp/htdocs/mona_fitness/system/CodeIgniter.php(410): CodeIgniter\CodeIgniter->runController(Object(App\Controllers\Client))
#5 /opt/lampp/htdocs/mona_fitness/system/CodeIgniter.php(318): CodeIgniter\CodeIgniter->handleRequest(NULL, Object(Config\Cache), false)
#6 /opt/lampp/htdocs/mona_fitness/public/index.php(37): CodeIgniter\CodeIgniter->run()
#7 {main}
CRITICAL - 2022-01-04 16:52:11 --> Unclosed '{' on line 14
#0 /opt/lampp/htdocs/mona_fitness/system/Autoloader/Autoloader.php(241): CodeIgniter\Autoloader\Autoloader->includeFile('/opt/lampp/htdo...')
#1 /opt/lampp/htdocs/mona_fitness/system/Autoloader/Autoloader.php(219): CodeIgniter\Autoloader\Autoloader->loadInNamespace('App\\Models\\Clie...')
#2 /opt/lampp/htdocs/mona_fitness/app/Controllers/Client.php(28): CodeIgniter\Autoloader\Autoloader->loadClass('App\\Models\\Clie...')
#3 /opt/lampp/htdocs/mona_fitness/system/CodeIgniter.php(824): App\Controllers\Client->saveNewClient()
#4 /opt/lampp/htdocs/mona_fitness/system/CodeIgniter.php(410): CodeIgniter\CodeIgniter->runController(Object(App\Controllers\Client))
#5 /opt/lampp/htdocs/mona_fitness/system/CodeIgniter.php(318): CodeIgniter\CodeIgniter->handleRequest(NULL, Object(Config\Cache), false)
#6 /opt/lampp/htdocs/mona_fitness/public/index.php(37): CodeIgniter\CodeIgniter->run()
#7 {main}
CRITICAL - 2022-01-04 16:55:49 --> Unclosed '{' on line 14
#0 /opt/lampp/htdocs/mona_fitness/system/Autoloader/Autoloader.php(241): CodeIgniter\Autoloader\Autoloader->includeFile('/opt/lampp/htdo...')
#1 /opt/lampp/htdocs/mona_fitness/system/Autoloader/Autoloader.php(219): CodeIgniter\Autoloader\Autoloader->loadInNamespace('App\\Models\\Clie...')
#2 /opt/lampp/htdocs/mona_fitness/app/Controllers/Client.php(28): CodeIgniter\Autoloader\Autoloader->loadClass('App\\Models\\Clie...')
#3 /opt/lampp/htdocs/mona_fitness/system/CodeIgniter.php(824): App\Controllers\Client->saveNewClient()
#4 /opt/lampp/htdocs/mona_fitness/system/CodeIgniter.php(410): CodeIgniter\CodeIgniter->runController(Object(App\Controllers\Client))
#5 /opt/lampp/htdocs/mona_fitness/system/CodeIgniter.php(318): CodeIgniter\CodeIgniter->handleRequest(NULL, Object(Config\Cache), false)
#6 /opt/lampp/htdocs/mona_fitness/public/index.php(37): CodeIgniter\CodeIgniter->run()
#7 {main}
CRITICAL - 2022-01-04 16:56:42 --> Unclosed '{' on line 14
#0 /opt/lampp/htdocs/mona_fitness/system/Autoloader/Autoloader.php(241): CodeIgniter\Autoloader\Autoloader->includeFile('/opt/lampp/htdo...')
#1 /opt/lampp/htdocs/mona_fitness/system/Autoloader/Autoloader.php(219): CodeIgniter\Autoloader\Autoloader->loadInNamespace('App\\Models\\Clie...')
#2 /opt/lampp/htdocs/mona_fitness/app/Controllers/Client.php(28): CodeIgniter\Autoloader\Autoloader->loadClass('App\\Models\\Clie...')
#3 /opt/lampp/htdocs/mona_fitness/system/CodeIgniter.php(824): App\Controllers\Client->saveNewClient()
#4 /opt/lampp/htdocs/mona_fitness/system/CodeIgniter.php(410): CodeIgniter\CodeIgniter->runController(Object(App\Controllers\Client))
#5 /opt/lampp/htdocs/mona_fitness/system/CodeIgniter.php(318): CodeIgniter\CodeIgniter->handleRequest(NULL, Object(Config\Cache), false)
#6 /opt/lampp/htdocs/mona_fitness/public/index.php(37): CodeIgniter\CodeIgniter->run()
#7 {main}
CRITICAL - 2022-01-04 17:05:40 --> Unclosed '{' on line 14
#0 /opt/lampp/htdocs/mona_fitness/system/Autoloader/Autoloader.php(241): CodeIgniter\Autoloader\Autoloader->includeFile('/opt/lampp/htdo...')
#1 /opt/lampp/htdocs/mona_fitness/system/Autoloader/Autoloader.php(219): CodeIgniter\Autoloader\Autoloader->loadInNamespace('App\\Models\\Clie...')
#2 /opt/lampp/htdocs/mona_fitness/app/Controllers/Client.php(28): CodeIgniter\Autoloader\Autoloader->loadClass('App\\Models\\Clie...')
#3 /opt/lampp/htdocs/mona_fitness/system/CodeIgniter.php(824): App\Controllers\Client->saveNewClient()
#4 /opt/lampp/htdocs/mona_fitness/system/CodeIgniter.php(410): CodeIgniter\CodeIgniter->runController(Object(App\Controllers\Client))
#5 /opt/lampp/htdocs/mona_fitness/system/CodeIgniter.php(318): CodeIgniter\CodeIgniter->handleRequest(NULL, Object(Config\Cache), false)
#6 /opt/lampp/htdocs/mona_fitness/public/index.php(37): CodeIgniter\CodeIgniter->run()
#7 {main}
CRITICAL - 2022-01-04 17:09:28 --> Unclosed '{' on line 14
#0 /opt/lampp/htdocs/mona_fitness/system/Autoloader/Autoloader.php(241): CodeIgniter\Autoloader\Autoloader->includeFile('/opt/lampp/htdo...')
#1 /opt/lampp/htdocs/mona_fitness/system/Autoloader/Autoloader.php(219): CodeIgniter\Autoloader\Autoloader->loadInNamespace('App\\Models\\Clie...')
#2 /opt/lampp/htdocs/mona_fitness/app/Controllers/Client.php(35): CodeIgniter\Autoloader\Autoloader->loadClass('App\\Models\\Clie...')
#3 /opt/lampp/htdocs/mona_fitness/system/CodeIgniter.php(824): App\Controllers\Client->saveNewClient()
#4 /opt/lampp/htdocs/mona_fitness/system/CodeIgniter.php(410): CodeIgniter\CodeIgniter->runController(Object(App\Controllers\Client))
#5 /opt/lampp/htdocs/mona_fitness/system/CodeIgniter.php(318): CodeIgniter\CodeIgniter->handleRequest(NULL, Object(Config\Cache), false)
#6 /opt/lampp/htdocs/mona_fitness/public/index.php(37): CodeIgniter\CodeIgniter->run()
#7 {main}
CRITICAL - 2022-01-04 17:13:46 --> Cannot use object of type stdClass as array
#0 /opt/lampp/htdocs/mona_fitness/system/CodeIgniter.php(824): App\Controllers\Client->saveNewClient()
#1 /opt/lampp/htdocs/mona_fitness/system/CodeIgniter.php(410): CodeIgniter\CodeIgniter->runController(Object(App\Controllers\Client))
#2 /opt/lampp/htdocs/mona_fitness/system/CodeIgniter.php(318): CodeIgniter\CodeIgniter->handleRequest(NULL, Object(Config\Cache), false)
#3 /opt/lampp/htdocs/mona_fitness/public/index.php(37): CodeIgniter\CodeIgniter->run()
#4 {main}
CRITICAL - 2022-01-04 17:13:54 --> Cannot use object of type stdClass as array
#0 /opt/lampp/htdocs/mona_fitness/system/CodeIgniter.php(824): App\Controllers\Client->saveNewClient()
#1 /opt/lampp/htdocs/mona_fitness/system/CodeIgniter.php(410): CodeIgniter\CodeIgniter->runController(Object(App\Controllers\Client))
#2 /opt/lampp/htdocs/mona_fitness/system/CodeIgniter.php(318): CodeIgniter\CodeIgniter->handleRequest(NULL, Object(Config\Cache), false)
#3 /opt/lampp/htdocs/mona_fitness/public/index.php(37): CodeIgniter\CodeIgniter->run()
#4 {main}
CRITICAL - 2022-01-04 17:14:19 --> Cannot use object of type stdClass as array
#0 /opt/lampp/htdocs/mona_fitness/system/CodeIgniter.php(824): App\Controllers\Client->saveNewClient()
#1 /opt/lampp/htdocs/mona_fitness/system/CodeIgniter.php(410): CodeIgniter\CodeIgniter->runController(Object(App\Controllers\Client))
#2 /opt/lampp/htdocs/mona_fitness/system/CodeIgniter.php(318): CodeIgniter\CodeIgniter->handleRequest(NULL, Object(Config\Cache), false)
#3 /opt/lampp/htdocs/mona_fitness/public/index.php(37): CodeIgniter\CodeIgniter->run()
#4 {main}
CRITICAL - 2022-01-04 17:14:42 --> Undefined property: stdClass::$amount
#0 /opt/lampp/htdocs/mona_fitness/app/Controllers/Client.php(43): CodeIgniter\Debug\Exceptions->errorHandler(2, 'Undefined prope...', '/opt/lampp/htdo...', 43)
#1 /opt/lampp/htdocs/mona_fitness/system/CodeIgniter.php(824): App\Controllers\Client->saveNewClient()
#2 /opt/lampp/htdocs/mona_fitness/system/CodeIgniter.php(410): CodeIgniter\CodeIgniter->runController(Object(App\Controllers\Client))
#3 /opt/lampp/htdocs/mona_fitness/system/CodeIgniter.php(318): CodeIgniter\CodeIgniter->handleRequest(NULL, Object(Config\Cache), false)
#4 /opt/lampp/htdocs/mona_fitness/public/index.php(37): CodeIgniter\CodeIgniter->run()
#5 {main}
CRITICAL - 2022-01-04 17:14:53 --> Undefined property: stdClass::$amount
#0 /opt/lampp/htdocs/mona_fitness/app/Controllers/Client.php(43): CodeIgniter\Debug\Exceptions->errorHandler(2, 'Undefined prope...', '/opt/lampp/htdo...', 43)
#1 /opt/lampp/htdocs/mona_fitness/system/CodeIgniter.php(824): App\Controllers\Client->saveNewClient()
#2 /opt/lampp/htdocs/mona_fitness/system/CodeIgniter.php(410): CodeIgniter\CodeIgniter->runController(Object(App\Controllers\Client))
#3 /opt/lampp/htdocs/mona_fitness/system/CodeIgniter.php(318): CodeIgniter\CodeIgniter->handleRequest(NULL, Object(Config\Cache), false)
#4 /opt/lampp/htdocs/mona_fitness/public/index.php(37): CodeIgniter\CodeIgniter->run()
#5 {main}
CRITICAL - 2022-01-04 17:15:21 --> Undefined property: stdClass::$amount
#0 /opt/lampp/htdocs/mona_fitness/app/Controllers/Client.php(43): CodeIgniter\Debug\Exceptions->errorHandler(2, 'Undefined prope...', '/opt/lampp/htdo...', 43)
#1 /opt/lampp/htdocs/mona_fitness/system/CodeIgniter.php(824): App\Controllers\Client->saveNewClient()
#2 /opt/lampp/htdocs/mona_fitness/system/CodeIgniter.php(410): CodeIgniter\CodeIgniter->runController(Object(App\Controllers\Client))
#3 /opt/lampp/htdocs/mona_fitness/system/CodeIgniter.php(318): CodeIgniter\CodeIgniter->handleRequest(NULL, Object(Config\Cache), false)
#4 /opt/lampp/htdocs/mona_fitness/public/index.php(37): CodeIgniter\CodeIgniter->run()
#5 {main}
CRITICAL - 2022-01-04 17:15:42 --> Undefined array key "planNutricion"
#0 /opt/lampp/htdocs/mona_fitness/app/Models/ClientesModel.php(82): CodeIgniter\Debug\Exceptions->errorHandler(2, 'Undefined array...', '/opt/lampp/htdo...', 82)
#1 /opt/lampp/htdocs/mona_fitness/app/Controllers/Client.php(69): App\Models\ClientesModel->saveClient(Array)
#2 /opt/lampp/htdocs/mona_fitness/system/CodeIgniter.php(824): App\Controllers\Client->saveNewClient()
#3 /opt/lampp/htdocs/mona_fitness/system/CodeIgniter.php(410): CodeIgniter\CodeIgniter->runController(Object(App\Controllers\Client))
#4 /opt/lampp/htdocs/mona_fitness/system/CodeIgniter.php(318): CodeIgniter\CodeIgniter->handleRequest(NULL, Object(Config\Cache), false)
#5 /opt/lampp/htdocs/mona_fitness/public/index.php(37): CodeIgniter\CodeIgniter->run()
#6 {main}
CRITICAL - 2022-01-04 17:16:19 --> Undefined array key "planNutricion"
#0 /opt/lampp/htdocs/mona_fitness/app/Models/ClientesModel.php(82): CodeIgniter\Debug\Exceptions->errorHandler(2, 'Undefined array...', '/opt/lampp/htdo...', 82)
#1 /opt/lampp/htdocs/mona_fitness/app/Controllers/Client.php(69): App\Models\ClientesModel->saveClient(Array)
#2 /opt/lampp/htdocs/mona_fitness/system/CodeIgniter.php(824): App\Controllers\Client->saveNewClient()
#3 /opt/lampp/htdocs/mona_fitness/system/CodeIgniter.php(410): CodeIgniter\CodeIgniter->runController(Object(App\Controllers\Client))
#4 /opt/lampp/htdocs/mona_fitness/system/CodeIgniter.php(318): CodeIgniter\CodeIgniter->handleRequest(NULL, Object(Config\Cache), false)
#5 /opt/lampp/htdocs/mona_fitness/public/index.php(37): CodeIgniter\CodeIgniter->run()
#6 {main}
CRITICAL - 2022-01-04 17:18:20 --> Undefined array key "planNutricion"
#0 /opt/lampp/htdocs/mona_fitness/app/Models/ClientesModel.php(82): CodeIgniter\Debug\Exceptions->errorHandler(2, 'Undefined array...', '/opt/lampp/htdo...', 82)
#1 /opt/lampp/htdocs/mona_fitness/app/Controllers/Client.php(69): App\Models\ClientesModel->saveClient(Array)
#2 /opt/lampp/htdocs/mona_fitness/system/CodeIgniter.php(824): App\Controllers\Client->saveNewClient()
#3 /opt/lampp/htdocs/mona_fitness/system/CodeIgniter.php(410): CodeIgniter\CodeIgniter->runController(Object(App\Controllers\Client))
#4 /opt/lampp/htdocs/mona_fitness/system/CodeIgniter.php(318): CodeIgniter\CodeIgniter->handleRequest(NULL, Object(Config\Cache), false)
#5 /opt/lampp/htdocs/mona_fitness/public/index.php(37): CodeIgniter\CodeIgniter->run()
#6 {main}
CRITICAL - 2022-01-04 17:19:58 --> Undefined array key "planNutricion"
#0 /opt/lampp/htdocs/mona_fitness/app/Models/ClientesModel.php(82): CodeIgniter\Debug\Exceptions->errorHandler(2, 'Undefined array...', '/opt/lampp/htdo...', 82)
#1 /opt/lampp/htdocs/mona_fitness/app/Controllers/Client.php(69): App\Models\ClientesModel->saveClient(Array)
#2 /opt/lampp/htdocs/mona_fitness/system/CodeIgniter.php(824): App\Controllers\Client->saveNewClient()
#3 /opt/lampp/htdocs/mona_fitness/system/CodeIgniter.php(410): CodeIgniter\CodeIgniter->runController(Object(App\Controllers\Client))
#4 /opt/lampp/htdocs/mona_fitness/system/CodeIgniter.php(318): CodeIgniter\CodeIgniter->handleRequest(NULL, Object(Config\Cache), false)
#5 /opt/lampp/htdocs/mona_fitness/public/index.php(37): CodeIgniter\CodeIgniter->run()
#6 {main}
CRITICAL - 2022-01-04 17:20:46 --> Undefined array key "planNutricion"
#0 /opt/lampp/htdocs/mona_fitness/app/Models/ClientesModel.php(82): CodeIgniter\Debug\Exceptions->errorHandler(2, 'Undefined array...', '/opt/lampp/htdo...', 82)
#1 /opt/lampp/htdocs/mona_fitness/app/Controllers/Client.php(69): App\Models\ClientesModel->saveClient(Array)
#2 /opt/lampp/htdocs/mona_fitness/system/CodeIgniter.php(824): App\Controllers\Client->saveNewClient()
#3 /opt/lampp/htdocs/mona_fitness/system/CodeIgniter.php(410): CodeIgniter\CodeIgniter->runController(Object(App\Controllers\Client))
#4 /opt/lampp/htdocs/mona_fitness/system/CodeIgniter.php(318): CodeIgniter\CodeIgniter->handleRequest(NULL, Object(Config\Cache), false)
#5 /opt/lampp/htdocs/mona_fitness/public/index.php(37): CodeIgniter\CodeIgniter->run()
#6 {main}
CRITICAL - 2022-01-04 17:21:27 --> Undefined array key "planNutricion"
#0 /opt/lampp/htdocs/mona_fitness/app/Models/ClientesModel.php(82): CodeIgniter\Debug\Exceptions->errorHandler(2, 'Undefined array...', '/opt/lampp/htdo...', 82)
#1 /opt/lampp/htdocs/mona_fitness/app/Controllers/Client.php(69): App\Models\ClientesModel->saveClient(Array)
#2 /opt/lampp/htdocs/mona_fitness/system/CodeIgniter.php(824): App\Controllers\Client->saveNewClient()
#3 /opt/lampp/htdocs/mona_fitness/system/CodeIgniter.php(410): CodeIgniter\CodeIgniter->runController(Object(App\Controllers\Client))
#4 /opt/lampp/htdocs/mona_fitness/system/CodeIgniter.php(318): CodeIgniter\CodeIgniter->handleRequest(NULL, Object(Config\Cache), false)
#5 /opt/lampp/htdocs/mona_fitness/public/index.php(37): CodeIgniter\CodeIgniter->run()
#6 {main}
CRITICAL - 2022-01-04 17:26:27 --> Undefined array key "planNutricion"
#0 /opt/lampp/htdocs/mona_fitness/app/Models/ClientesModel.php(79): CodeIgniter\Debug\Exceptions->errorHandler(2, 'Undefined array...', '/opt/lampp/htdo...', 79)
#1 /opt/lampp/htdocs/mona_fitness/app/Controllers/Client.php(69): App\Models\ClientesModel->saveClient(Array)
#2 /opt/lampp/htdocs/mona_fitness/system/CodeIgniter.php(824): App\Controllers\Client->saveNewClient()
#3 /opt/lampp/htdocs/mona_fitness/system/CodeIgniter.php(410): CodeIgniter\CodeIgniter->runController(Object(App\Controllers\Client))
#4 /opt/lampp/htdocs/mona_fitness/system/CodeIgniter.php(318): CodeIgniter\CodeIgniter->handleRequest(NULL, Object(Config\Cache), false)
#5 /opt/lampp/htdocs/mona_fitness/public/index.php(37): CodeIgniter\CodeIgniter->run()
#6 {main}
CRITICAL - 2022-01-04 17:28:20 --> syntax error, unexpected variable "$builder"
#0 /opt/lampp/htdocs/mona_fitness/system/Autoloader/Autoloader.php(241): CodeIgniter\Autoloader\Autoloader->includeFile('/opt/lampp/htdo...')
#1 /opt/lampp/htdocs/mona_fitness/system/Autoloader/Autoloader.php(219): CodeIgniter\Autoloader\Autoloader->loadInNamespace('App\\Models\\Clie...')
#2 /opt/lampp/htdocs/mona_fitness/app/Controllers/Client.php(35): CodeIgniter\Autoloader\Autoloader->loadClass('App\\Models\\Clie...')
#3 /opt/lampp/htdocs/mona_fitness/system/CodeIgniter.php(824): App\Controllers\Client->saveNewClient()
#4 /opt/lampp/htdocs/mona_fitness/system/CodeIgniter.php(410): CodeIgniter\CodeIgniter->runController(Object(App\Controllers\Client))
#5 /opt/lampp/htdocs/mona_fitness/system/CodeIgniter.php(318): CodeIgniter\CodeIgniter->handleRequest(NULL, Object(Config\Cache), false)
#6 /opt/lampp/htdocs/mona_fitness/public/index.php(37): CodeIgniter\CodeIgniter->run()
#7 {main}
CRITICAL - 2022-01-04 17:29:07 --> syntax error, unexpected variable "$builder"
#0 /opt/lampp/htdocs/mona_fitness/system/Autoloader/Autoloader.php(241): CodeIgniter\Autoloader\Autoloader->includeFile('/opt/lampp/htdo...')
#1 /opt/lampp/htdocs/mona_fitness/system/Autoloader/Autoloader.php(219): CodeIgniter\Autoloader\Autoloader->loadInNamespace('App\\Models\\Clie...')
#2 /opt/lampp/htdocs/mona_fitness/app/Controllers/Client.php(35): CodeIgniter\Autoloader\Autoloader->loadClass('App\\Models\\Clie...')
#3 /opt/lampp/htdocs/mona_fitness/system/CodeIgniter.php(824): App\Controllers\Client->saveNewClient()
#4 /opt/lampp/htdocs/mona_fitness/system/CodeIgniter.php(410): CodeIgniter\CodeIgniter->runController(Object(App\Controllers\Client))
#5 /opt/lampp/htdocs/mona_fitness/system/CodeIgniter.php(318): CodeIgniter\CodeIgniter->handleRequest(NULL, Object(Config\Cache), false)
#6 /opt/lampp/htdocs/mona_fitness/public/index.php(37): CodeIgniter\CodeIgniter->run()
#7 {main}
CRITICAL - 2022-01-04 17:29:56 --> Undefined array key "planNutricion"
#0 /opt/lampp/htdocs/mona_fitness/app/Models/ClientesModel.php(79): CodeIgniter\Debug\Exceptions->errorHandler(2, 'Undefined array...', '/opt/lampp/htdo...', 79)
#1 /opt/lampp/htdocs/mona_fitness/app/Controllers/Client.php(69): App\Models\ClientesModel->saveClient(Array)
#2 /opt/lampp/htdocs/mona_fitness/system/CodeIgniter.php(824): App\Controllers\Client->saveNewClient()
#3 /opt/lampp/htdocs/mona_fitness/system/CodeIgniter.php(410): CodeIgniter\CodeIgniter->runController(Object(App\Controllers\Client))
#4 /opt/lampp/htdocs/mona_fitness/system/CodeIgniter.php(318): CodeIgniter\CodeIgniter->handleRequest(NULL, Object(Config\Cache), false)
#5 /opt/lampp/htdocs/mona_fitness/public/index.php(37): CodeIgniter\CodeIgniter->run()
#6 {main}
CRITICAL - 2022-01-04 17:30:46 --> Undefined array key "planNutricion"
#0 /opt/lampp/htdocs/mona_fitness/app/Models/ClientesModel.php(76): CodeIgniter\Debug\Exceptions->errorHandler(2, 'Undefined array...', '/opt/lampp/htdo...', 76)
#1 /opt/lampp/htdocs/mona_fitness/app/Controllers/Client.php(69): App\Models\ClientesModel->saveClient(Array)
#2 /opt/lampp/htdocs/mona_fitness/system/CodeIgniter.php(824): App\Controllers\Client->saveNewClient()
#3 /opt/lampp/htdocs/mona_fitness/system/CodeIgniter.php(410): CodeIgniter\CodeIgniter->runController(Object(App\Controllers\Client))
#4 /opt/lampp/htdocs/mona_fitness/system/CodeIgniter.php(318): CodeIgniter\CodeIgniter->handleRequest(NULL, Object(Config\Cache), false)
#5 /opt/lampp/htdocs/mona_fitness/public/index.php(37): CodeIgniter\CodeIgniter->run()
#6 {main}
CRITICAL - 2022-01-04 17:37:05 --> Undefined array key "planNutricion"
#0 /opt/lampp/htdocs/mona_fitness/app/Models/ClientesModel.php(81): CodeIgniter\Debug\Exceptions->errorHandler(2, 'Undefined array...', '/opt/lampp/htdo...', 81)
#1 /opt/lampp/htdocs/mona_fitness/app/Controllers/Client.php(69): App\Models\ClientesModel->saveClient(Array)
#2 /opt/lampp/htdocs/mona_fitness/system/CodeIgniter.php(824): App\Controllers\Client->saveNewClient()
#3 /opt/lampp/htdocs/mona_fitness/system/CodeIgniter.php(410): CodeIgniter\CodeIgniter->runController(Object(App\Controllers\Client))
#4 /opt/lampp/htdocs/mona_fitness/system/CodeIgniter.php(318): CodeIgniter\CodeIgniter->handleRequest(NULL, Object(Config\Cache), false)
#5 /opt/lampp/htdocs/mona_fitness/public/index.php(37): CodeIgniter\CodeIgniter->run()
#6 {main}
CRITICAL - 2022-01-04 17:38:05 --> Unsupported operand types: int + string
#0 /opt/lampp/htdocs/mona_fitness/app/Models/ClientesModel.php(86): App\Models\ClientesModel->addPayment(10, 400, 1, '', 0, 2, 400, '', 0, '')
#1 /opt/lampp/htdocs/mona_fitness/app/Controllers/Client.php(69): App\Models\ClientesModel->saveClient(Array)
#2 /opt/lampp/htdocs/mona_fitness/system/CodeIgniter.php(824): App\Controllers\Client->saveNewClient()
#3 /opt/lampp/htdocs/mona_fitness/system/CodeIgniter.php(410): CodeIgniter\CodeIgniter->runController(Object(App\Controllers\Client))
#4 /opt/lampp/htdocs/mona_fitness/system/CodeIgniter.php(318): CodeIgniter\CodeIgniter->handleRequest(NULL, Object(Config\Cache), false)
#5 /opt/lampp/htdocs/mona_fitness/public/index.php(37): CodeIgniter\CodeIgniter->run()
#6 {main}
CRITICAL - 2022-01-04 17:38:58 --> Unsupported operand types: int + string
#0 /opt/lampp/htdocs/mona_fitness/app/Models/ClientesModel.php(86): App\Models\ClientesModel->addPayment(11, 400, 1, '', 0, 2, 400, '', 0, '')
#1 /opt/lampp/htdocs/mona_fitness/app/Controllers/Client.php(69): App\Models\ClientesModel->saveClient(Array)
#2 /opt/lampp/htdocs/mona_fitness/system/CodeIgniter.php(824): App\Controllers\Client->saveNewClient()
#3 /opt/lampp/htdocs/mona_fitness/system/CodeIgniter.php(410): CodeIgniter\CodeIgniter->runController(Object(App\Controllers\Client))
#4 /opt/lampp/htdocs/mona_fitness/system/CodeIgniter.php(318): CodeIgniter\CodeIgniter->handleRequest(NULL, Object(Config\Cache), false)
#5 /opt/lampp/htdocs/mona_fitness/public/index.php(37): CodeIgniter\CodeIgniter->run()
#6 {main}
CRITICAL - 2022-01-04 17:39:38 --> Unsupported operand types: int + string
#0 /opt/lampp/htdocs/mona_fitness/app/Models/ClientesModel.php(86): App\Models\ClientesModel->addPayment(12, 400, 1, '', 0, 2, 400, '', 0, '')
#1 /opt/lampp/htdocs/mona_fitness/app/Controllers/Client.php(69): App\Models\ClientesModel->saveClient(Array)
#2 /opt/lampp/htdocs/mona_fitness/system/CodeIgniter.php(824): App\Controllers\Client->saveNewClient()
#3 /opt/lampp/htdocs/mona_fitness/system/CodeIgniter.php(410): CodeIgniter\CodeIgniter->runController(Object(App\Controllers\Client))
#4 /opt/lampp/htdocs/mona_fitness/system/CodeIgniter.php(318): CodeIgniter\CodeIgniter->handleRequest(NULL, Object(Config\Cache), false)
#5 /opt/lampp/htdocs/mona_fitness/public/index.php(37): CodeIgniter\CodeIgniter->run()
#6 {main}
CRITICAL - 2022-01-04 17:40:16 --> Unsupported operand types: int + string
#0 /opt/lampp/htdocs/mona_fitness/app/Models/ClientesModel.php(86): App\Models\ClientesModel->addPayment(13, 400, 1, '', 0, 2, 400, '', 0, '')
#1 /opt/lampp/htdocs/mona_fitness/app/Controllers/Client.php(69): App\Models\ClientesModel->saveClient(Array)
#2 /opt/lampp/htdocs/mona_fitness/system/CodeIgniter.php(824): App\Controllers\Client->saveNewClient()
#3 /opt/lampp/htdocs/mona_fitness/system/CodeIgniter.php(410): CodeIgniter\CodeIgniter->runController(Object(App\Controllers\Client))
#4 /opt/lampp/htdocs/mona_fitness/system/CodeIgniter.php(318): CodeIgniter\CodeIgniter->handleRequest(NULL, Object(Config\Cache), false)
#5 /opt/lampp/htdocs/mona_fitness/public/index.php(37): CodeIgniter\CodeIgniter->run()
#6 {main}
CRITICAL - 2022-01-04 17:41:05 --> Unsupported operand types: int + string
#0 /opt/lampp/htdocs/mona_fitness/app/Models/ClientesModel.php(86): App\Models\ClientesModel->addPayment(14, 400, 1, '', 0, 2, 400, '', 0, 'gym estudiante')
#1 /opt/lampp/htdocs/mona_fitness/app/Controllers/Client.php(69): App\Models\ClientesModel->saveClient(Array)
#2 /opt/lampp/htdocs/mona_fitness/system/CodeIgniter.php(824): App\Controllers\Client->saveNewClient()
#3 /opt/lampp/htdocs/mona_fitness/system/CodeIgniter.php(410): CodeIgniter\CodeIgniter->runController(Object(App\Controllers\Client))
#4 /opt/lampp/htdocs/mona_fitness/system/CodeIgniter.php(318): CodeIgniter\CodeIgniter->handleRequest(NULL, Object(Config\Cache), false)
#5 /opt/lampp/htdocs/mona_fitness/public/index.php(37): CodeIgniter\CodeIgniter->run()
#6 {main}
CRITICAL - 2022-01-04 17:44:01 --> Unsupported operand types: int + string
#0 /opt/lampp/htdocs/mona_fitness/app/Models/ClientesModel.php(86): App\Models\ClientesModel->addPayment(15, 400, 1, '', 0, 2, 400, '', 0, 'gym estudiante')
#1 /opt/lampp/htdocs/mona_fitness/app/Controllers/Client.php(69): App\Models\ClientesModel->saveClient(Array)
#2 /opt/lampp/htdocs/mona_fitness/system/CodeIgniter.php(824): App\Controllers\Client->saveNewClient()
#3 /opt/lampp/htdocs/mona_fitness/system/CodeIgniter.php(410): CodeIgniter\CodeIgniter->runController(Object(App\Controllers\Client))
#4 /opt/lampp/htdocs/mona_fitness/system/CodeIgniter.php(318): CodeIgniter\CodeIgniter->handleRequest(NULL, Object(Config\Cache), false)
#5 /opt/lampp/htdocs/mona_fitness/public/index.php(37): CodeIgniter\CodeIgniter->run()
#6 {main}
CRITICAL - 2022-01-04 17:44:54 --> Array to string conversion
#0 /opt/lampp/htdocs/mona_fitness/app/Models/ClientesModel.php(113): CodeIgniter\Debug\Exceptions->errorHandler(2, 'Array to string...', '/opt/lampp/htdo...', 113)
#1 /opt/lampp/htdocs/mona_fitness/app/Models/ClientesModel.php(86): App\Models\ClientesModel->addPayment(16, 400, 1, '', 0, 2, 400, '', 0, 'gym estudiante')
#2 /opt/lampp/htdocs/mona_fitness/app/Controllers/Client.php(69): App\Models\ClientesModel->saveClient(Array)
#3 /opt/lampp/htdocs/mona_fitness/system/CodeIgniter.php(824): App\Controllers\Client->saveNewClient()
#4 /opt/lampp/htdocs/mona_fitness/system/CodeIgniter.php(410): CodeIgniter\CodeIgniter->runController(Object(App\Controllers\Client))
#5 /opt/lampp/htdocs/mona_fitness/system/CodeIgniter.php(318): CodeIgniter\CodeIgniter->handleRequest(NULL, Object(Config\Cache), false)
#6 /opt/lampp/htdocs/mona_fitness/public/index.php(37): CodeIgniter\CodeIgniter->run()
#7 {main}
CRITICAL - 2022-01-04 17:45:01 --> Unsupported operand types: int + string
#0 /opt/lampp/htdocs/mona_fitness/app/Models/ClientesModel.php(86): App\Models\ClientesModel->addPayment(17, 400, 1, '', 0, 2, 400, '', 0, 'gym estudiante')
#1 /opt/lampp/htdocs/mona_fitness/app/Controllers/Client.php(69): App\Models\ClientesModel->saveClient(Array)
#2 /opt/lampp/htdocs/mona_fitness/system/CodeIgniter.php(824): App\Controllers\Client->saveNewClient()
#3 /opt/lampp/htdocs/mona_fitness/system/CodeIgniter.php(410): CodeIgniter\CodeIgniter->runController(Object(App\Controllers\Client))
#4 /opt/lampp/htdocs/mona_fitness/system/CodeIgniter.php(318): CodeIgniter\CodeIgniter->handleRequest(NULL, Object(Config\Cache), false)
#5 /opt/lampp/htdocs/mona_fitness/public/index.php(37): CodeIgniter\CodeIgniter->run()
#6 {main}
CRITICAL - 2022-01-04 17:46:00 --> Unsupported operand types: int + string
#0 /opt/lampp/htdocs/mona_fitness/app/Models/ClientesModel.php(86): App\Models\ClientesModel->addPayment(18, 400, 1, '', 0, 2, 400, '', 0, 'gym estudiante')
#1 /opt/lampp/htdocs/mona_fitness/app/Controllers/Client.php(69): App\Models\ClientesModel->saveClient(Array)
#2 /opt/lampp/htdocs/mona_fitness/system/CodeIgniter.php(824): App\Controllers\Client->saveNewClient()
#3 /opt/lampp/htdocs/mona_fitness/system/CodeIgniter.php(410): CodeIgniter\CodeIgniter->runController(Object(App\Controllers\Client))
#4 /opt/lampp/htdocs/mona_fitness/system/CodeIgniter.php(318): CodeIgniter\CodeIgniter->handleRequest(NULL, Object(Config\Cache), false)
#5 /opt/lampp/htdocs/mona_fitness/public/index.php(37): CodeIgniter\CodeIgniter->run()
#6 {main}
CRITICAL - 2022-01-04 17:47:05 --> Unsupported operand types: int + string
#0 /opt/lampp/htdocs/mona_fitness/app/Models/ClientesModel.php(86): App\Models\ClientesModel->addPayment(19, 400, 1, '', 0, 2, 400, '', 0, 'gym estudiante')
#1 /opt/lampp/htdocs/mona_fitness/app/Controllers/Client.php(69): App\Models\ClientesModel->saveClient(Array)
#2 /opt/lampp/htdocs/mona_fitness/system/CodeIgniter.php(824): App\Controllers\Client->saveNewClient()
#3 /opt/lampp/htdocs/mona_fitness/system/CodeIgniter.php(410): CodeIgniter\CodeIgniter->runController(Object(App\Controllers\Client))
#4 /opt/lampp/htdocs/mona_fitness/system/CodeIgniter.php(318): CodeIgniter\CodeIgniter->handleRequest(NULL, Object(Config\Cache), false)
#5 /opt/lampp/htdocs/mona_fitness/public/index.php(37): CodeIgniter\CodeIgniter->run()
#6 {main}
CRITICAL - 2022-01-04 17:47:22 --> Unsupported operand types: int + string
#0 /opt/lampp/htdocs/mona_fitness/app/Models/ClientesModel.php(86): App\Models\ClientesModel->addPayment(20, 400, 1, '', 0, 2, 400, '', 0, 'gym estudiante')
#1 /opt/lampp/htdocs/mona_fitness/app/Controllers/Client.php(69): App\Models\ClientesModel->saveClient(Array)
#2 /opt/lampp/htdocs/mona_fitness/system/CodeIgniter.php(824): App\Controllers\Client->saveNewClient()
#3 /opt/lampp/htdocs/mona_fitness/system/CodeIgniter.php(410): CodeIgniter\CodeIgniter->runController(Object(App\Controllers\Client))
#4 /opt/lampp/htdocs/mona_fitness/system/CodeIgniter.php(318): CodeIgniter\CodeIgniter->handleRequest(NULL, Object(Config\Cache), false)
#5 /opt/lampp/htdocs/mona_fitness/public/index.php(37): CodeIgniter\CodeIgniter->run()
#6 {main}
CRITICAL - 2022-01-04 17:47:53 --> Unsupported operand types: int + string
#0 /opt/lampp/htdocs/mona_fitness/app/Models/ClientesModel.php(86): App\Models\ClientesModel->addPayment(21, 400, 1, '', 0, 2, 400, '', 0, 'gym estudiante')
#1 /opt/lampp/htdocs/mona_fitness/app/Controllers/Client.php(69): App\Models\ClientesModel->saveClient(Array)
#2 /opt/lampp/htdocs/mona_fitness/system/CodeIgniter.php(824): App\Controllers\Client->saveNewClient()
#3 /opt/lampp/htdocs/mona_fitness/system/CodeIgniter.php(410): CodeIgniter\CodeIgniter->runController(Object(App\Controllers\Client))
#4 /opt/lampp/htdocs/mona_fitness/system/CodeIgniter.php(318): CodeIgniter\CodeIgniter->handleRequest(NULL, Object(Config\Cache), false)
#5 /opt/lampp/htdocs/mona_fitness/public/index.php(37): CodeIgniter\CodeIgniter->run()
#6 {main}
CRITICAL - 2022-01-04 17:50:55 --> Array to string conversion
#0 /opt/lampp/htdocs/mona_fitness/app/Models/ClientesModel.php(192): CodeIgniter\Debug\Exceptions->errorHandler(2, 'Array to string...', '/opt/lampp/htdo...', 192)
#1 /opt/lampp/htdocs/mona_fitness/app/Models/ClientesModel.php(24): App\Models\ClientesModel->addClientUser('arenas.sapien@o...')
#2 /opt/lampp/htdocs/mona_fitness/app/Controllers/Client.php(69): App\Models\ClientesModel->saveClient(Array)
#3 /opt/lampp/htdocs/mona_fitness/system/CodeIgniter.php(824): App\Controllers\Client->saveNewClient()
#4 /opt/lampp/htdocs/mona_fitness/system/CodeIgniter.php(410): CodeIgniter\CodeIgniter->runController(Object(App\Controllers\Client))
#5 /opt/lampp/htdocs/mona_fitness/system/CodeIgniter.php(318): CodeIgniter\CodeIgniter->handleRequest(NULL, Object(Config\Cache), false)
#6 /opt/lampp/htdocs/mona_fitness/public/index.php(37): CodeIgniter\CodeIgniter->run()
#7 {main}
CRITICAL - 2022-01-04 17:51:45 --> Array to string conversion
#0 /opt/lampp/htdocs/mona_fitness/app/Models/ClientesModel.php(192): CodeIgniter\Debug\Exceptions->errorHandler(2, 'Array to string...', '/opt/lampp/htdo...', 192)
#1 /opt/lampp/htdocs/mona_fitness/app/Models/ClientesModel.php(24): App\Models\ClientesModel->addClientUser('arenas.sapien@o...')
#2 /opt/lampp/htdocs/mona_fitness/app/Controllers/Client.php(69): App\Models\ClientesModel->saveClient(Array)
#3 /opt/lampp/htdocs/mona_fitness/system/CodeIgniter.php(824): App\Controllers\Client->saveNewClient()
#4 /opt/lampp/htdocs/mona_fitness/system/CodeIgniter.php(410): CodeIgniter\CodeIgniter->runController(Object(App\Controllers\Client))
#5 /opt/lampp/htdocs/mona_fitness/system/CodeIgniter.php(318): CodeIgniter\CodeIgniter->handleRequest(NULL, Object(Config\Cache), false)
#6 /opt/lampp/htdocs/mona_fitness/public/index.php(37): CodeIgniter\CodeIgniter->run()
#7 {main}
CRITICAL - 2022-01-04 17:52:08 --> Undefined variable $WU7l6Uz
#0 /opt/lampp/htdocs/mona_fitness/app/Models/ClientesModel.php(188): CodeIgniter\Debug\Exceptions->errorHandler(2, 'Undefined varia...', '/opt/lampp/htdo...', 188)
#1 /opt/lampp/htdocs/mona_fitness/app/Models/ClientesModel.php(24): App\Models\ClientesModel->addClientUser('arenas.sapien@o...')
#2 /opt/lampp/htdocs/mona_fitness/app/Controllers/Client.php(69): App\Models\ClientesModel->saveClient(Array)
#3 /opt/lampp/htdocs/mona_fitness/system/CodeIgniter.php(824): App\Controllers\Client->saveNewClient()
#4 /opt/lampp/htdocs/mona_fitness/system/CodeIgniter.php(410): CodeIgniter\CodeIgniter->runController(Object(App\Controllers\Client))
#5 /opt/lampp/htdocs/mona_fitness/system/CodeIgniter.php(318): CodeIgniter\CodeIgniter->handleRequest(NULL, Object(Config\Cache), false)
#6 /opt/lampp/htdocs/mona_fitness/public/index.php(37): CodeIgniter\CodeIgniter->run()
#7 {main}
CRITICAL - 2022-01-04 17:52:42 --> Undefined variable $AHfyUZY
#0 /opt/lampp/htdocs/mona_fitness/app/Models/ClientesModel.php(187): CodeIgniter\Debug\Exceptions->errorHandler(2, 'Undefined varia...', '/opt/lampp/htdo...', 187)
#1 /opt/lampp/htdocs/mona_fitness/app/Models/ClientesModel.php(24): App\Models\ClientesModel->addClientUser('arenas.sapien@o...')
#2 /opt/lampp/htdocs/mona_fitness/app/Controllers/Client.php(69): App\Models\ClientesModel->saveClient(Array)
#3 /opt/lampp/htdocs/mona_fitness/system/CodeIgniter.php(824): App\Controllers\Client->saveNewClient()
#4 /opt/lampp/htdocs/mona_fitness/system/CodeIgniter.php(410): CodeIgniter\CodeIgniter->runController(Object(App\Controllers\Client))
#5 /opt/lampp/htdocs/mona_fitness/system/CodeIgniter.php(318): CodeIgniter\CodeIgniter->handleRequest(NULL, Object(Config\Cache), false)
#6 /opt/lampp/htdocs/mona_fitness/public/index.php(37): CodeIgniter\CodeIgniter->run()
#7 {main}
CRITICAL - 2022-01-04 17:52:56 --> Undefined variable $zzhxyLM
#0 /opt/lampp/htdocs/mona_fitness/app/Models/ClientesModel.php(187): CodeIgniter\Debug\Exceptions->errorHandler(2, 'Undefined varia...', '/opt/lampp/htdo...', 187)
#1 /opt/lampp/htdocs/mona_fitness/app/Models/ClientesModel.php(24): App\Models\ClientesModel->addClientUser('arenas.sapien@o...')
#2 /opt/lampp/htdocs/mona_fitness/app/Controllers/Client.php(69): App\Models\ClientesModel->saveClient(Array)
#3 /opt/lampp/htdocs/mona_fitness/system/CodeIgniter.php(824): App\Controllers\Client->saveNewClient()
#4 /opt/lampp/htdocs/mona_fitness/system/CodeIgniter.php(410): CodeIgniter\CodeIgniter->runController(Object(App\Controllers\Client))
#5 /opt/lampp/htdocs/mona_fitness/system/CodeIgniter.php(318): CodeIgniter\CodeIgniter->handleRequest(NULL, Object(Config\Cache), false)
#6 /opt/lampp/htdocs/mona_fitness/public/index.php(37): CodeIgniter\CodeIgniter->run()
#7 {main}
CRITICAL - 2022-01-04 17:54:04 --> Array to string conversion
#0 /opt/lampp/htdocs/mona_fitness/app/Models/ClientesModel.php(187): CodeIgniter\Debug\Exceptions->errorHandler(2, 'Array to string...', '/opt/lampp/htdo...', 187)
#1 /opt/lampp/htdocs/mona_fitness/app/Models/ClientesModel.php(24): App\Models\ClientesModel->addClientUser('arenas.sapien@o...')
#2 /opt/lampp/htdocs/mona_fitness/app/Controllers/Client.php(69): App\Models\ClientesModel->saveClient(Array)
#3 /opt/lampp/htdocs/mona_fitness/system/CodeIgniter.php(824): App\Controllers\Client->saveNewClient()
#4 /opt/lampp/htdocs/mona_fitness/system/CodeIgniter.php(410): CodeIgniter\CodeIgniter->runController(Object(App\Controllers\Client))
#5 /opt/lampp/htdocs/mona_fitness/system/CodeIgniter.php(318): CodeIgniter\CodeIgniter->handleRequest(NULL, Object(Config\Cache), false)
#6 /opt/lampp/htdocs/mona_fitness/public/index.php(37): CodeIgniter\CodeIgniter->run()
#7 {main}
CRITICAL - 2022-01-04 17:55:34 --> Undefined variable $SXicYAR
#0 /opt/lampp/htdocs/mona_fitness/app/Models/ClientesModel.php(187): CodeIgniter\Debug\Exceptions->errorHandler(2, 'Undefined varia...', '/opt/lampp/htdo...', 187)
#1 /opt/lampp/htdocs/mona_fitness/app/Models/ClientesModel.php(24): App\Models\ClientesModel->addClientUser('arenas.sapien@o...')
#2 /opt/lampp/htdocs/mona_fitness/app/Controllers/Client.php(69): App\Models\ClientesModel->saveClient(Array)
#3 /opt/lampp/htdocs/mona_fitness/system/CodeIgniter.php(824): App\Controllers\Client->saveNewClient()
#4 /opt/lampp/htdocs/mona_fitness/system/CodeIgniter.php(410): CodeIgniter\CodeIgniter->runController(Object(App\Controllers\Client))
#5 /opt/lampp/htdocs/mona_fitness/system/CodeIgniter.php(318): CodeIgniter\CodeIgniter->handleRequest(NULL, Object(Config\Cache), false)
#6 /opt/lampp/htdocs/mona_fitness/public/index.php(37): CodeIgniter\CodeIgniter->run()
#7 {main}
CRITICAL - 2022-01-04 17:56:12 --> Undefined variable $vRKzNJa
#0 /opt/lampp/htdocs/mona_fitness/app/Models/ClientesModel.php(187): CodeIgniter\Debug\Exceptions->errorHandler(2, 'Undefined varia...', '/opt/lampp/htdo...', 187)
#1 /opt/lampp/htdocs/mona_fitness/app/Models/ClientesModel.php(24): App\Models\ClientesModel->addClientUser('arenas.sapien@o...')
#2 /opt/lampp/htdocs/mona_fitness/app/Controllers/Client.php(69): App\Models\ClientesModel->saveClient(Array)
#3 /opt/lampp/htdocs/mona_fitness/system/CodeIgniter.php(824): App\Controllers\Client->saveNewClient()
#4 /opt/lampp/htdocs/mona_fitness/system/CodeIgniter.php(410): CodeIgniter\CodeIgniter->runController(Object(App\Controllers\Client))
#5 /opt/lampp/htdocs/mona_fitness/system/CodeIgniter.php(318): CodeIgniter\CodeIgniter->handleRequest(NULL, Object(Config\Cache), false)
#6 /opt/lampp/htdocs/mona_fitness/public/index.php(37): CodeIgniter\CodeIgniter->run()
#7 {main}
CRITICAL - 2022-01-04 17:56:39 --> Undefined array key "planNutricion"
#0 /opt/lampp/htdocs/mona_fitness/app/Models/ClientesModel.php(49): CodeIgniter\Debug\Exceptions->errorHandler(2, 'Undefined array...', '/opt/lampp/htdo...', 49)
#1 /opt/lampp/htdocs/mona_fitness/app/Controllers/Client.php(69): App\Models\ClientesModel->saveClient(Array)
#2 /opt/lampp/htdocs/mona_fitness/system/CodeIgniter.php(824): App\Controllers\Client->saveNewClient()
#3 /opt/lampp/htdocs/mona_fitness/system/CodeIgniter.php(410): CodeIgniter\CodeIgniter->runController(Object(App\Controllers\Client))
#4 /opt/lampp/htdocs/mona_fitness/system/CodeIgniter.php(318): CodeIgniter\CodeIgniter->handleRequest(NULL, Object(Config\Cache), false)
#5 /opt/lampp/htdocs/mona_fitness/public/index.php(37): CodeIgniter\CodeIgniter->run()
#6 {main}
CRITICAL - 2022-01-04 17:59:31 --> Undefined array key "planNutricion"
#0 /opt/lampp/htdocs/mona_fitness/app/Models/ClientesModel.php(49): CodeIgniter\Debug\Exceptions->errorHandler(2, 'Undefined array...', '/opt/lampp/htdo...', 49)
#1 /opt/lampp/htdocs/mona_fitness/app/Controllers/Client.php(69): App\Models\ClientesModel->saveClient(Array)
#2 /opt/lampp/htdocs/mona_fitness/system/CodeIgniter.php(824): App\Controllers\Client->saveNewClient()
#3 /opt/lampp/htdocs/mona_fitness/system/CodeIgniter.php(410): CodeIgniter\CodeIgniter->runController(Object(App\Controllers\Client))
#4 /opt/lampp/htdocs/mona_fitness/system/CodeIgniter.php(318): CodeIgniter\CodeIgniter->handleRequest(NULL, Object(Config\Cache), false)
#5 /opt/lampp/htdocs/mona_fitness/public/index.php(37): CodeIgniter\CodeIgniter->run()
#6 {main}
CRITICAL - 2022-01-04 18:00:05 --> Undefined array key "planNutricion"
#0 /opt/lampp/htdocs/mona_fitness/app/Models/ClientesModel.php(49): CodeIgniter\Debug\Exceptions->errorHandler(2, 'Undefined array...', '/opt/lampp/htdo...', 49)
#1 /opt/lampp/htdocs/mona_fitness/app/Controllers/Client.php(69): App\Models\ClientesModel->saveClient(Array)
#2 /opt/lampp/htdocs/mona_fitness/system/CodeIgniter.php(824): App\Controllers\Client->saveNewClient()
#3 /opt/lampp/htdocs/mona_fitness/system/CodeIgniter.php(410): CodeIgniter\CodeIgniter->runController(Object(App\Controllers\Client))
#4 /opt/lampp/htdocs/mona_fitness/system/CodeIgniter.php(318): CodeIgniter\CodeIgniter->handleRequest(NULL, Object(Config\Cache), false)
#5 /opt/lampp/htdocs/mona_fitness/public/index.php(37): CodeIgniter\CodeIgniter->run()
#6 {main}
CRITICAL - 2022-01-04 18:02:56 --> Undefined array key "planNutricion"
#0 /opt/lampp/htdocs/mona_fitness/app/Models/ClientesModel.php(49): CodeIgniter\Debug\Exceptions->errorHandler(2, 'Undefined array...', '/opt/lampp/htdo...', 49)
#1 /opt/lampp/htdocs/mona_fitness/app/Controllers/Client.php(69): App\Models\ClientesModel->saveClient(Array)
#2 /opt/lampp/htdocs/mona_fitness/system/CodeIgniter.php(824): App\Controllers\Client->saveNewClient()
#3 /opt/lampp/htdocs/mona_fitness/system/CodeIgniter.php(410): CodeIgniter\CodeIgniter->runController(Object(App\Controllers\Client))
#4 /opt/lampp/htdocs/mona_fitness/system/CodeIgniter.php(318): CodeIgniter\CodeIgniter->handleRequest(NULL, Object(Config\Cache), false)
#5 /opt/lampp/htdocs/mona_fitness/public/index.php(37): CodeIgniter\CodeIgniter->run()
#6 {main}
CRITICAL - 2022-01-04 18:03:43 --> Undefined array key "planNutricion"
#0 /opt/lampp/htdocs/mona_fitness/app/Models/ClientesModel.php(49): CodeIgniter\Debug\Exceptions->errorHandler(2, 'Undefined array...', '/opt/lampp/htdo...', 49)
#1 /opt/lampp/htdocs/mona_fitness/app/Controllers/Client.php(69): App\Models\ClientesModel->saveClient(Array)
#2 /opt/lampp/htdocs/mona_fitness/system/CodeIgniter.php(824): App\Controllers\Client->saveNewClient()
#3 /opt/lampp/htdocs/mona_fitness/system/CodeIgniter.php(410): CodeIgniter\CodeIgniter->runController(Object(App\Controllers\Client))
#4 /opt/lampp/htdocs/mona_fitness/system/CodeIgniter.php(318): CodeIgniter\CodeIgniter->handleRequest(NULL, Object(Config\Cache), false)
#5 /opt/lampp/htdocs/mona_fitness/public/index.php(37): CodeIgniter\CodeIgniter->run()
#6 {main}
CRITICAL - 2022-01-04 18:04:27 --> Undefined array key "planNutricion"
#0 /opt/lampp/htdocs/mona_fitness/app/Models/ClientesModel.php(49): CodeIgniter\Debug\Exceptions->errorHandler(2, 'Undefined array...', '/opt/lampp/htdo...', 49)
#1 /opt/lampp/htdocs/mona_fitness/app/Controllers/Client.php(69): App\Models\ClientesModel->saveClient(Array)
#2 /opt/lampp/htdocs/mona_fitness/system/CodeIgniter.php(824): App\Controllers\Client->saveNewClient()
#3 /opt/lampp/htdocs/mona_fitness/system/CodeIgniter.php(410): CodeIgniter\CodeIgniter->runController(Object(App\Controllers\Client))
#4 /opt/lampp/htdocs/mona_fitness/system/CodeIgniter.php(318): CodeIgniter\CodeIgniter->handleRequest(NULL, Object(Config\Cache), false)
#5 /opt/lampp/htdocs/mona_fitness/public/index.php(37): CodeIgniter\CodeIgniter->run()
#6 {main}
CRITICAL - 2022-01-04 18:07:50 --> Undefined array key "planNutricion"
#0 /opt/lampp/htdocs/mona_fitness/app/Models/ClientesModel.php(49): CodeIgniter\Debug\Exceptions->errorHandler(2, 'Undefined array...', '/opt/lampp/htdo...', 49)
#1 /opt/lampp/htdocs/mona_fitness/app/Controllers/Client.php(69): App\Models\ClientesModel->saveClient(Array)
#2 /opt/lampp/htdocs/mona_fitness/system/CodeIgniter.php(824): App\Controllers\Client->saveNewClient()
#3 /opt/lampp/htdocs/mona_fitness/system/CodeIgniter.php(410): CodeIgniter\CodeIgniter->runController(Object(App\Controllers\Client))
#4 /opt/lampp/htdocs/mona_fitness/system/CodeIgniter.php(318): CodeIgniter\CodeIgniter->handleRequest(NULL, Object(Config\Cache), false)
#5 /opt/lampp/htdocs/mona_fitness/public/index.php(37): CodeIgniter\CodeIgniter->run()
#6 {main}
CRITICAL - 2022-01-04 18:08:09 --> Undefined array key "planNutricion"
#0 /opt/lampp/htdocs/mona_fitness/app/Models/ClientesModel.php(49): CodeIgniter\Debug\Exceptions->errorHandler(2, 'Undefined array...', '/opt/lampp/htdo...', 49)
#1 /opt/lampp/htdocs/mona_fitness/app/Controllers/Client.php(69): App\Models\ClientesModel->saveClient(Array)
#2 /opt/lampp/htdocs/mona_fitness/system/CodeIgniter.php(824): App\Controllers\Client->saveNewClient()
#3 /opt/lampp/htdocs/mona_fitness/system/CodeIgniter.php(410): CodeIgniter\CodeIgniter->runController(Object(App\Controllers\Client))
#4 /opt/lampp/htdocs/mona_fitness/system/CodeIgniter.php(318): CodeIgniter\CodeIgniter->handleRequest(NULL, Object(Config\Cache), false)
#5 /opt/lampp/htdocs/mona_fitness/public/index.php(37): CodeIgniter\CodeIgniter->run()
#6 {main}
ERROR - 2022-01-04 18:23:36 --> Unknown column 'Class.fullName' in 'field list'
ERROR - 2022-01-04 18:24:20 --> Column 'fullName' in field list is ambiguous
ERROR - 2022-01-04 18:26:25 --> Unknown column 'Trainer.idClass' in 'on clause'
