CRITICAL - 2022-01-25 18:29:00 --> Undefined variable $nombre_equipo
#0 /Applications/MAMP/htdocs/uabc/app/Views/nuevo_admin.php(460): CodeIgniter\Debug\Exceptions->errorHandler(2, 'Undefined varia...', '/Applications/M...', 460)
#1 /Applications/MAMP/htdocs/uabc/system/View/View.php(214): include('/Applications/M...')
#2 /Applications/MAMP/htdocs/uabc/system/View/View.php(217): CodeIgniter\View\View->CodeIgniter\View\{closure}()
#3 /Applications/MAMP/htdocs/uabc/system/Common.php(1097): CodeIgniter\View\View->render('nuevo_admin', Array, true)
#4 /Applications/MAMP/htdocs/uabc/app/Controllers/Home.php(54): view('nuevo_admin')
#5 /Applications/MAMP/htdocs/uabc/system/CodeIgniter.php(824): App\Controllers\Home->alta_admin()
#6 /Applications/MAMP/htdocs/uabc/system/CodeIgniter.php(410): CodeIgniter\CodeIgniter->runController(Object(App\Controllers\Home))
#7 /Applications/MAMP/htdocs/uabc/system/CodeIgniter.php(318): CodeIgniter\CodeIgniter->handleRequest(NULL, Object(Config\Cache), false)
#8 /Applications/MAMP/htdocs/uabc/public/index.php(37): CodeIgniter\CodeIgniter->run()
#9 {main}
CRITICAL - 2022-01-25 18:29:29 --> Undefined variable $nombre_equipo
#0 /Applications/MAMP/htdocs/uabc/app/Views/nuevo_admin.php(460): CodeIgniter\Debug\Exceptions->errorHandler(2, 'Undefined varia...', '/Applications/M...', 460)
#1 /Applications/MAMP/htdocs/uabc/system/View/View.php(214): include('/Applications/M...')
#2 /Applications/MAMP/htdocs/uabc/system/View/View.php(217): CodeIgniter\View\View->CodeIgniter\View\{closure}()
#3 /Applications/MAMP/htdocs/uabc/system/Common.php(1097): CodeIgniter\View\View->render('nuevo_admin', Array, true)
#4 /Applications/MAMP/htdocs/uabc/app/Controllers/Home.php(54): view('nuevo_admin')
#5 /Applications/MAMP/htdocs/uabc/system/CodeIgniter.php(824): App\Controllers\Home->alta_admin()
#6 /Applications/MAMP/htdocs/uabc/system/CodeIgniter.php(410): CodeIgniter\CodeIgniter->runController(Object(App\Controllers\Home))
#7 /Applications/MAMP/htdocs/uabc/system/CodeIgniter.php(318): CodeIgniter\CodeIgniter->handleRequest(NULL, Object(Config\Cache), false)
#8 /Applications/MAMP/htdocs/uabc/public/index.php(37): CodeIgniter\CodeIgniter->run()
#9 {main}
