ERROR - 2022-02-24 10:45:33 --> Expression #18 of SELECT list is not in GROUP BY clause and contains nonaggregated column 'uabc_torneos.EquiposInscritos.idEquipo' which is not functionally dependent on columns in GROUP BY clause; this is incompatible with sql_mode=only_full_group_by
CRITICAL - 2022-02-24 10:45:33 --> Call to a member function getResult() on bool
#0 /Applications/MAMP/htdocs/uabc/app/Controllers/Torneos.php(32): App\Models\TorneosModel->getTorneos('0', 'hola', 'hola', '0')
#1 /Applications/MAMP/htdocs/uabc/system/CodeIgniter.php(824): App\Controllers\Torneos->getTorneos('0', 'hola', 'hola', '0')
#2 /Applications/MAMP/htdocs/uabc/system/CodeIgniter.php(410): CodeIgniter\CodeIgniter->runController(Object(App\Controllers\Torneos))
#3 /Applications/MAMP/htdocs/uabc/system/CodeIgniter.php(318): CodeIgniter\CodeIgniter->handleRequest(NULL, Object(Config\Cache), false)
#4 /Applications/MAMP/htdocs/uabc/public/index.php(37): CodeIgniter\CodeIgniter->run()
#5 {main}
ERROR - 2022-02-24 10:45:41 --> Expression #18 of SELECT list is not in GROUP BY clause and contains nonaggregated column 'uabc_torneos.EquiposInscritos.idEquipo' which is not functionally dependent on columns in GROUP BY clause; this is incompatible with sql_mode=only_full_group_by
CRITICAL - 2022-02-24 10:45:41 --> Call to a member function getResult() on bool
#0 /Applications/MAMP/htdocs/uabc/app/Controllers/Torneos.php(32): App\Models\TorneosModel->getTorneos('0', 'hola', 'hola', '0')
#1 /Applications/MAMP/htdocs/uabc/system/CodeIgniter.php(824): App\Controllers\Torneos->getTorneos('0', 'hola', 'hola', '0')
#2 /Applications/MAMP/htdocs/uabc/system/CodeIgniter.php(410): CodeIgniter\CodeIgniter->runController(Object(App\Controllers\Torneos))
#3 /Applications/MAMP/htdocs/uabc/system/CodeIgniter.php(318): CodeIgniter\CodeIgniter->handleRequest(NULL, Object(Config\Cache), false)
#4 /Applications/MAMP/htdocs/uabc/public/index.php(37): CodeIgniter\CodeIgniter->run()
#5 {main}
ERROR - 2022-02-24 10:48:38 --> Not unique table/alias: 'Deporte'
CRITICAL - 2022-02-24 10:48:38 --> Call to a member function getResult() on bool
#0 /Applications/MAMP/htdocs/uabc/app/Controllers/Torneos.php(32): App\Models\TorneosModel->getTorneos('2', '2022-02-24T18:4...', '2022-02-24T18:4...', '1')
#1 /Applications/MAMP/htdocs/uabc/system/CodeIgniter.php(824): App\Controllers\Torneos->getTorneos('2', '2022-02-24T18:4...', '2022-02-24T18:4...', '1')
#2 /Applications/MAMP/htdocs/uabc/system/CodeIgniter.php(410): CodeIgniter\CodeIgniter->runController(Object(App\Controllers\Torneos))
#3 /Applications/MAMP/htdocs/uabc/system/CodeIgniter.php(318): CodeIgniter\CodeIgniter->handleRequest(NULL, Object(Config\Cache), false)
#4 /Applications/MAMP/htdocs/uabc/public/index.php(37): CodeIgniter\CodeIgniter->run()
#5 {main}
ERROR - 2022-02-24 11:49:03 --> Not unique table/alias: 'Deporte'
CRITICAL - 2022-02-24 11:49:03 --> Call to a member function getResult() on bool
#0 /Applications/MAMP/htdocs/uabc/app/Controllers/Torneos.php(32): App\Models\TorneosModel->getTorneos('2', '2022-02-24T19:4...', '2022-02-24T19:4...', '1')
#1 /Applications/MAMP/htdocs/uabc/system/CodeIgniter.php(824): App\Controllers\Torneos->getTorneos('2', '2022-02-24T19:4...', '2022-02-24T19:4...', '1')
#2 /Applications/MAMP/htdocs/uabc/system/CodeIgniter.php(410): CodeIgniter\CodeIgniter->runController(Object(App\Controllers\Torneos))
#3 /Applications/MAMP/htdocs/uabc/system/CodeIgniter.php(318): CodeIgniter\CodeIgniter->handleRequest(NULL, Object(Config\Cache), false)
#4 /Applications/MAMP/htdocs/uabc/public/index.php(37): CodeIgniter\CodeIgniter->run()
#5 {main}
ERROR - 2022-02-24 11:49:06 --> Not unique table/alias: 'Deporte'
CRITICAL - 2022-02-24 11:49:06 --> Call to a member function getResult() on bool
#0 /Applications/MAMP/htdocs/uabc/app/Controllers/Torneos.php(32): App\Models\TorneosModel->getTorneos('2', '2022-02-24T19:4...', '2022-02-24T19:4...', '1')
#1 /Applications/MAMP/htdocs/uabc/system/CodeIgniter.php(824): App\Controllers\Torneos->getTorneos('2', '2022-02-24T19:4...', '2022-02-24T19:4...', '1')
#2 /Applications/MAMP/htdocs/uabc/system/CodeIgniter.php(410): CodeIgniter\CodeIgniter->runController(Object(App\Controllers\Torneos))
#3 /Applications/MAMP/htdocs/uabc/system/CodeIgniter.php(318): CodeIgniter\CodeIgniter->handleRequest(NULL, Object(Config\Cache), false)
#4 /Applications/MAMP/htdocs/uabc/public/index.php(37): CodeIgniter\CodeIgniter->run()
#5 {main}
CRITICAL - 2022-02-24 11:50:27 --> Undefined variable $tipoUsuario
#0 /Applications/MAMP/htdocs/uabc/app/Views/menu.php(60): CodeIgniter\Debug\Exceptions->errorHandler(2, 'Undefined varia...', '/Applications/M...', 60)
#1 /Applications/MAMP/htdocs/uabc/system/View/View.php(214): include('/Applications/M...')
#2 /Applications/MAMP/htdocs/uabc/system/View/View.php(217): CodeIgniter\View\View->CodeIgniter\View\{closure}()
#3 /Applications/MAMP/htdocs/uabc/system/Common.php(1097): CodeIgniter\View\View->render('menu', Array, true)
#4 /Applications/MAMP/htdocs/uabc/app/Controllers/Torneos.php(22): view('menu')
#5 /Applications/MAMP/htdocs/uabc/system/CodeIgniter.php(824): App\Controllers\Torneos->torneo('2')
#6 /Applications/MAMP/htdocs/uabc/system/CodeIgniter.php(410): CodeIgniter\CodeIgniter->runController(Object(App\Controllers\Torneos))
#7 /Applications/MAMP/htdocs/uabc/system/CodeIgniter.php(318): CodeIgniter\CodeIgniter->handleRequest(NULL, Object(Config\Cache), false)
#8 /Applications/MAMP/htdocs/uabc/public/index.php(37): CodeIgniter\CodeIgniter->run()
#9 {main}
CRITICAL - 2022-02-24 11:50:32 --> Undefined variable $tipoUsuario
#0 /Applications/MAMP/htdocs/uabc/app/Views/menu.php(60): CodeIgniter\Debug\Exceptions->errorHandler(2, 'Undefined varia...', '/Applications/M...', 60)
#1 /Applications/MAMP/htdocs/uabc/system/View/View.php(214): include('/Applications/M...')
#2 /Applications/MAMP/htdocs/uabc/system/View/View.php(217): CodeIgniter\View\View->CodeIgniter\View\{closure}()
#3 /Applications/MAMP/htdocs/uabc/system/Common.php(1097): CodeIgniter\View\View->render('menu', Array, true)
#4 /Applications/MAMP/htdocs/uabc/app/Controllers/Torneos.php(22): view('menu')
#5 /Applications/MAMP/htdocs/uabc/system/CodeIgniter.php(824): App\Controllers\Torneos->torneo('6')
#6 /Applications/MAMP/htdocs/uabc/system/CodeIgniter.php(410): CodeIgniter\CodeIgniter->runController(Object(App\Controllers\Torneos))
#7 /Applications/MAMP/htdocs/uabc/system/CodeIgniter.php(318): CodeIgniter\CodeIgniter->handleRequest(NULL, Object(Config\Cache), false)
#8 /Applications/MAMP/htdocs/uabc/public/index.php(37): CodeIgniter\CodeIgniter->run()
#9 {main}
