CRITICAL - 2021-12-11 15:22:52 --> Undefined array key "meses"
#0 /opt/lampp/htdocs/mona_fitness/app/Models/ClientesModel.php(129): CodeIgniter\Debug\Exceptions->errorHandler(2, 'Undefined array...', '/opt/lampp/htdo...', 129)
#1 /opt/lampp/htdocs/mona_fitness/app/Controllers/Client.php(104): App\Models\ClientesModel->actualizaMembresia(Array)
#2 /opt/lampp/htdocs/mona_fitness/system/CodeIgniter.php(824): App\Controllers\Client->actualizaMembresia()
#3 /opt/lampp/htdocs/mona_fitness/system/CodeIgniter.php(410): CodeIgniter\CodeIgniter->runController(Object(App\Controllers\Client))
#4 /opt/lampp/htdocs/mona_fitness/system/CodeIgniter.php(318): CodeIgniter\CodeIgniter->handleRequest(NULL, Object(Config\Cache), false)
#5 /opt/lampp/htdocs/mona_fitness/public/index.php(37): CodeIgniter\CodeIgniter->run()
#6 {main}
CRITICAL - 2021-12-11 15:24:20 --> Undefined array key "meses"
#0 /opt/lampp/htdocs/mona_fitness/app/Models/ClientesModel.php(129): CodeIgniter\Debug\Exceptions->errorHandler(2, 'Undefined array...', '/opt/lampp/htdo...', 129)
#1 /opt/lampp/htdocs/mona_fitness/app/Controllers/Client.php(104): App\Models\ClientesModel->actualizaMembresia(Array)
#2 /opt/lampp/htdocs/mona_fitness/system/CodeIgniter.php(824): App\Controllers\Client->actualizaMembresia()
#3 /opt/lampp/htdocs/mona_fitness/system/CodeIgniter.php(410): CodeIgniter\CodeIgniter->runController(Object(App\Controllers\Client))
#4 /opt/lampp/htdocs/mona_fitness/system/CodeIgniter.php(318): CodeIgniter\CodeIgniter->handleRequest(NULL, Object(Config\Cache), false)
#5 /opt/lampp/htdocs/mona_fitness/public/index.php(37): CodeIgniter\CodeIgniter->run()
#6 {main}
ERROR - 2021-12-11 15:25:52 --> Unknown column 'lastUpdate' in 'field list'
ERROR - 2021-12-11 15:26:41 --> Unknown column 'lastUpdate' in 'field list'
ERROR - 2021-12-11 15:28:22 --> Unknown column 'lastUpdate' in 'field list'
ERROR - 2021-12-11 15:29:36 --> Unknown column 'lastUpdate' in 'field list'
CRITICAL - 2021-12-11 15:40:07 --> Undefined array key "idCliente"
#0 /opt/lampp/htdocs/mona_fitness/app/Models/ClientesModel.php(145): CodeIgniter\Debug\Exceptions->errorHandler(2, 'Undefined array...', '/opt/lampp/htdo...', 145)
#1 /opt/lampp/htdocs/mona_fitness/app/Controllers/Client.php(105): App\Models\ClientesModel->actualizaMembresia(Array)
#2 /opt/lampp/htdocs/mona_fitness/system/CodeIgniter.php(824): App\Controllers\Client->actualizaMembresia()
#3 /opt/lampp/htdocs/mona_fitness/system/CodeIgniter.php(410): CodeIgniter\CodeIgniter->runController(Object(App\Controllers\Client))
#4 /opt/lampp/htdocs/mona_fitness/system/CodeIgniter.php(318): CodeIgniter\CodeIgniter->handleRequest(NULL, Object(Config\Cache), false)
#5 /opt/lampp/htdocs/mona_fitness/public/index.php(37): CodeIgniter\CodeIgniter->run()
#6 {main}
CRITICAL - 2021-12-11 15:41:47 --> Undefined array key "idCliente"
#0 /opt/lampp/htdocs/mona_fitness/app/Models/ClientesModel.php(145): CodeIgniter\Debug\Exceptions->errorHandler(2, 'Undefined array...', '/opt/lampp/htdo...', 145)
#1 /opt/lampp/htdocs/mona_fitness/app/Controllers/Client.php(105): App\Models\ClientesModel->actualizaMembresia(Array)
#2 /opt/lampp/htdocs/mona_fitness/system/CodeIgniter.php(824): App\Controllers\Client->actualizaMembresia()
#3 /opt/lampp/htdocs/mona_fitness/system/CodeIgniter.php(410): CodeIgniter\CodeIgniter->runController(Object(App\Controllers\Client))
#4 /opt/lampp/htdocs/mona_fitness/system/CodeIgniter.php(318): CodeIgniter\CodeIgniter->handleRequest(NULL, Object(Config\Cache), false)
#5 /opt/lampp/htdocs/mona_fitness/public/index.php(37): CodeIgniter\CodeIgniter->run()
#6 {main}
ERROR - 2021-12-11 15:43:37 --> Duplicate entry '47-34' for key 'PRIMARY'
