CRITICAL - 2022-04-07 20:22:51 --> Undefined array key 0
#0 /Applications/MAMP/htdocs/uabc/app/Models/CatalogoModel.php(89): CodeIgniter\Debug\Exceptions->errorHandler(2, 'Undefined array...', '/Applications/M...', 89)
#1 /Applications/MAMP/htdocs/uabc/app/Controllers/Home.php(429): App\Models\CatalogoModel->getEquiposTorneo('10', 'todos')
#2 /Applications/MAMP/htdocs/uabc/system/CodeIgniter.php(824): App\Controllers\Home->getTournamentTeams('10', 'todos')
#3 /Applications/MAMP/htdocs/uabc/system/CodeIgniter.php(410): CodeIgniter\CodeIgniter->runController(Object(App\Controllers\Home))
#4 /Applications/MAMP/htdocs/uabc/system/CodeIgniter.php(318): CodeIgniter\CodeIgniter->handleRequest(NULL, Object(Config\Cache), false)
#5 /Applications/MAMP/htdocs/uabc/public/index.php(37): CodeIgniter\CodeIgniter->run()
#6 {main}
CRITICAL - 2022-04-07 20:23:26 --> Undefined array key 0
#0 /Applications/MAMP/htdocs/uabc/app/Models/CatalogoModel.php(89): CodeIgniter\Debug\Exceptions->errorHandler(2, 'Undefined array...', '/Applications/M...', 89)
#1 /Applications/MAMP/htdocs/uabc/app/Controllers/Home.php(429): App\Models\CatalogoModel->getEquiposTorneo('10', 'todos')
#2 /Applications/MAMP/htdocs/uabc/system/CodeIgniter.php(824): App\Controllers\Home->getTournamentTeams('10', 'todos')
#3 /Applications/MAMP/htdocs/uabc/system/CodeIgniter.php(410): CodeIgniter\CodeIgniter->runController(Object(App\Controllers\Home))
#4 /Applications/MAMP/htdocs/uabc/system/CodeIgniter.php(318): CodeIgniter\CodeIgniter->handleRequest(NULL, Object(Config\Cache), false)
#5 /Applications/MAMP/htdocs/uabc/public/index.php(37): CodeIgniter\CodeIgniter->run()
#6 {main}
CRITICAL - 2022-04-07 20:25:38 --> Undefined array key 0
#0 /Applications/MAMP/htdocs/uabc/app/Models/CatalogoModel.php(89): CodeIgniter\Debug\Exceptions->errorHandler(2, 'Undefined array...', '/Applications/M...', 89)
#1 /Applications/MAMP/htdocs/uabc/app/Controllers/Home.php(429): App\Models\CatalogoModel->getEquiposTorneo('10', 'todos')
#2 /Applications/MAMP/htdocs/uabc/system/CodeIgniter.php(824): App\Controllers\Home->getTournamentTeams('10', 'todos')
#3 /Applications/MAMP/htdocs/uabc/system/CodeIgniter.php(410): CodeIgniter\CodeIgniter->runController(Object(App\Controllers\Home))
#4 /Applications/MAMP/htdocs/uabc/system/CodeIgniter.php(318): CodeIgniter\CodeIgniter->handleRequest(NULL, Object(Config\Cache), false)
#5 /Applications/MAMP/htdocs/uabc/public/index.php(37): CodeIgniter\CodeIgniter->run()
#6 {main}
