CRITICAL - 2021-12-08 21:18:28 --> Unsupported operand types: string + string
#0 /opt/lampp/htdocs/mona_fitness/app/Controllers/Client.php(85): App\Models\ClientesModel->getPhotoCliente(NULL)
#1 /opt/lampp/htdocs/mona_fitness/system/CodeIgniter.php(824): App\Controllers\Client->getPhotoClient()
#2 /opt/lampp/htdocs/mona_fitness/system/CodeIgniter.php(410): CodeIgniter\CodeIgniter->runController(Object(App\Controllers\Client))
#3 /opt/lampp/htdocs/mona_fitness/system/CodeIgniter.php(318): CodeIgniter\CodeIgniter->handleRequest(NULL, Object(Config\Cache), false)
#4 /opt/lampp/htdocs/mona_fitness/public/index.php(37): CodeIgniter\CodeIgniter->run()
#5 {main}
CRITICAL - 2021-12-08 21:19:20 --> Unsupported operand types: string + string
#0 /opt/lampp/htdocs/mona_fitness/app/Controllers/Client.php(85): App\Models\ClientesModel->getPhotoCliente(47)
#1 /opt/lampp/htdocs/mona_fitness/system/CodeIgniter.php(824): App\Controllers\Client->getPhotoClient()
#2 /opt/lampp/htdocs/mona_fitness/system/CodeIgniter.php(410): CodeIgniter\CodeIgniter->runController(Object(App\Controllers\Client))
#3 /opt/lampp/htdocs/mona_fitness/system/CodeIgniter.php(318): CodeIgniter\CodeIgniter->handleRequest(NULL, Object(Config\Cache), false)
#4 /opt/lampp/htdocs/mona_fitness/public/index.php(37): CodeIgniter\CodeIgniter->run()
#5 {main}
CRITICAL - 2021-12-08 21:23:06 --> Unsupported operand types: string + string
#0 /opt/lampp/htdocs/mona_fitness/app/Controllers/Client.php(85): App\Models\ClientesModel->getPhotoCliente(47)
#1 /opt/lampp/htdocs/mona_fitness/system/CodeIgniter.php(824): App\Controllers\Client->getPhotoClient()
#2 /opt/lampp/htdocs/mona_fitness/system/CodeIgniter.php(410): CodeIgniter\CodeIgniter->runController(Object(App\Controllers\Client))
#3 /opt/lampp/htdocs/mona_fitness/system/CodeIgniter.php(318): CodeIgniter\CodeIgniter->handleRequest(NULL, Object(Config\Cache), false)
#4 /opt/lampp/htdocs/mona_fitness/public/index.php(37): CodeIgniter\CodeIgniter->run()
#5 {main}
CRITICAL - 2021-12-08 21:23:25 --> Unsupported operand types: string + string
#0 /opt/lampp/htdocs/mona_fitness/app/Controllers/Client.php(85): App\Models\ClientesModel->getPhotoCliente(47)
#1 /opt/lampp/htdocs/mona_fitness/system/CodeIgniter.php(824): App\Controllers\Client->getPhotoClient()
#2 /opt/lampp/htdocs/mona_fitness/system/CodeIgniter.php(410): CodeIgniter\CodeIgniter->runController(Object(App\Controllers\Client))
#3 /opt/lampp/htdocs/mona_fitness/system/CodeIgniter.php(318): CodeIgniter\CodeIgniter->handleRequest(NULL, Object(Config\Cache), false)
#4 /opt/lampp/htdocs/mona_fitness/public/index.php(37): CodeIgniter\CodeIgniter->run()
#5 {main}
CRITICAL - 2021-12-08 21:24:15 --> syntax error, unexpected token "}", expecting ";"
#0 /opt/lampp/htdocs/mona_fitness/system/Autoloader/Autoloader.php(241): CodeIgniter\Autoloader\Autoloader->includeFile('/opt/lampp/htdo...')
#1 /opt/lampp/htdocs/mona_fitness/system/Autoloader/Autoloader.php(219): CodeIgniter\Autoloader\Autoloader->loadInNamespace('App\\Models\\Clie...')
#2 /opt/lampp/htdocs/mona_fitness/app/Controllers/Client.php(66): CodeIgniter\Autoloader\Autoloader->loadClass('App\\Models\\Clie...')
#3 /opt/lampp/htdocs/mona_fitness/system/CodeIgniter.php(824): App\Controllers\Client->getAllClientes()
#4 /opt/lampp/htdocs/mona_fitness/system/CodeIgniter.php(410): CodeIgniter\CodeIgniter->runController(Object(App\Controllers\Client))
#5 /opt/lampp/htdocs/mona_fitness/system/CodeIgniter.php(318): CodeIgniter\CodeIgniter->handleRequest(NULL, Object(Config\Cache), false)
#6 /opt/lampp/htdocs/mona_fitness/public/index.php(37): CodeIgniter\CodeIgniter->run()
#7 {main}
CRITICAL - 2021-12-08 21:24:43 --> Cannot use object of type stdClass as array
#0 /opt/lampp/htdocs/mona_fitness/app/Controllers/Client.php(85): App\Models\ClientesModel->getPhotoCliente(53)
#1 /opt/lampp/htdocs/mona_fitness/system/CodeIgniter.php(824): App\Controllers\Client->getPhotoClient()
#2 /opt/lampp/htdocs/mona_fitness/system/CodeIgniter.php(410): CodeIgniter\CodeIgniter->runController(Object(App\Controllers\Client))
#3 /opt/lampp/htdocs/mona_fitness/system/CodeIgniter.php(318): CodeIgniter\CodeIgniter->handleRequest(NULL, Object(Config\Cache), false)
#4 /opt/lampp/htdocs/mona_fitness/public/index.php(37): CodeIgniter\CodeIgniter->run()
#5 {main}
ERROR - 2021-12-08 21:25:58 --> Unknown column 'foto.fullName' in 'field list'
ERROR - 2021-12-08 21:26:11 --> Unknown column 'foto.fullName' in 'field list'
CRITICAL - 2021-12-08 21:31:50 --> syntax error, unexpected token "}"
#0 /opt/lampp/htdocs/mona_fitness/system/Autoloader/Autoloader.php(241): CodeIgniter\Autoloader\Autoloader->includeFile('/opt/lampp/htdo...')
#1 /opt/lampp/htdocs/mona_fitness/system/Autoloader/Autoloader.php(219): CodeIgniter\Autoloader\Autoloader->loadInNamespace('App\\Models\\Clie...')
#2 /opt/lampp/htdocs/mona_fitness/app/Controllers/Client.php(66): CodeIgniter\Autoloader\Autoloader->loadClass('App\\Models\\Clie...')
#3 /opt/lampp/htdocs/mona_fitness/system/CodeIgniter.php(824): App\Controllers\Client->getAllClientes()
#4 /opt/lampp/htdocs/mona_fitness/system/CodeIgniter.php(410): CodeIgniter\CodeIgniter->runController(Object(App\Controllers\Client))
#5 /opt/lampp/htdocs/mona_fitness/system/CodeIgniter.php(318): CodeIgniter\CodeIgniter->handleRequest(NULL, Object(Config\Cache), false)
#6 /opt/lampp/htdocs/mona_fitness/public/index.php(37): CodeIgniter\CodeIgniter->run()
#7 {main}
CRITICAL - 2021-12-08 21:32:08 --> Unsupported operand types: string + string
#0 /opt/lampp/htdocs/mona_fitness/app/Controllers/Client.php(85): App\Models\ClientesModel->getPhotoCliente(53)
#1 /opt/lampp/htdocs/mona_fitness/system/CodeIgniter.php(824): App\Controllers\Client->getPhotoClient()
#2 /opt/lampp/htdocs/mona_fitness/system/CodeIgniter.php(410): CodeIgniter\CodeIgniter->runController(Object(App\Controllers\Client))
#3 /opt/lampp/htdocs/mona_fitness/system/CodeIgniter.php(318): CodeIgniter\CodeIgniter->handleRequest(NULL, Object(Config\Cache), false)
#4 /opt/lampp/htdocs/mona_fitness/public/index.php(37): CodeIgniter\CodeIgniter->run()
#5 {main}
CRITICAL - 2021-12-08 21:32:25 --> Unsupported operand types: string + string
#0 /opt/lampp/htdocs/mona_fitness/app/Controllers/Client.php(85): App\Models\ClientesModel->getPhotoCliente(53)
#1 /opt/lampp/htdocs/mona_fitness/system/CodeIgniter.php(824): App\Controllers\Client->getPhotoClient()
#2 /opt/lampp/htdocs/mona_fitness/system/CodeIgniter.php(410): CodeIgniter\CodeIgniter->runController(Object(App\Controllers\Client))
#3 /opt/lampp/htdocs/mona_fitness/system/CodeIgniter.php(318): CodeIgniter\CodeIgniter->handleRequest(NULL, Object(Config\Cache), false)
#4 /opt/lampp/htdocs/mona_fitness/public/index.php(37): CodeIgniter\CodeIgniter->run()
#5 {main}
