ERROR - 2022-01-10 21:53:13 --> You have an error in your SQL syntax; check the manual that corresponds to your MariaDB server version for the right syntax to use near 'FROM `Trainer`
JOIN `User` ON `User`.`idUser` = `Trainer`.`idUser`' at line 2
CRITICAL - 2022-01-10 21:53:13 --> Call to a member function getResult() on bool
#0 /opt/lampp/htdocs/mona_fitness/app/Controllers/Trainer.php(27): App\Models\TrainerModel->getAllTrainers(0)
#1 /opt/lampp/htdocs/mona_fitness/system/CodeIgniter.php(824): App\Controllers\Trainer->getAllTrainers('0')
#2 /opt/lampp/htdocs/mona_fitness/system/CodeIgniter.php(410): CodeIgniter\CodeIgniter->runController(Object(App\Controllers\Trainer))
#3 /opt/lampp/htdocs/mona_fitness/system/CodeIgniter.php(318): CodeIgniter\CodeIgniter->handleRequest(NULL, Object(Config\Cache), false)
#4 /opt/lampp/htdocs/mona_fitness/public/index.php(37): CodeIgniter\CodeIgniter->run()
#5 {main}
ERROR - 2022-01-10 21:55:49 --> Unknown column 'phone' in 'field list'
CRITICAL - 2022-01-10 21:55:49 --> Call to a member function getResult() on bool
#0 /opt/lampp/htdocs/mona_fitness/app/Controllers/Trainer.php(27): App\Models\TrainerModel->getAllTrainers(0)
#1 /opt/lampp/htdocs/mona_fitness/system/CodeIgniter.php(824): App\Controllers\Trainer->getAllTrainers('0')
#2 /opt/lampp/htdocs/mona_fitness/system/CodeIgniter.php(410): CodeIgniter\CodeIgniter->runController(Object(App\Controllers\Trainer))
#3 /opt/lampp/htdocs/mona_fitness/system/CodeIgniter.php(318): CodeIgniter\CodeIgniter->handleRequest(NULL, Object(Config\Cache), false)
#4 /opt/lampp/htdocs/mona_fitness/public/index.php(37): CodeIgniter\CodeIgniter->run()
#5 {main}
CRITICAL - 2022-01-10 22:36:44 --> Cannot use object of type stdClass as array
#0 /opt/lampp/htdocs/mona_fitness/app/Controllers/Trainer.php(37): App\Models\TrainerModel->addTrainer(Object(stdClass))
#1 /opt/lampp/htdocs/mona_fitness/system/CodeIgniter.php(824): App\Controllers\Trainer->agregarTrainer()
#2 /opt/lampp/htdocs/mona_fitness/system/CodeIgniter.php(410): CodeIgniter\CodeIgniter->runController(Object(App\Controllers\Trainer))
#3 /opt/lampp/htdocs/mona_fitness/system/CodeIgniter.php(318): CodeIgniter\CodeIgniter->handleRequest(NULL, Object(Config\Cache), false)
#4 /opt/lampp/htdocs/mona_fitness/public/index.php(37): CodeIgniter\CodeIgniter->run()
#5 {main}
CRITICAL - 2022-01-10 22:37:38 --> Cannot use object of type stdClass as array
#0 /opt/lampp/htdocs/mona_fitness/app/Controllers/Trainer.php(37): App\Models\TrainerModel->addTrainer(Object(stdClass))
#1 /opt/lampp/htdocs/mona_fitness/system/CodeIgniter.php(824): App\Controllers\Trainer->agregarTrainer()
#2 /opt/lampp/htdocs/mona_fitness/system/CodeIgniter.php(410): CodeIgniter\CodeIgniter->runController(Object(App\Controllers\Trainer))
#3 /opt/lampp/htdocs/mona_fitness/system/CodeIgniter.php(318): CodeIgniter\CodeIgniter->handleRequest(NULL, Object(Config\Cache), false)
#4 /opt/lampp/htdocs/mona_fitness/public/index.php(37): CodeIgniter\CodeIgniter->run()
#5 {main}
CRITICAL - 2022-01-10 22:40:43 --> Cannot use object of type stdClass as array
#0 /opt/lampp/htdocs/mona_fitness/app/Controllers/Trainer.php(37): App\Models\TrainerModel->addTrainer(Object(stdClass))
#1 /opt/lampp/htdocs/mona_fitness/system/CodeIgniter.php(824): App\Controllers\Trainer->agregarTrainer()
#2 /opt/lampp/htdocs/mona_fitness/system/CodeIgniter.php(410): CodeIgniter\CodeIgniter->runController(Object(App\Controllers\Trainer))
#3 /opt/lampp/htdocs/mona_fitness/system/CodeIgniter.php(318): CodeIgniter\CodeIgniter->handleRequest(NULL, Object(Config\Cache), false)
#4 /opt/lampp/htdocs/mona_fitness/public/index.php(37): CodeIgniter\CodeIgniter->run()
#5 {main}
CRITICAL - 2022-01-10 22:41:00 --> Cannot use object of type stdClass as array
#0 /opt/lampp/htdocs/mona_fitness/app/Controllers/Trainer.php(37): App\Models\TrainerModel->addTrainer(Object(stdClass))
#1 /opt/lampp/htdocs/mona_fitness/system/CodeIgniter.php(824): App\Controllers\Trainer->agregarTrainer()
#2 /opt/lampp/htdocs/mona_fitness/system/CodeIgniter.php(410): CodeIgniter\CodeIgniter->runController(Object(App\Controllers\Trainer))
#3 /opt/lampp/htdocs/mona_fitness/system/CodeIgniter.php(318): CodeIgniter\CodeIgniter->handleRequest(NULL, Object(Config\Cache), false)
#4 /opt/lampp/htdocs/mona_fitness/public/index.php(37): CodeIgniter\CodeIgniter->run()
#5 {main}
ERROR - 2022-01-10 23:07:03 --> Unknown column 'Trainer.idUser' in 'on clause'
CRITICAL - 2022-01-10 23:07:03 --> Call to a member function getResult() on bool
#0 /opt/lampp/htdocs/mona_fitness/app/Controllers/Trainer.php(27): App\Models\TrainerModel->getAllTrainers(0)
#1 /opt/lampp/htdocs/mona_fitness/system/CodeIgniter.php(824): App\Controllers\Trainer->getAllTrainers('0')
#2 /opt/lampp/htdocs/mona_fitness/system/CodeIgniter.php(410): CodeIgniter\CodeIgniter->runController(Object(App\Controllers\Trainer))
#3 /opt/lampp/htdocs/mona_fitness/system/CodeIgniter.php(318): CodeIgniter\CodeIgniter->handleRequest(NULL, Object(Config\Cache), false)
#4 /opt/lampp/htdocs/mona_fitness/public/index.php(37): CodeIgniter\CodeIgniter->run()
#5 {main}
