CRITICAL - 2021-12-13 20:29:35 --> Undefined variable $clientes
#0 /opt/lampp/htdocs/mona_fitness/app/Views/membresias.php(270): CodeIgniter\Debug\Exceptions->errorHandler(2, 'Undefined varia...', '/opt/lampp/htdo...', 270)
#1 /opt/lampp/htdocs/mona_fitness/system/View/View.php(214): include('/opt/lampp/htdo...')
#2 /opt/lampp/htdocs/mona_fitness/system/View/View.php(217): CodeIgniter\View\View->CodeIgniter\View\{closure}()
#3 /opt/lampp/htdocs/mona_fitness/system/Common.php(1097): CodeIgniter\View\View->render('membresias', Array, true)
#4 /opt/lampp/htdocs/mona_fitness/app/Controllers/Home.php(14): view('membresias')
#5 /opt/lampp/htdocs/mona_fitness/system/CodeIgniter.php(824): App\Controllers\Home->index()
#6 /opt/lampp/htdocs/mona_fitness/system/CodeIgniter.php(410): CodeIgniter\CodeIgniter->runController(Object(App\Controllers\Home))
#7 /opt/lampp/htdocs/mona_fitness/system/CodeIgniter.php(318): CodeIgniter\CodeIgniter->handleRequest(NULL, Object(Config\Cache), false)
#8 /opt/lampp/htdocs/mona_fitness/public/index.php(37): CodeIgniter\CodeIgniter->run()
#9 {main}
CRITICAL - 2021-12-13 20:29:46 --> Undefined variable $clientes
#0 /opt/lampp/htdocs/mona_fitness/app/Views/membresias.php(270): CodeIgniter\Debug\Exceptions->errorHandler(2, 'Undefined varia...', '/opt/lampp/htdo...', 270)
#1 /opt/lampp/htdocs/mona_fitness/system/View/View.php(214): include('/opt/lampp/htdo...')
#2 /opt/lampp/htdocs/mona_fitness/system/View/View.php(217): CodeIgniter\View\View->CodeIgniter\View\{closure}()
#3 /opt/lampp/htdocs/mona_fitness/system/Common.php(1097): CodeIgniter\View\View->render('membresias', Array, true)
#4 /opt/lampp/htdocs/mona_fitness/app/Controllers/Home.php(14): view('membresias')
#5 /opt/lampp/htdocs/mona_fitness/system/CodeIgniter.php(824): App\Controllers\Home->index()
#6 /opt/lampp/htdocs/mona_fitness/system/CodeIgniter.php(410): CodeIgniter\CodeIgniter->runController(Object(App\Controllers\Home))
#7 /opt/lampp/htdocs/mona_fitness/system/CodeIgniter.php(318): CodeIgniter\CodeIgniter->handleRequest(NULL, Object(Config\Cache), false)
#8 /opt/lampp/htdocs/mona_fitness/public/index.php(37): CodeIgniter\CodeIgniter->run()
#9 {main}
CRITICAL - 2021-12-13 20:29:51 --> Undefined variable $clientes
#0 /opt/lampp/htdocs/mona_fitness/app/Views/membresias.php(270): CodeIgniter\Debug\Exceptions->errorHandler(2, 'Undefined varia...', '/opt/lampp/htdo...', 270)
#1 /opt/lampp/htdocs/mona_fitness/system/View/View.php(214): include('/opt/lampp/htdo...')
#2 /opt/lampp/htdocs/mona_fitness/system/View/View.php(217): CodeIgniter\View\View->CodeIgniter\View\{closure}()
#3 /opt/lampp/htdocs/mona_fitness/system/Common.php(1097): CodeIgniter\View\View->render('membresias', Array, true)
#4 /opt/lampp/htdocs/mona_fitness/app/Controllers/Home.php(14): view('membresias')
#5 /opt/lampp/htdocs/mona_fitness/system/CodeIgniter.php(824): App\Controllers\Home->index()
#6 /opt/lampp/htdocs/mona_fitness/system/CodeIgniter.php(410): CodeIgniter\CodeIgniter->runController(Object(App\Controllers\Home))
#7 /opt/lampp/htdocs/mona_fitness/system/CodeIgniter.php(318): CodeIgniter\CodeIgniter->handleRequest(NULL, Object(Config\Cache), false)
#8 /opt/lampp/htdocs/mona_fitness/public/index.php(37): CodeIgniter\CodeIgniter->run()
#9 {main}
CRITICAL - 2021-12-13 20:51:08 --> You must set the database table to be used with your query.
#0 /opt/lampp/htdocs/mona_fitness/system/Model.php(545): CodeIgniter\Database\BaseConnection->table(NULL)
#1 /opt/lampp/htdocs/mona_fitness/system/Model.php(717): CodeIgniter\Model->builder()
#2 /opt/lampp/htdocs/mona_fitness/app/Controllers/Plans.php(19): CodeIgniter\Model->__call('getPlans', Array)
#3 /opt/lampp/htdocs/mona_fitness/system/CodeIgniter.php(824): App\Controllers\Plans->getPlans()
#4 /opt/lampp/htdocs/mona_fitness/system/CodeIgniter.php(410): CodeIgniter\CodeIgniter->runController(Object(App\Controllers\Plans))
#5 /opt/lampp/htdocs/mona_fitness/system/CodeIgniter.php(318): CodeIgniter\CodeIgniter->handleRequest(NULL, Object(Config\Cache), false)
#6 /opt/lampp/htdocs/mona_fitness/public/index.php(37): CodeIgniter\CodeIgniter->run()
#7 {main}
